#
# There is insufficient memory for the Java Runtime Environment to continue.
# Native memory allocation (malloc) failed to allocate 1597616 bytes for Chunk::new
# Possible reasons:
#   The system is out of physical RAM or swap space
#   The process is running with CompressedOops enabled, and the Java Heap may be blocking the growth of the native heap
# Possible solutions:
#   Reduce memory load on the system
#   Increase physical memory or swap space
#   Check if swap backing store is full
#   Decrease Java heap size (-Xmx/-Xms)
#   Decrease number of Java threads
#   Decrease Java thread stack sizes (-Xss)
#   Set larger code cache with -XX:ReservedCodeCacheSize=
#   JVM is running with Unscaled Compressed Oops mode in which the Java heap is
#     placed in the first 4GB address space. The Java Heap base address is the
#     maximum limit for the native heap growth. Please use -XX:HeapBaseMinAddress
#     to set the Java Heap base and to place the Java Heap above 4GB virtual address.
# This output file may be truncated or incomplete.
#
#  Out of Memory Error (./src/hotspot/share/memory/arena.cpp:197), pid=8716, tid=2968
#
# JRE version: OpenJDK Runtime Environment (11.0.10) (build 11.0.10+0-b96-7249189)
# Java VM: OpenJDK 64-Bit Server VM (11.0.10+0-b96-7249189, mixed mode, tiered, compressed oops, g1 gc, windows-amd64)
# No core dump will be written. Minidumps are not enabled by default on client versions of Windows
#

---------------  S U M M A R Y ------------

Command Line: --add-opens=java.base/java.util=ALL-UNNAMED --add-opens=java.base/java.lang=ALL-UNNAMED --add-opens=java.base/java.lang.invoke=ALL-UNNAMED --add-opens=java.base/java.util=ALL-UNNAMED --add-opens=java.prefs/java.util.prefs=ALL-UNNAMED --add-opens=java.prefs/java.util.prefs=ALL-UNNAMED --add-opens=java.base/java.nio.charset=ALL-UNNAMED --add-opens=java.base/java.net=ALL-UNNAMED --add-opens=java.base/java.util.concurrent.atomic=ALL-UNNAMED -Xmx2048m -Dfile.encoding=UTF-8 -Duser.country=US -Duser.language=en -Duser.variant org.gradle.launcher.daemon.bootstrap.GradleDaemon 7.0.2

Host: Intel(R) Core(TM) i5-1035G1 CPU @ 1.00GHz, 8 cores, 7G,  Windows 10 , 64 bit Build 19041 (10.0.19041.3155)
Time: Sat Sep  2 14:38:48 2023 Malay Peninsula Standard Time elapsed time: 558.425764 seconds (0d 0h 9m 18s)

---------------  T H R E A D  ---------------

Current thread (0x000002229c8a0800):  JavaThread "C2 CompilerThread1" daemon [_thread_in_native, id=2968, stack(0x0000003749600000,0x0000003749700000)]


Current CompileTask:
C2: 558426 19384       4       org.gradle.internal.component.model.ComponentAttributeMatcher::match (259 bytes)

Stack: [0x0000003749600000,0x0000003749700000]
Native frames: (J=compiled Java code, j=interpreted, Vv=VM code, C=native code)
V  [jvm.dll+0x5ecfaa]
V  [jvm.dll+0x722bd5]
V  [jvm.dll+0x72412d]
V  [jvm.dll+0x7247e3]
V  [jvm.dll+0x242928]
V  [jvm.dll+0xbc4fc]
V  [jvm.dll+0xbca0c]
V  [jvm.dll+0x352d3b]
V  [jvm.dll+0x320ad3]
V  [jvm.dll+0x31ffca]
V  [jvm.dll+0x1fb602]
V  [jvm.dll+0x1fa7f4]
V  [jvm.dll+0x18354c]
V  [jvm.dll+0x208ee7]
V  [jvm.dll+0x207731]
V  [jvm.dll+0x6eb1cf]
V  [jvm.dll+0x6e3d45]
V  [jvm.dll+0x5ebe96]
C  [ucrtbase.dll+0x21bb2]
C  [KERNEL32.DLL+0x17614]
C  [ntdll.dll+0x526b1]


---------------  P R O C E S S  ---------------

Threads class SMR info:
_java_thread_list=0x000002229bcf3600, length=65, elements={
0x00000222fea6b800, 0x0000022298f03800, 0x0000022298f0f000, 0x0000022298f1b800,
0x0000022298f1e000, 0x0000022298f1f800, 0x0000022298f2d000, 0x0000022298f2e000,
0x0000022298f2f000, 0x00000222999dc800, 0x000002229a9e1000, 0x0000022299c15000,
0x000002229a8f1000, 0x000002229c81e800, 0x000002229c81d800, 0x000002229c81d000,
0x000002229c820000, 0x000002229c81f800, 0x000002229f0be800, 0x000002229f0c2800,
0x000002229f0c1000, 0x000002229f0bf000, 0x000002229f0c7800, 0x000002229cd2f800,
0x000002229cd30800, 0x000002229cd2f000, 0x000002229cd33000, 0x000002229cd31000,
0x000002229cd34800, 0x000002229bfec000, 0x000002229bfe8000, 0x000002229bfea800,
0x000002229c81b800, 0x000002229c821000, 0x000002229c822000, 0x000002229c89a800,
0x000002229f0c5800, 0x000002229f0c3800, 0x000002229f0c6800, 0x000002229f0c8000,
0x000002229f0ca000, 0x000002229f0c4000, 0x000002229f0ca800, 0x000002229f0cb800,
0x000002229f0cc800, 0x000002229c89c800, 0x000002229c89e000, 0x000002229c89b800,
0x000002229c899000, 0x000002229c89e800, 0x000002229c89f800, 0x000002229c89a000,
0x000002229c8a1000, 0x000002229c8a6000, 0x000002229c8a2000, 0x000002229c8a0800,
0x000002229c8a5800, 0x000002229c8a4800, 0x000002229c8a3000, 0x000002229c8a7800,
0x000002229c8a3800, 0x000002229bfe0800, 0x000002229bfe1800, 0x000002229bfdf000,
0x000002229bfe3000
}

Java Threads: ( => current thread )
  0x00000222fea6b800 JavaThread "main" [_thread_blocked, id=5340, stack(0x0000003745e00000,0x0000003745f00000)]
  0x0000022298f03800 JavaThread "Reference Handler" daemon [_thread_blocked, id=9804, stack(0x0000003746500000,0x0000003746600000)]
  0x0000022298f0f000 JavaThread "Finalizer" daemon [_thread_blocked, id=3408, stack(0x0000003746600000,0x0000003746700000)]
  0x0000022298f1b800 JavaThread "Signal Dispatcher" daemon [_thread_blocked, id=11168, stack(0x0000003746700000,0x0000003746800000)]
  0x0000022298f1e000 JavaThread "Attach Listener" daemon [_thread_blocked, id=3636, stack(0x0000003746800000,0x0000003746900000)]
  0x0000022298f1f800 JavaThread "Service Thread" daemon [_thread_blocked, id=6892, stack(0x0000003746900000,0x0000003746a00000)]
  0x0000022298f2d000 JavaThread "C2 CompilerThread0" daemon [_thread_in_native, id=9148, stack(0x0000003746a00000,0x0000003746b00000)]
  0x0000022298f2e000 JavaThread "C1 CompilerThread0" daemon [_thread_blocked, id=11036, stack(0x0000003746b00000,0x0000003746c00000)]
  0x0000022298f2f000 JavaThread "Sweeper thread" daemon [_thread_blocked, id=11108, stack(0x0000003746c00000,0x0000003746d00000)]
  0x00000222999dc800 JavaThread "Common-Cleaner" daemon [_thread_blocked, id=3212, stack(0x0000003746d00000,0x0000003746e00000)]
  0x000002229a9e1000 JavaThread "Daemon health stats" [_thread_blocked, id=7240, stack(0x0000003747300000,0x0000003747400000)]
  0x0000022299c15000 JavaThread "Incoming local TCP Connector on port 51664" [_thread_in_native, id=3088, stack(0x0000003746f00000,0x0000003747000000)]
  0x000002229a8f1000 JavaThread "Daemon periodic checks" [_thread_blocked, id=8700, stack(0x0000003747200000,0x0000003747300000)]
  0x000002229c81e800 JavaThread "Cache worker for file hash cache (C:\Users\Acer\.gradle\caches\7.0.2\fileHashes)" [_thread_blocked, id=704, stack(0x0000003747800000,0x0000003747900000)]
  0x000002229c81d800 JavaThread "File lock request listener" [_thread_in_native, id=2544, stack(0x0000003748100000,0x0000003748200000)]
  0x000002229c81d000 JavaThread "Cache worker for journal cache (C:\Users\Acer\.gradle\caches\journal-1)" [_thread_blocked, id=2404, stack(0x0000003748300000,0x0000003748400000)]
  0x000002229c820000 JavaThread "File watcher server" daemon [_thread_in_native, id=2324, stack(0x0000003748600000,0x0000003748700000)]
  0x000002229c81f800 JavaThread "File watcher consumer" daemon [_thread_blocked, id=5028, stack(0x0000003748700000,0x0000003748800000)]
  0x000002229f0be800 JavaThread "Cache worker for execution history cache (C:\Users\Acer\.gradle\caches\7.0.2\executionHistory)" [_thread_blocked, id=4092, stack(0x0000003748c00000,0x0000003748d00000)]
  0x000002229f0c2800 JavaThread "jar transforms" [_thread_blocked, id=9468, stack(0x0000003748d00000,0x0000003748e00000)]
  0x000002229f0c1000 JavaThread "jar transforms Thread 2" [_thread_blocked, id=9748, stack(0x0000003748e00000,0x0000003748f00000)]
  0x000002229f0bf000 JavaThread "Cache worker for file content cache (C:\Users\Acer\.gradle\caches\7.0.2\fileContent)" [_thread_blocked, id=8472, stack(0x0000003748f00000,0x0000003749000000)]
  0x000002229f0c7800 JavaThread "jar transforms Thread 3" [_thread_blocked, id=10380, stack(0x0000003749100000,0x0000003749200000)]
  0x000002229cd2f800 JavaThread "jar transforms Thread 4" [_thread_blocked, id=5784, stack(0x0000003749b00000,0x0000003749c00000)]
  0x000002229cd30800 JavaThread "jar transforms Thread 5" [_thread_blocked, id=6928, stack(0x0000003749c00000,0x0000003749d00000)]
  0x000002229cd2f000 JavaThread "jar transforms Thread 6" [_thread_blocked, id=6108, stack(0x0000003749d00000,0x0000003749e00000)]
  0x000002229cd33000 JavaThread "jar transforms Thread 7" [_thread_blocked, id=1896, stack(0x0000003749e00000,0x0000003749f00000)]
  0x000002229cd31000 JavaThread "jar transforms Thread 8" [_thread_blocked, id=6488, stack(0x0000003749f00000,0x000000374a000000)]
  0x000002229cd34800 JavaThread "Memory manager" [_thread_blocked, id=9044, stack(0x000000374a000000,0x000000374a100000)]
  0x000002229bfec000 JavaThread "Cache worker for Java compile cache (C:\Users\Acer\.gradle\caches\7.0.2\javaCompile)" [_thread_blocked, id=4920, stack(0x000000374ae00000,0x000000374af00000)]
  0x000002229bfe8000 JavaThread "ForkJoinPool.commonPool-worker-1" daemon [_thread_blocked, id=6168, stack(0x000000374b200000,0x000000374b300000)]
  0x000002229bfea800 JavaThread "ForkJoinPool.commonPool-worker-3" daemon [_thread_blocked, id=1852, stack(0x000000374b300000,0x000000374b400000)]
  0x000002229c81b800 JavaThread "ForkJoinPool.commonPool-worker-5" daemon [_thread_blocked, id=3912, stack(0x000000374b400000,0x000000374b500000)]
  0x000002229c821000 JavaThread "ForkJoinPool.commonPool-worker-7" daemon [_thread_blocked, id=4876, stack(0x000000374b500000,0x000000374b600000)]
  0x000002229c822000 JavaThread "Daemon Thread 3" [_thread_blocked, id=1516, stack(0x0000003745b00000,0x0000003745c00000)]
  0x000002229c89a800 JavaThread "Daemon worker Thread 3" [_thread_blocked, id=7088, stack(0x0000003747400000,0x0000003747500000)]
  0x000002229f0c5800 JavaThread "Handler for socket connection from /127.0.0.1:51664 to /127.0.0.1:52223" [_thread_in_native, id=10772, stack(0x0000003745c00000,0x0000003745d00000)]
  0x000002229f0c3800 JavaThread "Cancel handler" [_thread_blocked, id=7452, stack(0x0000003745d00000,0x0000003745e00000)]
  0x000002229f0c6800 JavaThread "Asynchronous log dispatcher for DefaultDaemonConnection: socket connection from /127.0.0.1:51664 to /127.0.0.1:52223" [_thread_blocked, id=10160, stack(0x0000003747500000,0x0000003747600000)]
  0x000002229f0c8000 JavaThread "Stdin handler" [_thread_blocked, id=6084, stack(0x0000003747600000,0x0000003747700000)]
  0x000002229f0ca000 JavaThread "Daemon client event forwarder" [_thread_blocked, id=9460, stack(0x0000003747700000,0x0000003747800000)]
  0x000002229f0c4000 JavaThread "Cache worker for file hash cache (C:\Users\Acer\Documents\GitHub\MADGroupAssignment\.gradle\7.0.2\fileHashes)" [_thread_blocked, id=8084, stack(0x0000003747900000,0x0000003747a00000)]
  0x000002229f0ca800 JavaThread "Cache worker for checksums cache (C:\Users\Acer\Documents\GitHub\MADGroupAssignment\.gradle\checksums)" [_thread_blocked, id=10196, stack(0x0000003747a00000,0x0000003747b00000)]
  0x000002229f0cb800 JavaThread "Cache worker for cache directory md-supplier (C:\Users\Acer\.gradle\caches\7.0.2\md-supplier)" [_thread_blocked, id=5808, stack(0x0000003747b00000,0x0000003747c00000)]
  0x000002229f0cc800 JavaThread "Cache worker for cache directory md-rule (C:\Users\Acer\.gradle\caches\7.0.2\md-rule)" [_thread_blocked, id=5460, stack(0x0000003748400000,0x0000003748500000)]
  0x000002229c89c800 JavaThread "Cache worker for dependencies-accessors (C:\Users\Acer\Documents\GitHub\MADGroupAssignment\.gradle\7.0.2\dependencies-accessors)" [_thread_blocked, id=1716, stack(0x0000003748500000,0x0000003748600000)]
  0x000002229c89e000 JavaThread "Cache worker for Build Output Cleanup Cache (C:\Users\Acer\Documents\GitHub\MADGroupAssignment\.gradle\buildOutputCleanup)" [_thread_blocked, id=10596, stack(0x0000003748800000,0x0000003748900000)]
  0x000002229c89b800 JavaThread "Build operations" [_thread_blocked, id=6176, stack(0x0000003748900000,0x0000003748a00000)]
  0x000002229c899000 JavaThread "Build operations Thread 2" [_thread_blocked, id=11116, stack(0x0000003748a00000,0x0000003748b00000)]
  0x000002229c89e800 JavaThread "Build operations Thread 3" [_thread_blocked, id=10256, stack(0x0000003748b00000,0x0000003748c00000)]
  0x000002229c89f800 JavaThread "Build operations Thread 4" [_thread_blocked, id=8648, stack(0x0000003749000000,0x0000003749100000)]
  0x000002229c89a000 JavaThread "Build operations Thread 5" [_thread_blocked, id=4672, stack(0x0000003749200000,0x0000003749300000)]
  0x000002229c8a1000 JavaThread "Build operations Thread 6" [_thread_blocked, id=2464, stack(0x0000003749300000,0x0000003749400000)]
  0x000002229c8a6000 JavaThread "Build operations Thread 7" [_thread_blocked, id=7956, stack(0x0000003749400000,0x0000003749500000)]
  0x000002229c8a2000 JavaThread "Build operations Thread 8" [_thread_blocked, id=8312, stack(0x0000003749500000,0x0000003749600000)]
=>0x000002229c8a0800 JavaThread "C2 CompilerThread1" daemon [_thread_in_native, id=2968, stack(0x0000003749600000,0x0000003749700000)]
  0x000002229c8a5800 JavaThread "build event listener" [_thread_blocked, id=3452, stack(0x0000003749700000,0x0000003749800000)]
  0x000002229c8a4800 JavaThread "Execution worker for ':'" [_thread_blocked, id=2344, stack(0x0000003749800000,0x0000003749900000)]
  0x000002229c8a3000 JavaThread "Execution worker for ':' Thread 2" [_thread_blocked, id=2864, stack(0x0000003749900000,0x0000003749a00000)]
  0x000002229c8a7800 JavaThread "Execution worker for ':' Thread 3" [_thread_in_Java, id=11100, stack(0x0000003749a00000,0x0000003749b00000)]
  0x000002229c8a3800 JavaThread "Execution worker for ':' Thread 4" [_thread_blocked, id=2996, stack(0x000000374a100000,0x000000374a200000)]
  0x000002229bfe0800 JavaThread "Execution worker for ':' Thread 5" [_thread_blocked, id=10924, stack(0x000000374a200000,0x000000374a300000)]
  0x000002229bfe1800 JavaThread "Execution worker for ':' Thread 6" [_thread_blocked, id=2060, stack(0x000000374a300000,0x000000374a400000)]
  0x000002229bfdf000 JavaThread "Execution worker for ':' Thread 7" [_thread_blocked, id=4676, stack(0x000000374a400000,0x000000374a500000)]
  0x000002229bfe3000 JavaThread "Cache worker for execution history cache (C:\Users\Acer\Documents\GitHub\MADGroupAssignment\.gradle\7.0.2\executionHistory)" [_thread_blocked, id=10872, stack(0x000000374a500000,0x000000374a600000)]

Other Threads:
  0x0000022298eff000 VMThread "VM Thread" [stack: 0x0000003746400000,0x0000003746500000] [id=6224]
  0x0000022299a17800 WatcherThread [stack: 0x0000003746e00000,0x0000003746f00000] [id=1968]
  0x00000222fea86000 GCTaskThread "GC Thread#0" [stack: 0x0000003745f00000,0x0000003746000000] [id=8872]
  0x000002229a4d1000 GCTaskThread "GC Thread#1" [stack: 0x0000003747000000,0x0000003747100000] [id=7212]
  0x000002229a5f0800 GCTaskThread "GC Thread#2" [stack: 0x0000003747100000,0x0000003747200000] [id=7396]
  0x000002229ba4e800 GCTaskThread "GC Thread#3" [stack: 0x0000003747c00000,0x0000003747d00000] [id=9064]
  0x000002229ba4d800 GCTaskThread "GC Thread#4" [stack: 0x0000003747d00000,0x0000003747e00000] [id=3336]
  0x000002229ba50800 GCTaskThread "GC Thread#5" [stack: 0x0000003747e00000,0x0000003747f00000] [id=5764]
  0x000002229ba4c000 GCTaskThread "GC Thread#6" [stack: 0x0000003747f00000,0x0000003748000000] [id=7676]
  0x000002229ba4f000 GCTaskThread "GC Thread#7" [stack: 0x0000003748000000,0x0000003748100000] [id=10148]
  0x00000222feab7000 ConcurrentGCThread "G1 Main Marker" [stack: 0x0000003746000000,0x0000003746100000] [id=2384]
  0x00000222feab9800 ConcurrentGCThread "G1 Conc#0" [stack: 0x0000003746100000,0x0000003746200000] [id=7772]
  0x000002229ba4f800 ConcurrentGCThread "G1 Conc#1" [stack: 0x0000003748200000,0x0000003748300000] [id=8500]
  0x0000022298d50800 ConcurrentGCThread "G1 Refine#0" [stack: 0x0000003746200000,0x0000003746300000] [id=4688]
  0x0000022298d51800 ConcurrentGCThread "G1 Young RemSet Sampling" [stack: 0x0000003746300000,0x0000003746400000] [id=7884]

Threads with active compile tasks:
C2 CompilerThread0 558484 19415   !   4       org.gradle.cache.internal.DefaultCrossBuildInMemoryCacheFactory$AbstractCrossBuildInMemoryCache::get (65 bytes)
C2 CompilerThread1 558484 19384       4       org.gradle.internal.component.model.ComponentAttributeMatcher::match (259 bytes)

VM state:not at safepoint (normal execution)

VM Mutex/Monitor currently owned by a thread: None

Heap address: 0x0000000080000000, size: 2048 MB, Compressed Oops mode: 32-bit
Narrow klass base: 0x0000000000000000, Narrow klass shift: 3
Compressed class space size: 1073741824 Address: 0x0000000100000000

Heap:
 garbage-first heap   total 155648K, used 119621K [0x0000000080000000, 0x0000000100000000)
  region size 1024K, 18 young (18432K), 4 survivors (4096K)
 Metaspace       used 151284K, capacity 154975K, committed 155136K, reserved 1183744K
  class space    used 19806K, capacity 21150K, committed 21248K, reserved 1048576K
Heap Regions: E=young(eden), S=young(survivor), O=old, HS=humongous(starts), HC=humongous(continues), CS=collection set, F=free, A=archive, TAMS=top-at-mark-start (previous, next)
|   0|0x0000000080000000, 0x0000000080100000, 0x0000000080100000|100%| O|  |TAMS 0x0000000080100000, 0x0000000080000000| Untracked 
|   1|0x0000000080100000, 0x0000000080200000, 0x0000000080200000|100%| O|  |TAMS 0x0000000080200000, 0x0000000080100000| Untracked 
|   2|0x0000000080200000, 0x0000000080300000, 0x0000000080300000|100%| O|  |TAMS 0x0000000080300000, 0x0000000080200000| Untracked 
|   3|0x0000000080300000, 0x0000000080400000, 0x0000000080400000|100%|HS|  |TAMS 0x0000000080400000, 0x0000000080300000| Complete 
|   4|0x0000000080400000, 0x0000000080500000, 0x0000000080500000|100%|HC|  |TAMS 0x0000000080500000, 0x0000000080400000| Complete 
|   5|0x0000000080500000, 0x0000000080600000, 0x0000000080600000|100%|HC|  |TAMS 0x0000000080600000, 0x0000000080500000| Complete 
|   6|0x0000000080600000, 0x0000000080700000, 0x0000000080700000|100%| O|  |TAMS 0x0000000080700000, 0x0000000080600000| Untracked 
|   7|0x0000000080700000, 0x0000000080800000, 0x0000000080800000|100%| O|  |TAMS 0x0000000080800000, 0x0000000080700000| Untracked 
|   8|0x0000000080800000, 0x0000000080900000, 0x0000000080900000|100%| O|  |TAMS 0x0000000080900000, 0x0000000080800000| Untracked 
|   9|0x0000000080900000, 0x0000000080a00000, 0x0000000080a00000|100%| O|  |TAMS 0x0000000080a00000, 0x0000000080900000| Untracked 
|  10|0x0000000080a00000, 0x0000000080b00000, 0x0000000080b00000|100%| O|  |TAMS 0x0000000080b00000, 0x0000000080a00000| Untracked 
|  11|0x0000000080b00000, 0x0000000080c00000, 0x0000000080c00000|100%| O|  |TAMS 0x0000000080c00000, 0x0000000080b00000| Untracked 
|  12|0x0000000080c00000, 0x0000000080d00000, 0x0000000080d00000|100%| O|  |TAMS 0x0000000080d00000, 0x0000000080c00000| Untracked 
|  13|0x0000000080d00000, 0x0000000080e00000, 0x0000000080e00000|100%| O|  |TAMS 0x0000000080e00000, 0x0000000080d00000| Untracked 
|  14|0x0000000080e00000, 0x0000000080f00000, 0x0000000080f00000|100%| O|  |TAMS 0x0000000080f00000, 0x0000000080e00000| Untracked 
|  15|0x0000000080f00000, 0x0000000081000000, 0x0000000081000000|100%| O|  |TAMS 0x0000000081000000, 0x0000000080f00000| Untracked 
|  16|0x0000000081000000, 0x0000000081100000, 0x0000000081100000|100%|HS|  |TAMS 0x0000000081100000, 0x0000000081000000| Complete 
|  17|0x0000000081100000, 0x0000000081200000, 0x0000000081200000|100%| O|  |TAMS 0x0000000081200000, 0x0000000081100000| Untracked 
|  18|0x0000000081200000, 0x0000000081300000, 0x0000000081300000|100%| O|  |TAMS 0x0000000081300000, 0x0000000081200000| Untracked 
|  19|0x0000000081300000, 0x0000000081400000, 0x0000000081400000|100%| O|  |TAMS 0x0000000081400000, 0x0000000081300000| Untracked 
|  20|0x0000000081400000, 0x0000000081500000, 0x0000000081500000|100%| O|  |TAMS 0x0000000081500000, 0x0000000081400000| Untracked 
|  21|0x0000000081500000, 0x0000000081600000, 0x0000000081600000|100%| O|  |TAMS 0x0000000081600000, 0x0000000081500000| Untracked 
|  22|0x0000000081600000, 0x0000000081700000, 0x0000000081700000|100%| O|  |TAMS 0x0000000081700000, 0x0000000081600000| Untracked 
|  23|0x0000000081700000, 0x0000000081800000, 0x0000000081800000|100%| O|  |TAMS 0x0000000081800000, 0x0000000081700000| Untracked 
|  24|0x0000000081800000, 0x0000000081900000, 0x0000000081900000|100%| O|  |TAMS 0x0000000081900000, 0x0000000081800000| Untracked 
|  25|0x0000000081900000, 0x0000000081a00000, 0x0000000081a00000|100%| O|  |TAMS 0x0000000081a00000, 0x0000000081900000| Untracked 
|  26|0x0000000081a00000, 0x0000000081b00000, 0x0000000081b00000|100%| O|  |TAMS 0x0000000081b00000, 0x0000000081a00000| Untracked 
|  27|0x0000000081b00000, 0x0000000081c00000, 0x0000000081c00000|100%|HS|  |TAMS 0x0000000081c00000, 0x0000000081b00000| Complete 
|  28|0x0000000081c00000, 0x0000000081d00000, 0x0000000081d00000|100%|HS|  |TAMS 0x0000000081d00000, 0x0000000081c00000| Complete 
|  29|0x0000000081d00000, 0x0000000081e00000, 0x0000000081e00000|100%|HC|  |TAMS 0x0000000081e00000, 0x0000000081d00000| Complete 
|  30|0x0000000081e00000, 0x0000000081f00000, 0x0000000081f00000|100%| O|  |TAMS 0x0000000081f00000, 0x0000000081e00000| Untracked 
|  31|0x0000000081f00000, 0x0000000082000000, 0x0000000082000000|100%| O|  |TAMS 0x0000000082000000, 0x0000000081f00000| Untracked 
|  32|0x0000000082000000, 0x0000000082100000, 0x0000000082100000|100%| O|  |TAMS 0x0000000082100000, 0x0000000082000000| Untracked 
|  33|0x0000000082100000, 0x0000000082200000, 0x0000000082200000|100%| O|  |TAMS 0x0000000082200000, 0x0000000082100000| Untracked 
|  34|0x0000000082200000, 0x0000000082300000, 0x0000000082300000|100%| O|  |TAMS 0x0000000082300000, 0x0000000082200000| Untracked 
|  35|0x0000000082300000, 0x0000000082400000, 0x0000000082400000|100%| O|  |TAMS 0x0000000082400000, 0x0000000082300000| Untracked 
|  36|0x0000000082400000, 0x0000000082500000, 0x0000000082500000|100%| O|  |TAMS 0x0000000082500000, 0x0000000082400000| Untracked 
|  37|0x0000000082500000, 0x0000000082600000, 0x0000000082600000|100%| O|  |TAMS 0x0000000082600000, 0x0000000082500000| Untracked 
|  38|0x0000000082600000, 0x0000000082700000, 0x0000000082700000|100%| O|  |TAMS 0x0000000082700000, 0x0000000082600000| Untracked 
|  39|0x0000000082700000, 0x0000000082800000, 0x0000000082800000|100%| O|  |TAMS 0x0000000082800000, 0x0000000082700000| Untracked 
|  40|0x0000000082800000, 0x0000000082900000, 0x0000000082900000|100%| O|  |TAMS 0x0000000082900000, 0x0000000082800000| Untracked 
|  41|0x0000000082900000, 0x0000000082a00000, 0x0000000082a00000|100%| O|  |TAMS 0x0000000082a00000, 0x0000000082900000| Untracked 
|  42|0x0000000082a00000, 0x0000000082b00000, 0x0000000082b00000|100%| O|  |TAMS 0x0000000082b00000, 0x0000000082a00000| Untracked 
|  43|0x0000000082b00000, 0x0000000082c00000, 0x0000000082c00000|100%| O|  |TAMS 0x0000000082c00000, 0x0000000082b00000| Untracked 
|  44|0x0000000082c00000, 0x0000000082d00000, 0x0000000082d00000|100%| O|  |TAMS 0x0000000082d00000, 0x0000000082c00000| Untracked 
|  45|0x0000000082d00000, 0x0000000082e00000, 0x0000000082e00000|100%| O|  |TAMS 0x0000000082e00000, 0x0000000082d00000| Untracked 
|  46|0x0000000082e00000, 0x0000000082f00000, 0x0000000082f00000|100%| O|  |TAMS 0x0000000082f00000, 0x0000000082e00000| Untracked 
|  47|0x0000000082f00000, 0x0000000083000000, 0x0000000083000000|100%| O|  |TAMS 0x0000000083000000, 0x0000000082f00000| Untracked 
|  48|0x0000000083000000, 0x0000000083100000, 0x0000000083100000|100%| O|  |TAMS 0x0000000083100000, 0x0000000083000000| Untracked 
|  49|0x0000000083100000, 0x0000000083200000, 0x0000000083200000|100%| O|  |TAMS 0x0000000083200000, 0x0000000083100000| Untracked 
|  50|0x0000000083200000, 0x0000000083300000, 0x0000000083300000|100%| O|  |TAMS 0x0000000083300000, 0x0000000083200000| Untracked 
|  51|0x0000000083300000, 0x0000000083400000, 0x0000000083400000|100%| O|  |TAMS 0x0000000083400000, 0x0000000083300000| Untracked 
|  52|0x0000000083400000, 0x0000000083500000, 0x0000000083500000|100%| O|  |TAMS 0x0000000083500000, 0x0000000083400000| Untracked 
|  53|0x0000000083500000, 0x0000000083600000, 0x0000000083600000|100%| O|  |TAMS 0x0000000083600000, 0x0000000083500000| Untracked 
|  54|0x0000000083600000, 0x0000000083700000, 0x0000000083700000|100%| O|  |TAMS 0x0000000083700000, 0x0000000083600000| Untracked 
|  55|0x0000000083700000, 0x0000000083800000, 0x0000000083800000|100%| O|  |TAMS 0x0000000083800000, 0x0000000083700000| Untracked 
|  56|0x0000000083800000, 0x0000000083900000, 0x0000000083900000|100%| O|  |TAMS 0x0000000083900000, 0x0000000083800000| Untracked 
|  57|0x0000000083900000, 0x0000000083a00000, 0x0000000083a00000|100%| O|  |TAMS 0x0000000083a00000, 0x0000000083900000| Untracked 
|  58|0x0000000083a00000, 0x0000000083b00000, 0x0000000083b00000|100%| O|  |TAMS 0x0000000083b00000, 0x0000000083a00000| Untracked 
|  59|0x0000000083b00000, 0x0000000083c00000, 0x0000000083c00000|100%| O|  |TAMS 0x0000000083c00000, 0x0000000083b00000| Untracked 
|  60|0x0000000083c00000, 0x0000000083d00000, 0x0000000083d00000|100%| O|  |TAMS 0x0000000083d00000, 0x0000000083c00000| Untracked 
|  61|0x0000000083d00000, 0x0000000083e00000, 0x0000000083e00000|100%| O|  |TAMS 0x0000000083e00000, 0x0000000083d00000| Untracked 
|  62|0x0000000083e00000, 0x0000000083f00000, 0x0000000083f00000|100%| O|  |TAMS 0x0000000083f00000, 0x0000000083e00000| Untracked 
|  63|0x0000000083f00000, 0x0000000084000000, 0x0000000084000000|100%| O|  |TAMS 0x0000000084000000, 0x0000000083f00000| Untracked 
|  64|0x0000000084000000, 0x0000000084100000, 0x0000000084100000|100%| O|  |TAMS 0x0000000084100000, 0x0000000084000000| Untracked 
|  65|0x0000000084100000, 0x0000000084200000, 0x0000000084200000|100%| O|  |TAMS 0x0000000084200000, 0x0000000084100000| Untracked 
|  66|0x0000000084200000, 0x0000000084300000, 0x0000000084300000|100%| O|  |TAMS 0x0000000084300000, 0x0000000084200000| Untracked 
|  67|0x0000000084300000, 0x0000000084400000, 0x0000000084400000|100%| O|  |TAMS 0x0000000084400000, 0x0000000084300000| Untracked 
|  68|0x0000000084400000, 0x0000000084500000, 0x0000000084500000|100%| O|  |TAMS 0x0000000084500000, 0x0000000084400000| Untracked 
|  69|0x0000000084500000, 0x0000000084600000, 0x0000000084600000|100%| O|  |TAMS 0x0000000084600000, 0x0000000084500000| Untracked 
|  70|0x0000000084600000, 0x0000000084700000, 0x0000000084700000|100%| O|  |TAMS 0x0000000084700000, 0x0000000084600000| Untracked 
|  71|0x0000000084700000, 0x0000000084800000, 0x0000000084800000|100%| O|  |TAMS 0x0000000084800000, 0x0000000084700000| Untracked 
|  72|0x0000000084800000, 0x0000000084900000, 0x0000000084900000|100%| O|  |TAMS 0x0000000084900000, 0x0000000084800000| Untracked 
|  73|0x0000000084900000, 0x0000000084a00000, 0x0000000084a00000|100%| O|  |TAMS 0x0000000084a00000, 0x0000000084900000| Untracked 
|  74|0x0000000084a00000, 0x0000000084b00000, 0x0000000084b00000|100%| O|  |TAMS 0x0000000084b00000, 0x0000000084a00000| Untracked 
|  75|0x0000000084b00000, 0x0000000084b2e000, 0x0000000084c00000| 17%| O|  |TAMS 0x0000000084b2e000, 0x0000000084b00000| Untracked 
|  76|0x0000000084c00000, 0x0000000084d00000, 0x0000000084d00000|100%|HS|  |TAMS 0x0000000084d00000, 0x0000000084c00000| Complete 
|  77|0x0000000084d00000, 0x0000000084d00000, 0x0000000084e00000|  0%| F|  |TAMS 0x0000000084d00000, 0x0000000084d00000| Untracked 
|  78|0x0000000084e00000, 0x0000000084f00000, 0x0000000084f00000|100%| O|  |TAMS 0x0000000084f00000, 0x0000000084e00000| Untracked 
|  79|0x0000000084f00000, 0x0000000084f00000, 0x0000000085000000|  0%| F|  |TAMS 0x0000000084f00000, 0x0000000084f00000| Untracked 
|  80|0x0000000085000000, 0x0000000085100000, 0x0000000085100000|100%| O|  |TAMS 0x0000000085100000, 0x0000000085000000| Untracked 
|  81|0x0000000085100000, 0x0000000085200000, 0x0000000085200000|100%| O|  |TAMS 0x0000000085200000, 0x0000000085100000| Untracked 
|  82|0x0000000085200000, 0x0000000085200000, 0x0000000085300000|  0%| F|  |TAMS 0x0000000085200000, 0x0000000085200000| Untracked 
|  83|0x0000000085300000, 0x0000000085400000, 0x0000000085400000|100%| O|  |TAMS 0x0000000085400000, 0x0000000085300000| Untracked 
|  84|0x0000000085400000, 0x0000000085400000, 0x0000000085500000|  0%| F|  |TAMS 0x0000000085400000, 0x0000000085400000| Untracked 
|  85|0x0000000085500000, 0x0000000085500000, 0x0000000085600000|  0%| F|  |TAMS 0x0000000085500000, 0x0000000085500000| Untracked 
|  86|0x0000000085600000, 0x0000000085700000, 0x0000000085700000|100%| O|  |TAMS 0x0000000085700000, 0x0000000085600000| Untracked 
|  87|0x0000000085700000, 0x0000000085700000, 0x0000000085800000|  0%| F|  |TAMS 0x0000000085700000, 0x0000000085700000| Untracked 
|  88|0x0000000085800000, 0x0000000085900000, 0x0000000085900000|100%| O|  |TAMS 0x0000000085900000, 0x0000000085800000| Untracked 
|  89|0x0000000085900000, 0x0000000085a00000, 0x0000000085a00000|100%| O|  |TAMS 0x0000000085a00000, 0x0000000085900000| Untracked 
|  90|0x0000000085a00000, 0x0000000085b00000, 0x0000000085b00000|100%| O|  |TAMS 0x0000000085b00000, 0x0000000085a00000| Untracked 
|  91|0x0000000085b00000, 0x0000000085c00000, 0x0000000085c00000|100%| O|  |TAMS 0x0000000085c00000, 0x0000000085b00000| Untracked 
|  92|0x0000000085c00000, 0x0000000085d00000, 0x0000000085d00000|100%| O|  |TAMS 0x0000000085d00000, 0x0000000085c00000| Untracked 
|  93|0x0000000085d00000, 0x0000000085e00000, 0x0000000085e00000|100%| O|  |TAMS 0x0000000085e00000, 0x0000000085d00000| Untracked 
|  94|0x0000000085e00000, 0x0000000085f00000, 0x0000000085f00000|100%| O|  |TAMS 0x0000000085f00000, 0x0000000085e00000| Untracked 
|  95|0x0000000085f00000, 0x0000000086000000, 0x0000000086000000|100%| O|  |TAMS 0x0000000086000000, 0x0000000085f00000| Untracked 
|  96|0x0000000086000000, 0x0000000086100000, 0x0000000086100000|100%| O|  |TAMS 0x0000000086100000, 0x0000000086000000| Untracked 
|  97|0x0000000086100000, 0x0000000086200000, 0x0000000086200000|100%| O|  |TAMS 0x0000000086200000, 0x0000000086100000| Untracked 
|  98|0x0000000086200000, 0x0000000086200000, 0x0000000086300000|  0%| F|  |TAMS 0x0000000086200000, 0x0000000086200000| Untracked 
|  99|0x0000000086300000, 0x0000000086400000, 0x0000000086400000|100%| O|  |TAMS 0x0000000086400000, 0x0000000086300000| Untracked 
| 100|0x0000000086400000, 0x0000000086500000, 0x0000000086500000|100%| O|  |TAMS 0x0000000086500000, 0x0000000086400000| Untracked 
| 101|0x0000000086500000, 0x0000000086600000, 0x0000000086600000|100%| O|  |TAMS 0x0000000086600000, 0x0000000086500000| Untracked 
| 102|0x0000000086600000, 0x0000000086700000, 0x0000000086700000|100%| O|  |TAMS 0x0000000086700000, 0x0000000086600000| Untracked 
| 103|0x0000000086700000, 0x0000000086800000, 0x0000000086800000|100%| O|  |TAMS 0x0000000086800000, 0x0000000086700000| Untracked 
| 104|0x0000000086800000, 0x0000000086900000, 0x0000000086900000|100%| O|  |TAMS 0x0000000086900000, 0x0000000086800000| Untracked 
| 105|0x0000000086900000, 0x0000000086a00000, 0x0000000086a00000|100%| O|  |TAMS 0x0000000086a00000, 0x0000000086900000| Untracked 
| 106|0x0000000086a00000, 0x0000000086b00000, 0x0000000086b00000|100%| O|  |TAMS 0x0000000086b00000, 0x0000000086a00000| Untracked 
| 107|0x0000000086b00000, 0x0000000086c00000, 0x0000000086c00000|100%| O|  |TAMS 0x0000000086c00000, 0x0000000086b00000| Untracked 
| 108|0x0000000086c00000, 0x0000000086d00000, 0x0000000086d00000|100%| O|  |TAMS 0x0000000086d00000, 0x0000000086c00000| Untracked 
| 109|0x0000000086d00000, 0x0000000086d00000, 0x0000000086e00000|  0%| F|  |TAMS 0x0000000086d00000, 0x0000000086d00000| Untracked 
| 110|0x0000000086e00000, 0x0000000086e00000, 0x0000000086f00000|  0%| F|  |TAMS 0x0000000086e00000, 0x0000000086e00000| Untracked 
| 111|0x0000000086f00000, 0x0000000086f00000, 0x0000000087000000|  0%| F|  |TAMS 0x0000000086f00000, 0x0000000086f00000| Untracked 
| 112|0x0000000087000000, 0x0000000087000000, 0x0000000087100000|  0%| F|  |TAMS 0x0000000087000000, 0x0000000087000000| Untracked 
| 113|0x0000000087100000, 0x0000000087100000, 0x0000000087200000|  0%| F|  |TAMS 0x0000000087100000, 0x0000000087100000| Untracked 
| 114|0x0000000087200000, 0x0000000087200000, 0x0000000087300000|  0%| F|  |TAMS 0x0000000087200000, 0x0000000087200000| Untracked 
| 115|0x0000000087300000, 0x0000000087300000, 0x0000000087400000|  0%| F|  |TAMS 0x0000000087300000, 0x0000000087300000| Untracked 
| 116|0x0000000087400000, 0x0000000087400000, 0x0000000087500000|  0%| F|  |TAMS 0x0000000087400000, 0x0000000087400000| Untracked 
| 117|0x0000000087500000, 0x0000000087500000, 0x0000000087600000|  0%| F|  |TAMS 0x0000000087500000, 0x0000000087500000| Untracked 
| 118|0x0000000087600000, 0x0000000087600000, 0x0000000087700000|  0%| F|  |TAMS 0x0000000087600000, 0x0000000087600000| Untracked 
| 119|0x0000000087700000, 0x00000000877a35f0, 0x0000000087800000| 63%| S|CS|TAMS 0x0000000087700000, 0x0000000087700000| Complete 
| 120|0x0000000087800000, 0x0000000087800000, 0x0000000087900000|  0%| F|  |TAMS 0x0000000087800000, 0x0000000087800000| Untracked 
| 121|0x0000000087900000, 0x0000000087900000, 0x0000000087a00000|  0%| F|  |TAMS 0x0000000087900000, 0x0000000087900000| Untracked 
| 122|0x0000000087a00000, 0x0000000087a00000, 0x0000000087b00000|  0%| F|  |TAMS 0x0000000087a00000, 0x0000000087a00000| Untracked 
| 123|0x0000000087b00000, 0x0000000087c00000, 0x0000000087c00000|100%| S|CS|TAMS 0x0000000087b00000, 0x0000000087b00000| Complete 
| 124|0x0000000087c00000, 0x0000000087d00000, 0x0000000087d00000|100%| S|CS|TAMS 0x0000000087c00000, 0x0000000087c00000| Complete 
| 125|0x0000000087d00000, 0x0000000087d00000, 0x0000000087e00000|  0%| F|  |TAMS 0x0000000087d00000, 0x0000000087d00000| Untracked 
| 126|0x0000000087e00000, 0x0000000087f00000, 0x0000000087f00000|100%| S|CS|TAMS 0x0000000087e00000, 0x0000000087e00000| Complete 
| 127|0x0000000087f00000, 0x0000000087f00000, 0x0000000088000000|  0%| F|  |TAMS 0x0000000087f00000, 0x0000000087f00000| Untracked 
| 128|0x0000000088000000, 0x0000000088000000, 0x0000000088100000|  0%| F|  |TAMS 0x0000000088000000, 0x0000000088000000| Untracked 
| 129|0x0000000088100000, 0x0000000088100000, 0x0000000088200000|  0%| F|  |TAMS 0x0000000088100000, 0x0000000088100000| Untracked 
| 130|0x0000000088200000, 0x0000000088200000, 0x0000000088300000|  0%| F|  |TAMS 0x0000000088200000, 0x0000000088200000| Untracked 
| 131|0x0000000088300000, 0x0000000088300000, 0x0000000088400000|  0%| F|  |TAMS 0x0000000088300000, 0x0000000088300000| Untracked 
| 132|0x0000000088400000, 0x0000000088400000, 0x0000000088500000|  0%| F|  |TAMS 0x0000000088400000, 0x0000000088400000| Untracked 
| 133|0x0000000088500000, 0x0000000088500000, 0x0000000088600000|  0%| F|  |TAMS 0x0000000088500000, 0x0000000088500000| Untracked 
| 134|0x0000000088600000, 0x0000000088600000, 0x0000000088700000|  0%| F|  |TAMS 0x0000000088600000, 0x0000000088600000| Untracked 
| 135|0x0000000088700000, 0x0000000088700000, 0x0000000088800000|  0%| F|  |TAMS 0x0000000088700000, 0x0000000088700000| Untracked 
| 136|0x0000000088800000, 0x0000000088800000, 0x0000000088900000|  0%| F|  |TAMS 0x0000000088800000, 0x0000000088800000| Untracked 
| 137|0x0000000088900000, 0x0000000088900000, 0x0000000088a00000|  0%| F|  |TAMS 0x0000000088900000, 0x0000000088900000| Untracked 
| 138|0x0000000088a00000, 0x0000000088a9fcf0, 0x0000000088b00000| 62%| E|  |TAMS 0x0000000088a00000, 0x0000000088a00000| Complete 
| 139|0x0000000088b00000, 0x0000000088c00000, 0x0000000088c00000|100%| E|CS|TAMS 0x0000000088b00000, 0x0000000088b00000| Complete 
| 140|0x0000000088c00000, 0x0000000088d00000, 0x0000000088d00000|100%| E|CS|TAMS 0x0000000088c00000, 0x0000000088c00000| Complete 
| 141|0x0000000088d00000, 0x0000000088e00000, 0x0000000088e00000|100%| E|CS|TAMS 0x0000000088d00000, 0x0000000088d00000| Complete 
| 142|0x0000000088e00000, 0x0000000088f00000, 0x0000000088f00000|100%| E|CS|TAMS 0x0000000088e00000, 0x0000000088e00000| Complete 
| 143|0x0000000088f00000, 0x0000000089000000, 0x0000000089000000|100%| E|  |TAMS 0x0000000088f00000, 0x0000000088f00000| Complete 
| 144|0x0000000089000000, 0x0000000089100000, 0x0000000089100000|100%| E|CS|TAMS 0x0000000089000000, 0x0000000089000000| Complete 
| 145|0x0000000089100000, 0x0000000089200000, 0x0000000089200000|100%| E|CS|TAMS 0x0000000089100000, 0x0000000089100000| Complete 
| 146|0x0000000089200000, 0x0000000089300000, 0x0000000089300000|100%| E|CS|TAMS 0x0000000089200000, 0x0000000089200000| Complete 
| 147|0x0000000089300000, 0x0000000089400000, 0x0000000089400000|100%| E|CS|TAMS 0x0000000089300000, 0x0000000089300000| Complete 
| 148|0x0000000089400000, 0x0000000089500000, 0x0000000089500000|100%| E|CS|TAMS 0x0000000089400000, 0x0000000089400000| Complete 
| 149|0x0000000089500000, 0x0000000089600000, 0x0000000089600000|100%| E|CS|TAMS 0x0000000089500000, 0x0000000089500000| Complete 
| 150|0x0000000089600000, 0x0000000089700000, 0x0000000089700000|100%| E|CS|TAMS 0x0000000089600000, 0x0000000089600000| Complete 
| 151|0x0000000089700000, 0x0000000089800000, 0x0000000089800000|100%| E|CS|TAMS 0x0000000089700000, 0x0000000089700000| Complete 

Card table byte_map: [0x00000222ff280000,0x00000222ff680000] _byte_map_base: 0x00000222fee80000

Marking Bits (Prev, Next): (CMBitMap*) 0x00000222feaae588, (CMBitMap*) 0x00000222feaae5c0
 Prev Bits: [0x0000022292a10000, 0x0000022294a10000)
 Next Bits: [0x0000022294a10000, 0x0000022296a10000)

Polling page: 0x00000222fcc00000

Metaspace:

Usage:
  Non-class:    130.69 MB capacity,   128.41 MB ( 98%) used,     1.85 MB (  1%) free+waste,   435.81 KB ( <1%) overhead. 
      Class:     20.65 MB capacity,    19.34 MB ( 94%) used,     1.12 MB (  5%) free+waste,   192.63 KB ( <1%) overhead. 
       Both:    151.34 MB capacity,   147.76 MB ( 98%) used,     2.97 MB (  2%) free+waste,   628.44 KB ( <1%) overhead. 

Virtual space:
  Non-class space:      132.00 MB reserved,     130.75 MB (>99%) committed 
      Class space:        1.00 GB reserved,      20.75 MB (  2%) committed 
             Both:        1.13 GB reserved,     151.50 MB ( 13%) committed 

Chunk freelists:
   Non-Class:  63.00 KB
       Class:  2.00 KB
        Both:  65.00 KB

MaxMetaspaceSize: 17179869184.00 GB
CompressedClassSpaceSize: 1.00 GB

CodeHeap 'non-profiled nmethods': size=120000Kb used=12790Kb max_used=12790Kb free=107209Kb
 bounds [0x000002228b4e0000, 0x000002228c160000, 0x0000022292a10000]
CodeHeap 'profiled nmethods': size=120000Kb used=41118Kb max_used=41118Kb free=78881Kb
 bounds [0x0000022283fb0000, 0x00000222867f0000, 0x000002228b4e0000]
CodeHeap 'non-nmethods': size=5760Kb used=2356Kb max_used=2440Kb free=3403Kb
 bounds [0x0000022283a10000, 0x0000022283c80000, 0x0000022283fb0000]
 total_blobs=19384 nmethods=18426 adapters=867
 compilation: enabled
              stopped_count=0, restarted_count=0
 full_count=0

Compilation events (20 events):
Event: 558.358 Thread 0x0000022298f2e000 19471       3       org.gradle.api.internal.artifacts.ivyservice.resolveengine.artifact.CompositeResolvedArtifactSet::visit (40 bytes)
Event: 558.359 Thread 0x0000022298f2e000 nmethod 19471 0x00000222867d8a10 code [0x00000222867d8c20, 0x00000222867d91d8]
Event: 558.366 Thread 0x0000022298f2e000 19472       3       org.gradle.api.internal.artifacts.ivyservice.resolveengine.artifact.ParallelResolveArtifactSet$VisitingSet$StartVisitAction::visitResults (43 bytes)
Event: 558.367 Thread 0x0000022298f2e000 nmethod 19472 0x00000222867d9390 code [0x00000222867d95a0, 0x00000222867d9b58]
Event: 558.367 Thread 0x0000022298f2e000 19473       3       org.gradle.internal.snapshot.impl.DefaultImplementationSnapshot::equals (57 bytes)
Event: 558.368 Thread 0x0000022298f2e000 nmethod 19473 0x00000222867d9d10 code [0x00000222867d9f00, 0x00000222867da438]
Event: 558.372 Thread 0x0000022298f2e000 19474       3       org.gradle.execution.plan.Node::isSuccessful (43 bytes)
Event: 558.372 Thread 0x0000022298f2e000 nmethod 19474 0x00000222867da590 code [0x00000222867da760, 0x00000222867daa48]
Event: 558.373 Thread 0x0000022298f2e000 19475       1       org.gradle.api.internal.tasks.execution.ExecuteActionsTaskExecuter::access$1000 (5 bytes)
Event: 558.373 Thread 0x0000022298f2e000 nmethod 19475 0x000002228c15b910 code [0x000002228c15bac0, 0x000002228c15bb58]
Event: 558.373 Thread 0x0000022298f2e000 19476       1       org.gradle.api.internal.tasks.execution.ExecuteActionsTaskExecuter::access$1100 (5 bytes)
Event: 558.373 Thread 0x0000022298f2e000 nmethod 19476 0x000002228c15bc10 code [0x000002228c15bdc0, 0x000002228c15be58]
Event: 558.383 Thread 0x0000022298f2e000 19477       1       org.gradle.api.internal.tasks.execution.DefaultTaskExecutionContext::getValidationAction (5 bytes)
Event: 558.383 Thread 0x0000022298f2e000 nmethod 19477 0x000002228c15bf10 code [0x000002228c15c0c0, 0x000002228c15c178]
Event: 558.388 Thread 0x0000022298f2e000 19478       3       com.google.common.collect.ForwardingMapEntry::getValue (10 bytes)
Event: 558.388 Thread 0x0000022298f2e000 nmethod 19478 0x00000222867dab10 code [0x00000222867dace0, 0x00000222867daf58]
Event: 558.401 Thread 0x0000022298f2e000 19479       1       org.gradle.internal.execution.steps.ResolveCachingStateStep$2::getCachingState (5 bytes)
Event: 558.402 Thread 0x0000022298f2e000 nmethod 19479 0x000002228c15c210 code [0x000002228c15c3c0, 0x000002228c15c478]
Event: 558.402 Thread 0x0000022298f2e000 19480       1       org.gradle.internal.execution.history.impl.DefaultAfterPreviousExecutionState::getOriginMetadata (5 bytes)
Event: 558.402 Thread 0x0000022298f2e000 nmethod 19480 0x000002228c15c510 code [0x000002228c15c6c0, 0x000002228c15c778]

GC Heap History (20 events):
Event: 550.918 GC heap before
{Heap before GC invocations=70 (full 0):
 garbage-first heap   total 155648K, used 102071K [0x0000000080000000, 0x0000000100000000)
  region size 1024K, 7 young (7168K), 4 survivors (4096K)
 Metaspace       used 131601K, capacity 135029K, committed 135168K, reserved 1165312K
  class space    used 17078K, capacity 18325K, committed 18432K, reserved 1048576K
}
Event: 550.927 GC heap after
{Heap after GC invocations=71 (full 0):
 garbage-first heap   total 155648K, used 99278K [0x0000000080000000, 0x0000000100000000)
  region size 1024K, 1 young (1024K), 1 survivors (1024K)
 Metaspace       used 131601K, capacity 135029K, committed 135168K, reserved 1165312K
  class space    used 17078K, capacity 18325K, committed 18432K, reserved 1048576K
}
Event: 552.126 GC heap before
{Heap before GC invocations=71 (full 0):
 garbage-first heap   total 155648K, used 128974K [0x0000000080000000, 0x0000000100000000)
  region size 1024K, 31 young (31744K), 1 survivors (1024K)
 Metaspace       used 136811K, capacity 140295K, committed 140416K, reserved 1171456K
  class space    used 17698K, capacity 18951K, committed 19072K, reserved 1048576K
}
Event: 552.133 GC heap after
{Heap after GC invocations=72 (full 0):
 garbage-first heap   total 155648K, used 99917K [0x0000000080000000, 0x0000000100000000)
  region size 1024K, 2 young (2048K), 2 survivors (2048K)
 Metaspace       used 136811K, capacity 140295K, committed 140416K, reserved 1171456K
  class space    used 17698K, capacity 18951K, committed 19072K, reserved 1048576K
}
Event: 552.858 GC heap before
{Heap before GC invocations=73 (full 0):
 garbage-first heap   total 155648K, used 129613K [0x0000000080000000, 0x0000000100000000)
  region size 1024K, 32 young (32768K), 2 survivors (2048K)
 Metaspace       used 139243K, capacity 142695K, committed 142976K, reserved 1173504K
  class space    used 18009K, capacity 19282K, committed 19328K, reserved 1048576K
}
Event: 552.867 GC heap after
{Heap after GC invocations=74 (full 0):
 garbage-first heap   total 155648K, used 102861K [0x0000000080000000, 0x0000000100000000)
  region size 1024K, 4 young (4096K), 4 survivors (4096K)
 Metaspace       used 139243K, capacity 142695K, committed 142976K, reserved 1173504K
  class space    used 18009K, capacity 19282K, committed 19328K, reserved 1048576K
}
Event: 552.936 GC heap before
{Heap before GC invocations=74 (full 0):
 garbage-first heap   total 155648K, used 105933K [0x0000000080000000, 0x0000000100000000)
  region size 1024K, 7 young (7168K), 4 survivors (4096K)
 Metaspace       used 139538K, capacity 142983K, committed 143232K, reserved 1173504K
  class space    used 18044K, capacity 19314K, committed 19328K, reserved 1048576K
}
Event: 552.989 GC heap after
{Heap after GC invocations=75 (full 0):
 garbage-first heap   total 155648K, used 99133K [0x0000000080000000, 0x0000000100000000)
  region size 1024K, 1 young (1024K), 1 survivors (1024K)
 Metaspace       used 139538K, capacity 142983K, committed 143232K, reserved 1173504K
  class space    used 18044K, capacity 19314K, committed 19328K, reserved 1048576K
}
Event: 553.187 GC heap before
{Heap before GC invocations=75 (full 0):
 garbage-first heap   total 155648K, used 105277K [0x0000000080000000, 0x0000000100000000)
  region size 1024K, 9 young (9216K), 1 survivors (1024K)
 Metaspace       used 140461K, capacity 143911K, committed 144128K, reserved 1173504K
  class space    used 18178K, capacity 19452K, committed 19456K, reserved 1048576K
}
Event: 553.204 GC heap after
{Heap after GC invocations=76 (full 0):
 garbage-first heap   total 155648K, used 99486K [0x0000000080000000, 0x0000000100000000)
  region size 1024K, 2 young (2048K), 2 survivors (2048K)
 Metaspace       used 140461K, capacity 143911K, committed 144128K, reserved 1173504K
  class space    used 18178K, capacity 19452K, committed 19456K, reserved 1048576K
}
Event: 554.296 GC heap before
{Heap before GC invocations=77 (full 0):
 garbage-first heap   total 155648K, used 128158K [0x0000000080000000, 0x0000000100000000)
  region size 1024K, 29 young (29696K), 2 survivors (2048K)
 Metaspace       used 142201K, capacity 145774K, committed 146048K, reserved 1175552K
  class space    used 18426K, capacity 19752K, committed 19840K, reserved 1048576K
}
Event: 554.305 GC heap after
{Heap after GC invocations=78 (full 0):
 garbage-first heap   total 155648K, used 101943K [0x0000000080000000, 0x0000000100000000)
  region size 1024K, 4 young (4096K), 4 survivors (4096K)
 Metaspace       used 142201K, capacity 145774K, committed 146048K, reserved 1175552K
  class space    used 18426K, capacity 19752K, committed 19840K, reserved 1048576K
}
Event: 554.392 GC heap before
{Heap before GC invocations=78 (full 0):
 garbage-first heap   total 155648K, used 105015K [0x0000000080000000, 0x0000000100000000)
  region size 1024K, 7 young (7168K), 4 survivors (4096K)
 Metaspace       used 142558K, capacity 146126K, committed 146304K, reserved 1175552K
  class space    used 18482K, capacity 19784K, committed 19840K, reserved 1048576K
}
Event: 554.404 GC heap after
{Heap after GC invocations=79 (full 0):
 garbage-first heap   total 155648K, used 102302K [0x0000000080000000, 0x0000000100000000)
  region size 1024K, 1 young (1024K), 1 survivors (1024K)
 Metaspace       used 142558K, capacity 146126K, committed 146304K, reserved 1175552K
  class space    used 18482K, capacity 19784K, committed 19840K, reserved 1048576K
}
Event: 555.395 GC heap before
{Heap before GC invocations=79 (full 0):
 garbage-first heap   total 155648K, used 127902K [0x0000000080000000, 0x0000000100000000)
  region size 1024K, 27 young (27648K), 1 survivors (1024K)
 Metaspace       used 146391K, capacity 150057K, committed 150272K, reserved 1179648K
  class space    used 19129K, capacity 20458K, committed 20480K, reserved 1048576K
}
Event: 555.407 GC heap after
{Heap after GC invocations=80 (full 0):
 garbage-first heap   total 155648K, used 103725K [0x0000000080000000, 0x0000000100000000)
  region size 1024K, 2 young (2048K), 2 survivors (2048K)
 Metaspace       used 146391K, capacity 150057K, committed 150272K, reserved 1179648K
  class space    used 19129K, capacity 20458K, committed 20480K, reserved 1048576K
}
Event: 557.370 GC heap before
{Heap before GC invocations=81 (full 0):
 garbage-first heap   total 155648K, used 130349K [0x0000000080000000, 0x0000000100000000)
  region size 1024K, 28 young (28672K), 2 survivors (2048K)
 Metaspace       used 149559K, capacity 153258K, committed 153344K, reserved 1181696K
  class space    used 19608K, capacity 20936K, committed 20992K, reserved 1048576K
}
Event: 557.380 GC heap after
{Heap after GC invocations=82 (full 0):
 garbage-first heap   total 155648K, used 105240K [0x0000000080000000, 0x0000000100000000)
  region size 1024K, 4 young (4096K), 4 survivors (4096K)
 Metaspace       used 149559K, capacity 153258K, committed 153344K, reserved 1181696K
  class space    used 19608K, capacity 20936K, committed 20992K, reserved 1048576K
}
Event: 557.961 GC heap before
{Heap before GC invocations=82 (full 0):
 garbage-first heap   total 155648K, used 130840K [0x0000000080000000, 0x0000000100000000)
  region size 1024K, 29 young (29696K), 4 survivors (4096K)
 Metaspace       used 150995K, capacity 154647K, committed 154880K, reserved 1183744K
  class space    used 19778K, capacity 21136K, committed 21248K, reserved 1048576K
}
Event: 557.974 GC heap after
{Heap after GC invocations=83 (full 0):
 garbage-first heap   total 155648K, used 107333K [0x0000000080000000, 0x0000000100000000)
  region size 1024K, 4 young (4096K), 4 survivors (4096K)
 Metaspace       used 150995K, capacity 154647K, committed 154880K, reserved 1183744K
  class space    used 19778K, capacity 21136K, committed 21248K, reserved 1048576K
}

Deoptimization events (20 events):
Event: 550.929 Thread 0x000002229c89a800 DEOPT PACKING pc=0x000002228650f204 sp=0x00000037474f9f60
Event: 550.929 Thread 0x000002229c89a800 DEOPT UNPACKING pc=0x0000022283a38ede sp=0x00000037474f94b0 mode 0
Event: 550.932 Thread 0x000002229c89a800 DEOPT PACKING pc=0x00000222849207f1 sp=0x00000037474f9f20
Event: 550.932 Thread 0x000002229c89a800 DEOPT UNPACKING pc=0x0000022283a38ede sp=0x00000037474f9418 mode 0
Event: 550.941 Thread 0x000002229c89a800 DEOPT PACKING pc=0x000002228650f204 sp=0x00000037474f9f60
Event: 550.941 Thread 0x000002229c89a800 DEOPT UNPACKING pc=0x0000022283a38ede sp=0x00000037474f94b0 mode 0
Event: 552.133 Thread 0x00000222999dc800 Uncommon trap: trap_request=0xffffffde fr.pc=0x000002228b61106c relative=0x000000000000052c
Event: 552.133 Thread 0x00000222999dc800 Uncommon trap: reason=class_check action=maybe_recompile pc=0x000002228b61106c method=jdk.internal.ref.PhantomCleanable.clean()V @ 12 c2
Event: 552.133 Thread 0x00000222999dc800 DEOPT PACKING pc=0x000002228b61106c sp=0x0000003746dfef60
Event: 552.133 Thread 0x00000222999dc800 DEOPT UNPACKING pc=0x0000022283a183af sp=0x0000003746dfef40 mode 2
Event: 556.658 Thread 0x000002229c89a800 DEOPT PACKING pc=0x0000022284c72dda sp=0x00000037474f99a0
Event: 556.658 Thread 0x000002229c89a800 DEOPT UNPACKING pc=0x0000022283a38ede sp=0x00000037474f8ec0 mode 0
Event: 556.754 Thread 0x000002229c89a800 DEOPT PACKING pc=0x0000022284c72dda sp=0x00000037474f98e0
Event: 556.754 Thread 0x000002229c89a800 DEOPT UNPACKING pc=0x0000022283a38ede sp=0x00000037474f8e00 mode 0
Event: 557.607 Thread 0x000002229c89a800 DEOPT PACKING pc=0x0000022284b78e3b sp=0x00000037474f9c30
Event: 557.607 Thread 0x000002229c89a800 DEOPT UNPACKING pc=0x0000022283a38ede sp=0x00000037474f9200 mode 0
Event: 557.832 Thread 0x000002229c8a5800 Uncommon trap: trap_request=0xffffffd6 fr.pc=0x000002228b5d53f4 relative=0x0000000000000694
Event: 557.832 Thread 0x000002229c8a5800 Uncommon trap: reason=array_check action=maybe_recompile pc=0x000002228b5d53f4 method=java.util.ComparableTimSort.binarySort([Ljava/lang/Object;III)V @ 215 c2
Event: 557.832 Thread 0x000002229c8a5800 DEOPT PACKING pc=0x000002228b5d53f4 sp=0x00000037497fc740
Event: 557.832 Thread 0x000002229c8a5800 DEOPT UNPACKING pc=0x0000022283a183af sp=0x00000037497fc6e0 mode 2

Classes redefined (0 events):
No events

Internal exceptions (20 events):
Event: 555.059 Thread 0x000002229c89a800 Exception <a 'java/lang/ClassNotFoundException'{0x00000000883cb3e0}: com/android/build/gradle/internal/api/ApkVariantOutputImplBeanInfo> (0x00000000883cb3e0) thrown at [./src/hotspot/share/classfile/systemDictionary.cpp, line 231]
Event: 555.061 Thread 0x000002229c89a800 Exception <a 'java/lang/ClassNotFoundException'{0x00000000883e2c80}: com/android/build/gradle/internal/api/BaseVariantOutputImplBeanInfo> (0x00000000883e2c80) thrown at [./src/hotspot/share/classfile/systemDictionary.cpp, line 231]
Event: 555.062 Thread 0x000002229c89a800 Exception <a 'java/lang/ClassNotFoundException'{0x00000000883fa808}: com/android/build/gradle/internal/api/BaseVariantOutputImplCustomizer> (0x00000000883fa808) thrown at [./src/hotspot/share/classfile/systemDictionary.cpp, line 231]
Event: 555.065 Thread 0x000002229c89a800 Exception <a 'java/lang/ClassNotFoundException'{0x0000000088224c10}: com/android/build/gradle/internal/api/ApkVariantOutputImplCustomizer> (0x0000000088224c10) thrown at [./src/hotspot/share/classfile/systemDictionary.cpp, line 231]
Event: 555.074 Thread 0x000002229c89a800 Exception <a 'java/lang/ClassNotFoundException'{0x000000008824af58}: com/android/build/gradle/internal/api/ApkVariantOutputImpl_DecoratedCustomizer> (0x000000008824af58) thrown at [./src/hotspot/share/classfile/systemDictionary.cpp, line 231]
Event: 555.098 Thread 0x000002229c89a800 Exception <a 'java/lang/NoClassDefFoundError'{0x0000000088149840}: org/jetbrains/kotlin/gradle/plugin/KotlinBasePluginWrapper> (0x0000000088149840) thrown at [./src/hotspot/share/classfile/systemDictionary.cpp, line 220]
Event: 555.385 Thread 0x000002229c89a800 Exception <a 'sun/nio/fs/WindowsException'{0x0000000087de1210}> (0x0000000087de1210) thrown at [./src/hotspot/share/prims/jni.cpp, line 615]
Event: 555.385 Thread 0x000002229c89a800 Exception <a 'sun/nio/fs/WindowsException'{0x0000000087de1708}> (0x0000000087de1708) thrown at [./src/hotspot/share/prims/jni.cpp, line 615]
Event: 555.886 Thread 0x000002229c89a800 Exception <a 'java/lang/NullPointerException'{0x000000008912b030}> (0x000000008912b030) thrown at [./src/hotspot/share/interpreter/linkResolver.cpp, line 1440]
Event: 556.720 Thread 0x000002229c89a800 Exception <a 'sun/nio/fs/WindowsException'{0x0000000088542750}> (0x0000000088542750) thrown at [./src/hotspot/share/prims/jni.cpp, line 615]
Event: 556.721 Thread 0x000002229c89a800 Exception <a 'sun/nio/fs/WindowsException'{0x0000000088543820}> (0x0000000088543820) thrown at [./src/hotspot/share/prims/jni.cpp, line 615]
Event: 556.721 Thread 0x000002229c89a800 Exception <a 'sun/nio/fs/WindowsException'{0x0000000088544940}> (0x0000000088544940) thrown at [./src/hotspot/share/prims/jni.cpp, line 615]
Event: 556.721 Thread 0x000002229c89a800 Exception <a 'sun/nio/fs/WindowsException'{0x0000000088545a60}> (0x0000000088545a60) thrown at [./src/hotspot/share/prims/jni.cpp, line 615]
Event: 557.831 Thread 0x000002229c8a5800 Exception <a 'java/lang/NoSuchMethodError'{0x00000000883fd378}: <clinit>> (0x00000000883fd378) thrown at [./src/hotspot/share/prims/jni.cpp, line 1362]
Event: 557.834 Thread 0x000002229c8a5800 Exception <a 'java/lang/NoSuchMethodError'{0x000000008810b9c0}: <clinit>> (0x000000008810b9c0) thrown at [./src/hotspot/share/prims/jni.cpp, line 1362]
Event: 558.190 Thread 0x000002229bfdf000 Exception <a 'java/lang/NoSuchMethodError'{0x000000008914b860}: <clinit>> (0x000000008914b860) thrown at [./src/hotspot/share/prims/jni.cpp, line 1362]
Event: 558.190 Thread 0x000002229bfdf000 Exception <a 'java/lang/NoSuchMethodError'{0x000000008914cb98}: <clinit>> (0x000000008914cb98) thrown at [./src/hotspot/share/prims/jni.cpp, line 1362]
Event: 558.190 Thread 0x000002229bfdf000 Exception <a 'java/lang/NoSuchMethodError'{0x000000008914f2f8}: <clinit>> (0x000000008914f2f8) thrown at [./src/hotspot/share/prims/jni.cpp, line 1362]
Event: 558.193 Thread 0x000002229bfdf000 Exception <a 'java/lang/NoSuchMethodError'{0x0000000089167ec0}: <clinit>> (0x0000000089167ec0) thrown at [./src/hotspot/share/prims/jni.cpp, line 1362]
Event: 558.193 Thread 0x000002229bfdf000 Exception <a 'java/lang/NoSuchMethodError'{0x00000000891693a0}: <clinit>> (0x00000000891693a0) thrown at [./src/hotspot/share/prims/jni.cpp, line 1362]

Events (20 events):
Event: 558.225 Executing VM operation: RevokeBias
Event: 558.226 Executing VM operation: RevokeBias done
Event: 558.226 Executing VM operation: RevokeBias
Event: 558.227 Executing VM operation: RevokeBias done
Event: 558.243 Executing VM operation: CGC_Operation
Event: 558.260 Executing VM operation: CGC_Operation done
Event: 558.374 loading class com/android/build/gradle/options/IntegerOption
Event: 558.374 loading class com/android/build/gradle/options/IntegerOption done
Event: 558.374 loading class com/android/build/gradle/options/ProjectOptions
Event: 558.374 loading class com/android/build/gradle/options/ProjectOptions done
Event: 558.375 loading class org/gradle/api/provider/Provider
Event: 558.375 loading class org/gradle/api/provider/Provider done
Event: 558.375 loading class com/android/build/gradle/options/ProjectOptions$OptionValue
Event: 558.375 loading class com/android/build/gradle/options/ProjectOptions$OptionValue done
Event: 558.377 Executing VM operation: RevokeBias
Event: 558.379 Executing VM operation: RevokeBias done
Event: 558.379 Executing VM operation: RevokeBias
Event: 558.380 Executing VM operation: RevokeBias done
Event: 558.380 Executing VM operation: RevokeBias
Event: 558.382 Executing VM operation: RevokeBias done


Dynamic libraries:
0x00007ff629fd0000 - 0x00007ff629fda000 	C:\Program Files\Android\Android Studio\jre\bin\java.exe
0x00007ffb91af0000 - 0x00007ffb91ce8000 	C:\Windows\SYSTEM32\ntdll.dll
0x00007ffb91890000 - 0x00007ffb9194f000 	C:\Windows\System32\KERNEL32.DLL
0x00007ffb8f520000 - 0x00007ffb8f816000 	C:\Windows\System32\KERNELBASE.dll
0x00007ffb8f880000 - 0x00007ffb8f980000 	C:\Windows\System32\ucrtbase.dll
0x00007ffb80220000 - 0x00007ffb80239000 	C:\Program Files\Android\Android Studio\jre\bin\jli.dll
0x00007ffb850f0000 - 0x00007ffb85107000 	C:\Program Files\Android\Android Studio\jre\bin\VCRUNTIME140.dll
0x00007ffb90ed0000 - 0x00007ffb9106d000 	C:\Windows\System32\USER32.dll
0x00007ffb799f0000 - 0x00007ffb79c8a000 	C:\Windows\WinSxS\amd64_microsoft.windows.common-controls_6595b64144ccf1df_6.0.19041.1110_none_60b5254171f9507e\COMCTL32.dll
0x00007ffb8f850000 - 0x00007ffb8f872000 	C:\Windows\System32\win32u.dll
0x00007ffb91950000 - 0x00007ffb919ee000 	C:\Windows\System32\msvcrt.dll
0x00007ffb90b20000 - 0x00007ffb90b4c000 	C:\Windows\System32\GDI32.dll
0x00007ffb8f220000 - 0x00007ffb8f335000 	C:\Windows\System32\gdi32full.dll
0x00007ffb8f3f0000 - 0x00007ffb8f48d000 	C:\Windows\System32\msvcp_win.dll
0x00007ffb91150000 - 0x00007ffb91180000 	C:\Windows\System32\IMM32.DLL
0x00007ffb56f10000 - 0x00007ffb56fad000 	C:\Program Files\Android\Android Studio\jre\bin\msvcp140.dll
0x00007ffb31050000 - 0x00007ffb31b1f000 	C:\Program Files\Android\Android Studio\jre\bin\server\jvm.dll
0x00007ffb90750000 - 0x00007ffb907ff000 	C:\Windows\System32\ADVAPI32.dll
0x00007ffb90800000 - 0x00007ffb9089c000 	C:\Windows\System32\sechost.dll
0x00007ffb90c80000 - 0x00007ffb90da6000 	C:\Windows\System32\RPCRT4.dll
0x00007ffb8fbb0000 - 0x00007ffb8fbb8000 	C:\Windows\System32\PSAPI.DLL
0x00007ffb88570000 - 0x00007ffb88579000 	C:\Windows\SYSTEM32\WSOCK32.dll
0x00007ffb85d20000 - 0x00007ffb85d2a000 	C:\Windows\SYSTEM32\VERSION.dll
0x00007ffb5f170000 - 0x00007ffb5f197000 	C:\Windows\SYSTEM32\WINMM.dll
0x00007ffb90e60000 - 0x00007ffb90ecb000 	C:\Windows\System32\ws2_32.DLL
0x00007ffb8da00000 - 0x00007ffb8da12000 	C:\Windows\SYSTEM32\kernel.appcore.dll
0x00007ffb884e0000 - 0x00007ffb884f1000 	C:\Program Files\Android\Android Studio\jre\bin\verify.dll
0x00007ffb8cf30000 - 0x00007ffb8d114000 	C:\Windows\SYSTEM32\DBGHELP.DLL
0x00007ffb703e0000 - 0x00007ffb70414000 	C:\Windows\SYSTEM32\dbgcore.DLL
0x00007ffb8f490000 - 0x00007ffb8f512000 	C:\Windows\System32\bcryptPrimitives.dll
0x00007ffb88010000 - 0x00007ffb88039000 	C:\Program Files\Android\Android Studio\jre\bin\java.dll
0x00007ffb884d0000 - 0x00007ffb884db000 	C:\Program Files\Android\Android Studio\jre\bin\jimage.dll
0x00007ffb87ff0000 - 0x00007ffb88008000 	C:\Program Files\Android\Android Studio\jre\bin\zip.dll
0x00007ffb8fca0000 - 0x00007ffb903e4000 	C:\Windows\System32\SHELL32.dll
0x00007ffb8d250000 - 0x00007ffb8d9e3000 	C:\Windows\SYSTEM32\windows.storage.dll
0x00007ffb903f0000 - 0x00007ffb90744000 	C:\Windows\System32\combase.dll
0x00007ffb8eba0000 - 0x00007ffb8ebce000 	C:\Windows\SYSTEM32\Wldp.dll
0x00007ffb90db0000 - 0x00007ffb90e5d000 	C:\Windows\System32\SHCORE.dll
0x00007ffb91a50000 - 0x00007ffb91aa5000 	C:\Windows\System32\shlwapi.dll
0x00007ffb8f100000 - 0x00007ffb8f125000 	C:\Windows\SYSTEM32\profapi.dll
0x00007ffb87fd0000 - 0x00007ffb87fea000 	C:\Program Files\Android\Android Studio\jre\bin\net.dll
0x00007ffb89470000 - 0x00007ffb8957a000 	C:\Windows\SYSTEM32\WINHTTP.dll
0x00007ffb8e8f0000 - 0x00007ffb8e95a000 	C:\Windows\system32\mswsock.dll
0x00007ffb87fb0000 - 0x00007ffb87fc4000 	C:\Program Files\Android\Android Studio\jre\bin\nio.dll
0x00007ffb80240000 - 0x00007ffb80267000 	C:\Users\Acer\.gradle\native\8bec1ad78214c89d9ad589b4d07fe93259594b29d510b10fafb7a158f7737e5d\windows-amd64\native-platform.dll
0x00007ffb72660000 - 0x00007ffb7279d000 	C:\Users\Acer\.gradle\native\53dbd7edfb1c66fb8903c78663c9afc45aea4f116125fa6feffd364cf09443e8\windows-amd64\native-platform-file-events.dll
0x00007ffb88130000 - 0x00007ffb8813a000 	C:\Program Files\Android\Android Studio\jre\bin\management.dll
0x00007ffb87fa0000 - 0x00007ffb87fac000 	C:\Program Files\Android\Android Studio\jre\bin\management_ext.dll
0x00007ffb8eae0000 - 0x00007ffb8eaf8000 	C:\Windows\SYSTEM32\CRYPTSP.dll
0x00007ffb8e1b0000 - 0x00007ffb8e1e4000 	C:\Windows\system32\rsaenh.dll
0x00007ffb8f820000 - 0x00007ffb8f847000 	C:\Windows\System32\bcrypt.dll
0x00007ffb8f0c0000 - 0x00007ffb8f0ee000 	C:\Windows\SYSTEM32\USERENV.dll
0x00007ffb8eb90000 - 0x00007ffb8eb9c000 	C:\Windows\SYSTEM32\CRYPTBASE.dll
0x00007ffb8e590000 - 0x00007ffb8e5cb000 	C:\Windows\SYSTEM32\IPHLPAPI.DLL
0x00007ffb8fbc0000 - 0x00007ffb8fbc8000 	C:\Windows\System32\NSI.dll
0x00007ffb835d0000 - 0x00007ffb835e7000 	C:\Windows\SYSTEM32\dhcpcsvc6.DLL
0x00007ffb85ad0000 - 0x00007ffb85aed000 	C:\Windows\SYSTEM32\dhcpcsvc.DLL
0x00007ffb8e5d0000 - 0x00007ffb8e69a000 	C:\Windows\SYSTEM32\DNSAPI.dll
0x00007ffb56ea0000 - 0x00007ffb56ec7000 	C:\Program Files\Android\Android Studio\jre\bin\sunec.dll

dbghelp: loaded successfully - version: 4.0.5 - missing functions: none
symbol engine: initialized successfully - sym options: 0x614 - pdb path: .;C:\Program Files\Android\Android Studio\jre\bin;C:\Windows\SYSTEM32;C:\Windows\WinSxS\amd64_microsoft.windows.common-controls_6595b64144ccf1df_6.0.19041.1110_none_60b5254171f9507e;C:\Program Files\Android\Android Studio\jre\bin\server;C:\Users\Acer\.gradle\native\8bec1ad78214c89d9ad589b4d07fe93259594b29d510b10fafb7a158f7737e5d\windows-amd64;C:\Users\Acer\.gradle\native\53dbd7edfb1c66fb8903c78663c9afc45aea4f116125fa6feffd364cf09443e8\windows-amd64

VM Arguments:
jvm_args: --add-opens=java.base/java.util=ALL-UNNAMED --add-opens=java.base/java.lang=ALL-UNNAMED --add-opens=java.base/java.lang.invoke=ALL-UNNAMED --add-opens=java.base/java.util=ALL-UNNAMED --add-opens=java.prefs/java.util.prefs=ALL-UNNAMED --add-opens=java.prefs/java.util.prefs=ALL-UNNAMED --add-opens=java.base/java.nio.charset=ALL-UNNAMED --add-opens=java.base/java.net=ALL-UNNAMED --add-opens=java.base/java.util.concurrent.atomic=ALL-UNNAMED -Xmx2048m -Dfile.encoding=UTF-8 -Duser.country=US -Duser.language=en -Duser.variant 
java_command: org.gradle.launcher.daemon.bootstrap.GradleDaemon 7.0.2
java_class_path (initial): C:\Users\Acer\.gradle\wrapper\dists\gradle-7.0.2-bin\857tjihv64xamwrf0h14cai3r\gradle-7.0.2\lib\gradle-launcher-7.0.2.jar
Launcher Type: SUN_STANDARD

[Global flags]
     intx CICompilerCount                          = 4                                         {product} {ergonomic}
     uint ConcGCThreads                            = 2                                         {product} {ergonomic}
     uint G1ConcRefinementThreads                  = 8                                         {product} {ergonomic}
   size_t G1HeapRegionSize                         = 1048576                                   {product} {ergonomic}
    uintx GCDrainStackTargetSize                   = 64                                        {product} {ergonomic}
   size_t InitialHeapSize                          = 132120576                                 {product} {ergonomic}
   size_t MarkStackSize                            = 4194304                                   {product} {ergonomic}
   size_t MaxHeapSize                              = 2147483648                                {product} {command line}
   size_t MaxNewSize                               = 1287651328                                {product} {ergonomic}
   size_t MinHeapDeltaBytes                        = 1048576                                   {product} {ergonomic}
    uintx NonNMethodCodeHeapSize                   = 5836300                                {pd product} {ergonomic}
    uintx NonProfiledCodeHeapSize                  = 122910970                              {pd product} {ergonomic}
    uintx ProfiledCodeHeapSize                     = 122910970                              {pd product} {ergonomic}
    uintx ReservedCodeCacheSize                    = 251658240                              {pd product} {ergonomic}
     bool SegmentedCodeCache                       = true                                      {product} {ergonomic}
     bool UseCompressedClassPointers               = true                                 {lp64_product} {ergonomic}
     bool UseCompressedOops                        = true                                 {lp64_product} {ergonomic}
     bool UseG1GC                                  = true                                      {product} {ergonomic}
     bool UseLargePagesIndividualAllocation        = false                                  {pd product} {ergonomic}

Logging:
Log output configuration:
 #0: stdout all=warning uptime,level,tags
 #1: stderr all=off uptime,level,tags

Environment Variables:
PATH=C:\Program Files (x86)\Common Files\Oracle\Java\javapath;C:\Windows\system32;C:\Windows;C:\Windows\System32\Wbem;C:\Windows\System32\WindowsPowerShell\v1.0\;C:\Windows\System32\OpenSSH\;C:\Program Files\Git\cmd;C:\Users\Acer\AppData\Local\Programs\Python\Python311\Scripts;C:\Users\Acer\AppData\Local\Programs\Microsoft VS Code\bin;C:\Users\Acer\AppData\Local\GitHubDesktop\bin
USERNAME=Acer
OS=Windows_NT
PROCESSOR_IDENTIFIER=Intel64 Family 6 Model 126 Stepping 5, GenuineIntel



---------------  S Y S T E M  ---------------

OS: Windows 10 , 64 bit Build 19041 (10.0.19041.3155)
OS uptime: 0 days 2:54 hours

CPU:total 8 (initial active 8) (4 cores per cpu, 2 threads per core) family 6 model 126 stepping 5 microcode 0x96, cmov, cx8, fxsr, mmx, sse, sse2, sse3, ssse3, sse4.1, sse4.2, popcnt, avx, avx2, aes, clmul, erms, 3dnowpref, lzcnt, ht, tsc, tscinvbit, bmi1, bmi2, adx, evex, sha, fma

Memory: 4k page, system-wide physical 7963M (546M free)
TotalPageFile size 9963M (AvailPageFile size 5M)
current process WorkingSet (physical memory assigned to process): 404M, peak: 479M
current process commit charge ("private bytes"): 556M, peak: 558M

vm_info: OpenJDK 64-Bit Server VM (11.0.10+0-b96-7249189) for windows-amd64 JRE (11.0.10+0-b96-7249189), built on Mar 31 2021 21:44:00 by "builder" with MS VC++ 14.0 (VS2015)

END.
