#
# There is insufficient memory for the Java Runtime Environment to continue.
# Native memory allocation (mmap) failed to map 132120576 bytes for Failed to commit area from 0x0000000083800000 to 0x000000008b600000 of length 132120576.
# Possible reasons:
#   The system is out of physical RAM or swap space
#   The process is running with CompressedOops enabled, and the Java Heap may be blocking the growth of the native heap
# Possible solutions:
#   Reduce memory load on the system
#   Increase physical memory or swap space
#   Check if swap backing store is full
#   Decrease Java heap size (-Xmx/-Xms)
#   Decrease number of Java threads
#   Decrease Java thread stack sizes (-Xss)
#   Set larger code cache with -XX:ReservedCodeCacheSize=
# This output file may be truncated or incomplete.
#
#  Out of Memory Error (./src/hotspot/os/windows/os_windows.cpp:3301), pid=9916, tid=8108
#
# JRE version:  (11.0.10) (build )
# Java VM: OpenJDK 64-Bit Server VM (11.0.10+0-b96-7249189, mixed mode, sharing, tiered, compressed oops, g1 gc, windows-amd64)
# No core dump will be written. Minidumps are not enabled by default on client versions of Windows
#

---------------  S U M M A R Y ------------

Command Line: org.jetbrains.git4idea.http.GitAskPassApp Username for 'https://github.com': 

Host: Intel(R) Core(TM) i5-1035G1 CPU @ 1.00GHz, 8 cores, 7G,  Windows 10 , 64 bit Build 19041 (10.0.19041.3155)
Time: Tue Sep  5 22:45:02 2023 Malay Peninsula Standard Time elapsed time: 0.035600 seconds (0d 0h 0m 0s)

---------------  T H R E A D  ---------------

Current thread (0x000001e914feb800):  JavaThread "Unknown thread" [_thread_in_vm, id=8108, stack(0x000000ae23600000,0x000000ae23700000)]

Stack: [0x000000ae23600000,0x000000ae23700000]
Native frames: (J=compiled Java code, j=interpreted, Vv=VM code, C=native code)
V  [jvm.dll+0x5ecfaa]
V  [jvm.dll+0x722bd5]
V  [jvm.dll+0x72412d]
V  [jvm.dll+0x7247e3]
V  [jvm.dll+0x242928]
V  [jvm.dll+0x5ea374]
V  [jvm.dll+0x5df425]
V  [jvm.dll+0x2fdebb]
V  [jvm.dll+0x2fde2a]
V  [jvm.dll+0x2fdd02]
V  [jvm.dll+0x302bf6]
V  [jvm.dll+0x34b2a3]
V  [jvm.dll+0x34b9a6]
V  [jvm.dll+0x34b3a3]
V  [jvm.dll+0x2d8888]
V  [jvm.dll+0x2d9a37]
V  [jvm.dll+0x701737]
V  [jvm.dll+0x702f2c]
V  [jvm.dll+0x3587d9]
V  [jvm.dll+0x6e4fae]
V  [jvm.dll+0x3c0be3]
V  [jvm.dll+0x3c2e91]
C  [jli.dll+0x5373]
C  [ucrtbase.dll+0x21bb2]
C  [KERNEL32.DLL+0x17614]
C  [ntdll.dll+0x526b1]


---------------  P R O C E S S  ---------------

Threads class SMR info:
_java_thread_list=0x000001e914e7fa90, length=0, elements={
}

Java Threads: ( => current thread )

Other Threads:
  0x000001e915003800 GCTaskThread "GC Thread#0" [stack: 0x000000ae23700000,0x000000ae23800000] [id=13092]
  0x000001e915035000 ConcurrentGCThread "G1 Main Marker" [stack: 0x000000ae23800000,0x000000ae23900000] [id=2028]
  0x000001e915038800 ConcurrentGCThread "G1 Conc#0" [stack: 0x000000ae23900000,0x000000ae23a00000] [id=12052]

[error occurred during error reporting (printing all threads), id 0xc0000005, EXCEPTION_ACCESS_VIOLATION (0xc0000005) at pc=0x00007ff9ff179107]

VM state:not at safepoint (not fully initialized)

VM Mutex/Monitor currently owned by a thread:  ([mutex/lock_event])
[0x000001e914fe7d60] Heap_lock - owner thread: 0x000001e914feb800

Heap address: 0x0000000083800000, size: 1992 MB, Compressed Oops mode: Non-zero based: 0x0000000083800000
Narrow klass base: 0x0000000000000000, Narrow klass shift: 0

GC Heap History (0 events):
No events

Deoptimization events (0 events):
No events

Classes redefined (0 events):
No events

Internal exceptions (0 events):
No events

Events (1 events):
Event: 0.025 Loaded shared library C:\Program Files\Android\Android Studio\jre\bin\zip.dll


Dynamic libraries:
0x00007ff60cf50000 - 0x00007ff60cf5a000 	C:\Program Files\Android\Android Studio\jre\bin\java.exe
0x00007ffa4d8d0000 - 0x00007ffa4dac8000 	C:\Windows\SYSTEM32\ntdll.dll
0x00007ffa4d020000 - 0x00007ffa4d0df000 	C:\Windows\System32\KERNEL32.DLL
0x00007ffa4b630000 - 0x00007ffa4b926000 	C:\Windows\System32\KERNELBASE.dll
0x00007ffa4b2d0000 - 0x00007ffa4b3d0000 	C:\Windows\System32\ucrtbase.dll
0x00007ffa2e270000 - 0x00007ffa2e287000 	C:\Program Files\Android\Android Studio\jre\bin\VCRUNTIME140.dll
0x00007ffa38930000 - 0x00007ffa38949000 	C:\Program Files\Android\Android Studio\jre\bin\jli.dll
0x00007ffa4d6f0000 - 0x00007ffa4d88d000 	C:\Windows\System32\USER32.dll
0x00007ffa34500000 - 0x00007ffa3479a000 	C:\Windows\WinSxS\amd64_microsoft.windows.common-controls_6595b64144ccf1df_6.0.19041.1110_none_60b5254171f9507e\COMCTL32.dll
0x00007ffa4b5b0000 - 0x00007ffa4b5d2000 	C:\Windows\System32\win32u.dll
0x00007ffa4d390000 - 0x00007ffa4d42e000 	C:\Windows\System32\msvcrt.dll
0x00007ffa4d0e0000 - 0x00007ffa4d10c000 	C:\Windows\System32\GDI32.dll
0x00007ffa4b180000 - 0x00007ffa4b295000 	C:\Windows\System32\gdi32full.dll
0x00007ffa4b3d0000 - 0x00007ffa4b46d000 	C:\Windows\System32\msvcp_win.dll
0x00007ffa4d240000 - 0x00007ffa4d270000 	C:\Windows\System32\IMM32.DLL
0x00007ffa2e1d0000 - 0x00007ffa2e26d000 	C:\Program Files\Android\Android Studio\jre\bin\msvcp140.dll
0x00007ff9fee90000 - 0x00007ff9ff95f000 	C:\Program Files\Android\Android Studio\jre\bin\server\jvm.dll
0x00007ffa4c940000 - 0x00007ffa4c9ef000 	C:\Windows\System32\ADVAPI32.dll
0x00007ffa4b990000 - 0x00007ffa4ba2c000 	C:\Windows\System32\sechost.dll
0x00007ffa4bad0000 - 0x00007ffa4bbf6000 	C:\Windows\System32\RPCRT4.dll
0x00007ffa4ba30000 - 0x00007ffa4ba38000 	C:\Windows\System32\PSAPI.DLL
0x00007ffa3fd90000 - 0x00007ffa3fd9a000 	C:\Windows\SYSTEM32\VERSION.dll
0x00007ffa1c380000 - 0x00007ffa1c3a7000 	C:\Windows\SYSTEM32\WINMM.dll
0x00007ffa43200000 - 0x00007ffa43209000 	C:\Windows\SYSTEM32\WSOCK32.dll
0x00007ffa4d320000 - 0x00007ffa4d38b000 	C:\Windows\System32\ws2_32.DLL
0x00007ffa49830000 - 0x00007ffa49842000 	C:\Windows\SYSTEM32\kernel.appcore.dll
0x00007ffa28930000 - 0x00007ffa28941000 	C:\Program Files\Android\Android Studio\jre\bin\verify.dll
0x00007ffa48bc0000 - 0x00007ffa48da4000 	C:\Windows\SYSTEM32\DBGHELP.DLL
0x00007ffa2b1f0000 - 0x00007ffa2b224000 	C:\Windows\SYSTEM32\dbgcore.DLL
0x00007ffa4b520000 - 0x00007ffa4b5a2000 	C:\Windows\System32\bcryptPrimitives.dll
0x00007ffa27010000 - 0x00007ffa27039000 	C:\Program Files\Android\Android Studio\jre\bin\java.dll
0x00007ffa38990000 - 0x00007ffa3899b000 	C:\Program Files\Android\Android Studio\jre\bin\jimage.dll
0x00007ffa26ff0000 - 0x00007ffa27008000 	C:\Program Files\Android\Android Studio\jre\bin\zip.dll

dbghelp: loaded successfully - version: 4.0.5 - missing functions: none
symbol engine: initialized successfully - sym options: 0x614 - pdb path: .;C:\Program Files\Android\Android Studio\jre\bin;C:\Windows\SYSTEM32;C:\Windows\WinSxS\amd64_microsoft.windows.common-controls_6595b64144ccf1df_6.0.19041.1110_none_60b5254171f9507e;C:\Program Files\Android\Android Studio\jre\bin\server

VM Arguments:
java_command: org.jetbrains.git4idea.http.GitAskPassApp Username for 'https://github.com': 
java_class_path (initial): C:/Program Files/Android/Android Studio/plugins/git4idea/lib/git4idea-rt.jar;C:/Program Files/Android/Android Studio/lib/xmlrpc-2.0.1.jar;C:/Program Files/Android/Android Studio/lib/commons-codec-1.14.jar
Launcher Type: SUN_STANDARD

[Global flags]
     intx CICompilerCount                          = 4                                         {product} {ergonomic}
     uint ConcGCThreads                            = 2                                         {product} {ergonomic}
     uint G1ConcRefinementThreads                  = 8                                         {product} {ergonomic}
   size_t G1HeapRegionSize                         = 1048576                                   {product} {ergonomic}
    uintx GCDrainStackTargetSize                   = 64                                        {product} {ergonomic}
   size_t InitialHeapSize                          = 132120576                                 {product} {ergonomic}
   size_t MarkStackSize                            = 4194304                                   {product} {ergonomic}
   size_t MaxHeapSize                              = 2088763392                                {product} {ergonomic}
   size_t MinHeapDeltaBytes                        = 1048576                                   {product} {ergonomic}
    uintx NonNMethodCodeHeapSize                   = 5836300                                {pd product} {ergonomic}
    uintx NonProfiledCodeHeapSize                  = 122910970                              {pd product} {ergonomic}
    uintx ProfiledCodeHeapSize                     = 122910970                              {pd product} {ergonomic}
    uintx ReservedCodeCacheSize                    = 251658240                              {pd product} {ergonomic}
     bool SegmentedCodeCache                       = true                                      {product} {ergonomic}
     bool UseCompressedClassPointers               = true                                 {lp64_product} {ergonomic}
     bool UseCompressedOops                        = true                                 {lp64_product} {ergonomic}
     bool UseG1GC                                  = true                                      {product} {ergonomic}
     bool UseLargePagesIndividualAllocation        = false                                  {pd product} {ergonomic}

Logging:
Log output configuration:
 #0: stdout all=warning uptime,level,tags
 #1: stderr all=off uptime,level,tags

Environment Variables:
PATH=C:/Program Files/Git/mingw64/libexec/git-core;C:/Program Files/Git/mingw64/libexec/git-core;C:\Program Files\Git\mingw64\bin;C:\Program Files\Git\usr\bin;C:\Users\Acer\bin;C:\Program Files (x86)\Common Files\Oracle\Java\javapath;C:\Windows\system32;C:\Windows;C:\Windows\System32\Wbem;C:\Windows\System32\WindowsPowerShell\v1.0\;C:\Windows\System32\OpenSSH\;C:\Program Files\Git\cmd;C:\Users\Acer\AppData\Local\Programs\Python\Python311\Scripts;C:\Users\Acer\AppData\Local\Programs\Microsoft VS Code\bin;C:\Users\Acer\AppData\Local\GitHubDesktop\bin
USERNAME=Acer
DISPLAY=:0.0
LC_ALL=en_US.UTF-8
OS=Windows_NT
PROCESSOR_IDENTIFIER=Intel64 Family 6 Model 126 Stepping 5, GenuineIntel



---------------  S Y S T E M  ---------------

OS: Windows 10 , 64 bit Build 19041 (10.0.19041.3155)
OS uptime: 0 days 10:52 hours

CPU:total 8 (initial active 8) (4 cores per cpu, 2 threads per core) family 6 model 126 stepping 5 microcode 0x96, cmov, cx8, fxsr, mmx, sse, sse2, sse3, ssse3, sse4.1, sse4.2, popcnt, avx, avx2, aes, clmul, erms, 3dnowpref, lzcnt, ht, tsc, tscinvbit, bmi1, bmi2, adx, evex, sha, fma

Memory: 4k page, system-wide physical 7963M (1553M free)
TotalPageFile size 15963M (AvailPageFile size 33M)
current process WorkingSet (physical memory assigned to process): 10M, peak: 10M
current process commit charge ("private bytes"): 60M, peak: 185M

vm_info: OpenJDK 64-Bit Server VM (11.0.10+0-b96-7249189) for windows-amd64 JRE (11.0.10+0-b96-7249189), built on Mar 31 2021 21:44:00 by "builder" with MS VC++ 14.0 (VS2015)

END.
