#
# There is insufficient memory for the Java Runtime Environment to continue.
# Native memory allocation (mmap) failed to map 109051904 bytes for Failed to commit area from 0x000000008dc00000 to 0x0000000094400000 of length 109051904.
# Possible reasons:
#   The system is out of physical RAM or swap space
#   The process is running with CompressedOops enabled, and the Java Heap may be blocking the growth of the native heap
# Possible solutions:
#   Reduce memory load on the system
#   Increase physical memory or swap space
#   Check if swap backing store is full
#   Decrease Java heap size (-Xmx/-Xms)
#   Decrease number of Java threads
#   Decrease Java thread stack sizes (-Xss)
#   Set larger code cache with -XX:ReservedCodeCacheSize=
#   JVM is running with Unscaled Compressed Oops mode in which the Java heap is
#     placed in the first 4GB address space. The Java Heap base address is the
#     maximum limit for the native heap growth. Please use -XX:HeapBaseMinAddress
#     to set the Java Heap base and to place the Java Heap above 4GB virtual address.
# This output file may be truncated or incomplete.
#
#  Out of Memory Error (./src/hotspot/os/windows/os_windows.cpp:3301), pid=3420, tid=932
#
# JRE version: OpenJDK Runtime Environment (11.0.10) (build 11.0.10+0-b96-7249189)
# Java VM: OpenJDK 64-Bit Server VM (11.0.10+0-b96-7249189, mixed mode, tiered, compressed oops, g1 gc, windows-amd64)
# No core dump will be written. Minidumps are not enabled by default on client versions of Windows
#

---------------  S U M M A R Y ------------

Command Line: --add-opens=java.base/java.util=ALL-UNNAMED --add-opens=java.base/java.lang=ALL-UNNAMED --add-opens=java.base/java.lang.invoke=ALL-UNNAMED --add-opens=java.base/java.util=ALL-UNNAMED --add-opens=java.prefs/java.util.prefs=ALL-UNNAMED --add-opens=java.prefs/java.util.prefs=ALL-UNNAMED --add-opens=java.base/java.nio.charset=ALL-UNNAMED --add-opens=java.base/java.net=ALL-UNNAMED --add-opens=java.base/java.util.concurrent.atomic=ALL-UNNAMED -Xmx2048m -Dfile.encoding=UTF-8 -Duser.country=US -Duser.language=en -Duser.variant org.gradle.launcher.daemon.bootstrap.GradleDaemon 7.0.2

Host: Intel(R) Core(TM) i5-1035G1 CPU @ 1.00GHz, 8 cores, 7G,  Windows 10 , 64 bit Build 19041 (10.0.19041.3155)
Time: Sun Aug 27 12:35:34 2023 Malay Peninsula Standard Time elapsed time: 1177.009080 seconds (0d 0h 19m 37s)

---------------  T H R E A D  ---------------

Current thread (0x000001f01c85e800):  VMThread "VM Thread" [stack: 0x000000e43ff00000,0x000000e440000000] [id=932]

Stack: [0x000000e43ff00000,0x000000e440000000]
[error occurred during error reporting (printing stack bounds), id 0xc0000005, EXCEPTION_ACCESS_VIOLATION (0xc0000005) at pc=0x000001f0057010e7]

Native frames: (J=compiled Java code, j=interpreted, Vv=VM code, C=native code)
V  [jvm.dll+0x5ecfaa]
V  [jvm.dll+0x722bd5]
V  [jvm.dll+0x72412d]
V  [jvm.dll+0x724745]
V  [jvm.dll+0x7246fb]
V  [jvm.dll+0x5ec348]
V  [jvm.dll+0x5ecad8]
C  [ntdll.dll+0xa23df]
C  [ntdll.dll+0x514b4]
C  [ntdll.dll+0xa0eee]
C  0x000001f0057010e7

VM_Operation (0x000000e4433f8c50): G1CollectForAllocation, mode: safepoint, requested by thread 0x000001f01f8e8000


---------------  P R O C E S S  ---------------

Threads class SMR info:
_java_thread_list=0x000001f01f9dfc30, length=67, elements={
0x000001f001bfc800, 0x000001f01c863000, 0x000001f01c865000, 0x000001f01c879000,
0x000001f01c87c000, 0x000001f01c87d800, 0x000001f01c880000, 0x000001f01c883000,
0x000001f01c895800, 0x000001f01d36b800, 0x000001f01f964800, 0x000001f01d503000,
0x000001f01d592800, 0x000001f01e3a9000, 0x000001f01e3ab000, 0x000001f01e3ab800,
0x000001f01e3ac800, 0x000001f01e3ad000, 0x000001f01e3aa000, 0x000001f01f8dc800,
0x000001f01f8df000, 0x000001f01f8dc000, 0x000001f01f8da000, 0x000001f01f8db000,
0x000001f01f8de000, 0x000001f01f8e0000, 0x000001f01f8dd800, 0x000001f01f8e4800,
0x000001f01e0ad000, 0x000001f01e0a5800, 0x000001f01e0a6800, 0x000001f01e0a8000,
0x000001f01e0ae800, 0x000001f01e0a9000, 0x000001f01e0af800, 0x000001f01e0aa800,
0x000001f01e0a9800, 0x000001f01e0ab800, 0x000001f01e0b2800, 0x000001f01e0b0000,
0x000001f01e0b4800, 0x000001f01e0b1000, 0x000001f01e0b3800, 0x000001f01f8e0800,
0x000001f01f8e4000, 0x000001f01f8e1800, 0x000001f01f8e3000, 0x000001f01f8e8000,
0x000001f01f8e2800, 0x000001f01f8e9000, 0x000001f01e3af800, 0x000001f01e3ae000,
0x000001f01e3af000, 0x000001f024a7e800, 0x000001f024a80000, 0x000001f024a83800,
0x000001f024a82000, 0x000001f024a82800, 0x000001f024a7f800, 0x000001f024a81000,
0x000001f024a7e000, 0x000001f024a87800, 0x000001f024a89000, 0x000001f024a88800,
0x000001f024a84800, 0x000001f024a8a000, 0x000001f024a8b000
}

Java Threads: ( => current thread )
  0x000001f001bfc800 JavaThread "main" [_thread_blocked, id=13020, stack(0x000000e43f900000,0x000000e43fa00000)]
  0x000001f01c863000 JavaThread "Reference Handler" daemon [_thread_blocked, id=8904, stack(0x000000e440000000,0x000000e440100000)]
  0x000001f01c865000 JavaThread "Finalizer" daemon [_thread_blocked, id=4236, stack(0x000000e440100000,0x000000e440200000)]
  0x000001f01c879000 JavaThread "Signal Dispatcher" daemon [_thread_blocked, id=3528, stack(0x000000e440200000,0x000000e440300000)]
  0x000001f01c87c000 JavaThread "Attach Listener" daemon [_thread_blocked, id=3668, stack(0x000000e440300000,0x000000e440400000)]
  0x000001f01c87d800 JavaThread "Service Thread" daemon [_thread_blocked, id=13168, stack(0x000000e440400000,0x000000e440500000)]
  0x000001f01c880000 JavaThread "C2 CompilerThread0" daemon [_thread_blocked, id=13136, stack(0x000000e440500000,0x000000e440600000)]
  0x000001f01c883000 JavaThread "C1 CompilerThread0" daemon [_thread_blocked, id=4840, stack(0x000000e440600000,0x000000e440700000)]
  0x000001f01c895800 JavaThread "Sweeper thread" daemon [_thread_blocked, id=3352, stack(0x000000e440700000,0x000000e440800000)]
  0x000001f01d36b800 JavaThread "Common-Cleaner" daemon [_thread_blocked, id=9028, stack(0x000000e440800000,0x000000e440900000)]
  0x000001f01f964800 JavaThread "Daemon health stats" [_thread_blocked, id=9260, stack(0x000000e440e00000,0x000000e440f00000)]
  0x000001f01d503000 JavaThread "Incoming local TCP Connector on port 59555" [_thread_in_native, id=14072, stack(0x000000e440a00000,0x000000e440b00000)]
  0x000001f01d592800 JavaThread "Daemon periodic checks" [_thread_blocked, id=1204, stack(0x000000e440b00000,0x000000e440c00000)]
  0x000001f01e3a9000 JavaThread "Cache worker for file hash cache (C:\Users\Acer\.gradle\caches\7.0.2\fileHashes)" [_thread_blocked, id=13436, stack(0x000000e441b00000,0x000000e441c00000)]
  0x000001f01e3ab000 JavaThread "File lock request listener" [_thread_in_native, id=3476, stack(0x000000e441c00000,0x000000e441d00000)]
  0x000001f01e3ab800 JavaThread "Cache worker for journal cache (C:\Users\Acer\.gradle\caches\journal-1)" [_thread_blocked, id=12824, stack(0x000000e441e00000,0x000000e441f00000)]
  0x000001f01e3ac800 JavaThread "File watcher server" daemon [_thread_blocked, id=14252, stack(0x000000e442100000,0x000000e442200000)]
  0x000001f01e3ad000 JavaThread "File watcher consumer" daemon [_thread_blocked, id=2972, stack(0x000000e442200000,0x000000e442300000)]
  0x000001f01e3aa000 JavaThread "jar transforms" [_thread_blocked, id=4296, stack(0x000000e442300000,0x000000e442400000)]
  0x000001f01f8dc800 JavaThread "jar transforms Thread 2" [_thread_blocked, id=13024, stack(0x000000e442400000,0x000000e442500000)]
  0x000001f01f8df000 JavaThread "jar transforms Thread 3" [_thread_blocked, id=2236, stack(0x000000e442500000,0x000000e442600000)]
  0x000001f01f8dc000 JavaThread "jar transforms Thread 4" [_thread_blocked, id=8892, stack(0x000000e442600000,0x000000e442700000)]
  0x000001f01f8da000 JavaThread "jar transforms Thread 5" [_thread_blocked, id=9392, stack(0x000000e442700000,0x000000e442800000)]
  0x000001f01f8db000 JavaThread "jar transforms Thread 6" [_thread_blocked, id=7364, stack(0x000000e442800000,0x000000e442900000)]
  0x000001f01f8de000 JavaThread "jar transforms Thread 7" [_thread_blocked, id=6304, stack(0x000000e442900000,0x000000e442a00000)]
  0x000001f01f8e0000 JavaThread "jar transforms Thread 8" [_thread_blocked, id=7140, stack(0x000000e442b00000,0x000000e442c00000)]
  0x000001f01f8dd800 JavaThread "Cache worker for execution history cache (C:\Users\Acer\.gradle\caches\7.0.2\executionHistory)" [_thread_blocked, id=1504, stack(0x000000e442f00000,0x000000e443000000)]
  0x000001f01f8e4800 JavaThread "Cache worker for file content cache (C:\Users\Acer\.gradle\caches\7.0.2\fileContent)" [_thread_blocked, id=13476, stack(0x000000e443000000,0x000000e443100000)]
  0x000001f01e0ad000 JavaThread "Memory manager" [_thread_blocked, id=8768, stack(0x000000e443b00000,0x000000e443c00000)]
  0x000001f01e0a5800 JavaThread "Daemon Thread 2" [_thread_blocked, id=2304, stack(0x000000e43f600000,0x000000e43f700000)]
  0x000001f01e0a6800 JavaThread "Handler for socket connection from /127.0.0.1:59555 to /127.0.0.1:60424" [_thread_in_native, id=6552, stack(0x000000e43f700000,0x000000e43f800000)]
  0x000001f01e0a8000 JavaThread "Cancel handler" [_thread_blocked, id=11544, stack(0x000000e43f800000,0x000000e43f900000)]
  0x000001f01e0ae800 JavaThread "Daemon worker Thread 2" [_thread_blocked, id=2740, stack(0x000000e440f00000,0x000000e441000000)]
  0x000001f01e0a9000 JavaThread "Asynchronous log dispatcher for DefaultDaemonConnection: socket connection from /127.0.0.1:59555 to /127.0.0.1:60424" [_thread_blocked, id=13344, stack(0x000000e441000000,0x000000e441100000)]
  0x000001f01e0af800 JavaThread "Stdin handler" [_thread_blocked, id=9352, stack(0x000000e441100000,0x000000e441200000)]
  0x000001f01e0aa800 JavaThread "Daemon client event forwarder" [_thread_blocked, id=4936, stack(0x000000e441200000,0x000000e441300000)]
  0x000001f01e0a9800 JavaThread "Cache worker for file hash cache (C:\Users\Acer\Documents\GitHub\MADGroupAssignment\.gradle\7.0.2\fileHashes)" [_thread_blocked, id=9212, stack(0x000000e441300000,0x000000e441400000)]
  0x000001f01e0ab800 JavaThread "Cache worker for checksums cache (C:\Users\Acer\Documents\GitHub\MADGroupAssignment\.gradle\checksums)" [_thread_blocked, id=5872, stack(0x000000e441400000,0x000000e441500000)]
  0x000001f01e0b2800 JavaThread "Cache worker for cache directory md-supplier (C:\Users\Acer\.gradle\caches\7.0.2\md-supplier)" [_thread_blocked, id=6608, stack(0x000000e441500000,0x000000e441600000)]
  0x000001f01e0b0000 JavaThread "Cache worker for cache directory md-rule (C:\Users\Acer\.gradle\caches\7.0.2\md-rule)" [_thread_blocked, id=4056, stack(0x000000e441f00000,0x000000e442000000)]
  0x000001f01e0b4800 JavaThread "Cache worker for dependencies-accessors (C:\Users\Acer\Documents\GitHub\MADGroupAssignment\.gradle\7.0.2\dependencies-accessors)" [_thread_blocked, id=1484, stack(0x000000e442000000,0x000000e442100000)]
  0x000001f01e0b1000 JavaThread "Cache worker for Build Output Cleanup Cache (C:\Users\Acer\Documents\GitHub\MADGroupAssignment\.gradle\buildOutputCleanup)" [_thread_blocked, id=8116, stack(0x000000e442a00000,0x000000e442b00000)]
  0x000001f01e0b3800 JavaThread "Build operations" [_thread_blocked, id=3960, stack(0x000000e442c00000,0x000000e442d00000)]
  0x000001f01f8e0800 JavaThread "Build operations Thread 2" [_thread_blocked, id=1748, stack(0x000000e442d00000,0x000000e442e00000)]
  0x000001f01f8e4000 JavaThread "Build operations Thread 3" [_thread_blocked, id=4440, stack(0x000000e442e00000,0x000000e442f00000)]
  0x000001f01f8e1800 JavaThread "Build operations Thread 4" [_thread_blocked, id=3076, stack(0x000000e443100000,0x000000e443200000)]
  0x000001f01f8e3000 JavaThread "Build operations Thread 5" [_thread_blocked, id=11208, stack(0x000000e443200000,0x000000e443300000)]
  0x000001f01f8e8000 JavaThread "Build operations Thread 6" [_thread_blocked, id=6864, stack(0x000000e443300000,0x000000e443400000)]
  0x000001f01f8e2800 JavaThread "Build operations Thread 7" [_thread_blocked, id=1412, stack(0x000000e443400000,0x000000e443500000)]
  0x000001f01f8e9000 JavaThread "Build operations Thread 8" [_thread_blocked, id=10252, stack(0x000000e443500000,0x000000e443600000)]
  0x000001f01e3af800 JavaThread "build event listener" [_thread_blocked, id=13396, stack(0x000000e443600000,0x000000e443700000)]
  0x000001f01e3ae000 JavaThread "Execution worker for ':'" [_thread_blocked, id=2808, stack(0x000000e443700000,0x000000e443800000)]
  0x000001f01e3af000 JavaThread "Execution worker for ':' Thread 2" [_thread_blocked, id=6208, stack(0x000000e443800000,0x000000e443900000)]
  0x000001f024a7e800 JavaThread "Execution worker for ':' Thread 3" [_thread_blocked, id=6972, stack(0x000000e443900000,0x000000e443a00000)]
  0x000001f024a80000 JavaThread "Execution worker for ':' Thread 4" [_thread_blocked, id=7812, stack(0x000000e443a00000,0x000000e443b00000)]
  0x000001f024a83800 JavaThread "Execution worker for ':' Thread 5" [_thread_blocked, id=8172, stack(0x000000e443c00000,0x000000e443d00000)]
  0x000001f024a82000 JavaThread "Execution worker for ':' Thread 6" [_thread_blocked, id=6848, stack(0x000000e443d00000,0x000000e443e00000)]
  0x000001f024a82800 JavaThread "Execution worker for ':' Thread 7" [_thread_blocked, id=3996, stack(0x000000e443e00000,0x000000e443f00000)]
  0x000001f024a7f800 JavaThread "Cache worker for execution history cache (C:\Users\Acer\Documents\GitHub\MADGroupAssignment\.gradle\7.0.2\executionHistory)" [_thread_blocked, id=8756, stack(0x000000e443f00000,0x000000e444000000)]
  0x000001f024a81000 JavaThread "WorkerExecutor Queue" [_thread_blocked, id=11792, stack(0x000000e444000000,0x000000e444100000)]
  0x000001f024a7e000 JavaThread "WorkerExecutor Queue Thread 2" [_thread_blocked, id=10028, stack(0x000000e444100000,0x000000e444200000)]
  0x000001f024a87800 JavaThread "WorkerExecutor Queue Thread 3" [_thread_blocked, id=6996, stack(0x000000e444200000,0x000000e444300000)]
  0x000001f024a89000 JavaThread "WorkerExecutor Queue Thread 4" [_thread_blocked, id=1084, stack(0x000000e444300000,0x000000e444400000)]
  0x000001f024a88800 JavaThread "WorkerExecutor Queue Thread 5" [_thread_blocked, id=4756, stack(0x000000e444400000,0x000000e444500000)]
  0x000001f024a84800 JavaThread "WorkerExecutor Queue Thread 6" [_thread_blocked, id=4264, stack(0x000000e444500000,0x000000e444600000)]
  0x000001f024a8a000 JavaThread "WorkerExecutor Queue Thread 7" [_thread_blocked, id=11812, stack(0x000000e444600000,0x000000e444700000)]
  0x000001f024a8b000 JavaThread "WorkerExecutor Queue Thread 8" [_thread_blocked, id=1696, stack(0x000000e444700000,0x000000e444800000)]

Other Threads:
=>0x000001f01c85e800 VMThread "VM Thread" [stack: 0x000000e43ff00000,0x000000e440000000] [id=932]
  0x000001f01d37f800 WatcherThread [stack: 0x000000e440900000,0x000000e440a00000] [id=12948]
  0x000001f001c16000 GCTaskThread "GC Thread#0" [stack: 0x000000e43fa00000,0x000000e43fb00000] [id=5696]
  0x000001f01db62800 GCTaskThread "GC Thread#1" [stack: 0x000000e440c00000,0x000000e440d00000] [id=14204]
  0x000001f01d9f3000 GCTaskThread "GC Thread#2" [stack: 0x000000e440d00000,0x000000e440e00000] [id=3144]
  0x000001f01ec4f800 GCTaskThread "GC Thread#3" [stack: 0x000000e441600000,0x000000e441700000] [id=2452]
  0x000001f01f7c2800 GCTaskThread "GC Thread#4" [stack: 0x000000e441700000,0x000000e441800000] [id=6260]
  0x000001f01f463800 GCTaskThread "GC Thread#5" [stack: 0x000000e441800000,0x000000e441900000] [id=13932]
  0x000001f01fb5c800 GCTaskThread "GC Thread#6" [stack: 0x000000e441900000,0x000000e441a00000] [id=11924]
  0x000001f01fb5d800 GCTaskThread "GC Thread#7" [stack: 0x000000e441a00000,0x000000e441b00000] [id=11068]
  0x000001f001c47000 ConcurrentGCThread "G1 Main Marker" [stack: 0x000000e43fb00000,0x000000e43fc00000] [id=6836]
  0x000001f001c48000 ConcurrentGCThread "G1 Conc#0" [stack: 0x000000e43fc00000,0x000000e43fd00000] [id=13992]
  0x000001f01f7a4000 ConcurrentGCThread "G1 Conc#1" [stack: 0x000000e441d00000,0x000000e441e00000] [id=7124]
  0x000001f001cd6800 ConcurrentGCThread "G1 Refine#0" [stack: 0x000000e43fd00000,0x000000e43fe00000] [id=3052]
  0x000001f01c6b0800 ConcurrentGCThread "G1 Young RemSet Sampling" [stack: 0x000000e43fe00000,0x000000e43ff00000] [id=6540]

Threads with active compile tasks:
C2 CompilerThread01177057 17917       4       java.util.TimSort::countRunAndMakeAscending (128 bytes)
C1 CompilerThread01177057 17963       2       com.android.tools.r8.internal.ka::a (1420 bytes)

VM state:at safepoint (normal execution)

VM Mutex/Monitor currently owned by a thread:  ([mutex/lock_event])
[0x000001f001bf7810] Threads_lock - owner thread: 0x000001f01c85e800
[0x000001f001bf81a0] Heap_lock - owner thread: 0x000001f01f8e8000

Heap address: 0x0000000080000000, size: 2048 MB, Compressed Oops mode: 32-bit
Narrow klass base: 0x0000000000000000, Narrow klass shift: 3
Compressed class space size: 1073741824 Address: 0x0000000100000000

Heap:
 garbage-first heap   total 331776K, used 146995K [0x0000000080000000, 0x0000000100000000)
  region size 1024K, 2 young (2048K), 2 survivors (2048K)
 Metaspace       used 124060K, capacity 127846K, committed 128128K, reserved 1161216K
  class space    used 15841K, capacity 17209K, committed 17280K, reserved 1048576K
Heap Regions: E=young(eden), S=young(survivor), O=old, HS=humongous(starts), HC=humongous(continues), CS=collection set, F=free, A=archive, TAMS=top-at-mark-start (previous, next)
|   0|0x0000000080000000, 0x0000000080100000, 0x0000000080100000|100%| O|  |TAMS 0x0000000080100000, 0x0000000080100000| Untracked 
|   1|0x0000000080100000, 0x0000000080200000, 0x0000000080200000|100%| O|  |TAMS 0x0000000080200000, 0x0000000080200000| Untracked 
|   2|0x0000000080200000, 0x0000000080300000, 0x0000000080300000|100%| O|  |TAMS 0x0000000080300000, 0x0000000080300000| Untracked 
|   3|0x0000000080300000, 0x0000000080400000, 0x0000000080400000|100%|HS|  |TAMS 0x0000000080400000, 0x0000000080400000| Complete 
|   4|0x0000000080400000, 0x0000000080500000, 0x0000000080500000|100%|HC|  |TAMS 0x0000000080500000, 0x0000000080500000| Complete 
|   5|0x0000000080500000, 0x0000000080600000, 0x0000000080600000|100%|HC|  |TAMS 0x0000000080600000, 0x0000000080600000| Complete 
|   6|0x0000000080600000, 0x0000000080700000, 0x0000000080700000|100%| O|  |TAMS 0x0000000080700000, 0x0000000080700000| Untracked 
|   7|0x0000000080700000, 0x0000000080800000, 0x0000000080800000|100%| O|  |TAMS 0x0000000080800000, 0x0000000080800000| Untracked 
|   8|0x0000000080800000, 0x0000000080900000, 0x0000000080900000|100%| O|  |TAMS 0x0000000080900000, 0x0000000080900000| Untracked 
|   9|0x0000000080900000, 0x0000000080a00000, 0x0000000080a00000|100%| O|  |TAMS 0x0000000080a00000, 0x0000000080a00000| Untracked 
|  10|0x0000000080a00000, 0x0000000080b00000, 0x0000000080b00000|100%| O|  |TAMS 0x0000000080b00000, 0x0000000080b00000| Untracked 
|  11|0x0000000080b00000, 0x0000000080c00000, 0x0000000080c00000|100%| O|  |TAMS 0x0000000080c00000, 0x0000000080c00000| Untracked 
|  12|0x0000000080c00000, 0x0000000080d00000, 0x0000000080d00000|100%| O|  |TAMS 0x0000000080d00000, 0x0000000080d00000| Untracked 
|  13|0x0000000080d00000, 0x0000000080e00000, 0x0000000080e00000|100%| O|  |TAMS 0x0000000080e00000, 0x0000000080e00000| Untracked 
|  14|0x0000000080e00000, 0x0000000080f00000, 0x0000000080f00000|100%| O|  |TAMS 0x0000000080f00000, 0x0000000080f00000| Untracked 
|  15|0x0000000080f00000, 0x0000000081000000, 0x0000000081000000|100%| O|  |TAMS 0x0000000081000000, 0x0000000081000000| Untracked 
|  16|0x0000000081000000, 0x0000000081100000, 0x0000000081100000|100%| O|  |TAMS 0x0000000081100000, 0x0000000081100000| Untracked 
|  17|0x0000000081100000, 0x0000000081200000, 0x0000000081200000|100%|HS|  |TAMS 0x0000000081200000, 0x0000000081200000| Complete 
|  18|0x0000000081200000, 0x0000000081300000, 0x0000000081300000|100%|HC|  |TAMS 0x0000000081300000, 0x0000000081300000| Complete 
|  19|0x0000000081300000, 0x0000000081400000, 0x0000000081400000|100%|HS|  |TAMS 0x0000000081400000, 0x0000000081400000| Complete 
|  20|0x0000000081400000, 0x0000000081500000, 0x0000000081500000|100%|HC|  |TAMS 0x0000000081500000, 0x0000000081500000| Complete 
|  21|0x0000000081500000, 0x0000000081600000, 0x0000000081600000|100%|HC|  |TAMS 0x0000000081600000, 0x0000000081600000| Complete 
|  22|0x0000000081600000, 0x0000000081700000, 0x0000000081700000|100%|HS|  |TAMS 0x0000000081700000, 0x0000000081700000| Complete 
|  23|0x0000000081700000, 0x0000000081800000, 0x0000000081800000|100%|HC|  |TAMS 0x0000000081800000, 0x0000000081800000| Complete 
|  24|0x0000000081800000, 0x0000000081900000, 0x0000000081900000|100%|HC|  |TAMS 0x0000000081900000, 0x0000000081900000| Complete 
|  25|0x0000000081900000, 0x0000000081a00000, 0x0000000081a00000|100%|HC|  |TAMS 0x0000000081a00000, 0x0000000081a00000| Complete 
|  26|0x0000000081a00000, 0x0000000081b00000, 0x0000000081b00000|100%|HC|  |TAMS 0x0000000081b00000, 0x0000000081b00000| Complete 
|  27|0x0000000081b00000, 0x0000000081c00000, 0x0000000081c00000|100%| O|  |TAMS 0x0000000081c00000, 0x0000000081c00000| Untracked 
|  28|0x0000000081c00000, 0x0000000081d00000, 0x0000000081d00000|100%| O|  |TAMS 0x0000000081d00000, 0x0000000081d00000| Untracked 
|  29|0x0000000081d00000, 0x0000000081e00000, 0x0000000081e00000|100%| O|  |TAMS 0x0000000081e00000, 0x0000000081e00000| Untracked 
|  30|0x0000000081e00000, 0x0000000081f00000, 0x0000000081f00000|100%| O|  |TAMS 0x0000000081f00000, 0x0000000081f00000| Untracked 
|  31|0x0000000081f00000, 0x0000000082000000, 0x0000000082000000|100%| O|  |TAMS 0x0000000082000000, 0x0000000082000000| Untracked 
|  32|0x0000000082000000, 0x0000000082100000, 0x0000000082100000|100%| O|  |TAMS 0x0000000082100000, 0x0000000082100000| Untracked 
|  33|0x0000000082100000, 0x0000000082200000, 0x0000000082200000|100%| O|  |TAMS 0x0000000082200000, 0x0000000082200000| Untracked 
|  34|0x0000000082200000, 0x0000000082300000, 0x0000000082300000|100%| O|  |TAMS 0x0000000082300000, 0x0000000082300000| Untracked 
|  35|0x0000000082300000, 0x0000000082400000, 0x0000000082400000|100%| O|  |TAMS 0x0000000082400000, 0x0000000082400000| Untracked 
|  36|0x0000000082400000, 0x0000000082500000, 0x0000000082500000|100%|HS|  |TAMS 0x0000000082500000, 0x0000000082500000| Complete 
|  37|0x0000000082500000, 0x0000000082600000, 0x0000000082600000|100%|HC|  |TAMS 0x0000000082600000, 0x0000000082600000| Complete 
|  38|0x0000000082600000, 0x0000000082700000, 0x0000000082700000|100%|HC|  |TAMS 0x0000000082700000, 0x0000000082700000| Complete 
|  39|0x0000000082700000, 0x0000000082800000, 0x0000000082800000|100%|HC|  |TAMS 0x0000000082800000, 0x0000000082800000| Complete 
|  40|0x0000000082800000, 0x0000000082900000, 0x0000000082900000|100%|HC|  |TAMS 0x0000000082900000, 0x0000000082900000| Complete 
|  41|0x0000000082900000, 0x0000000082a00000, 0x0000000082a00000|100%| O|  |TAMS 0x0000000082a00000, 0x0000000082a00000| Untracked 
|  42|0x0000000082a00000, 0x0000000082b00000, 0x0000000082b00000|100%| O|  |TAMS 0x0000000082b00000, 0x0000000082b00000| Untracked 
|  43|0x0000000082b00000, 0x0000000082c00000, 0x0000000082c00000|100%| O|  |TAMS 0x0000000082c00000, 0x0000000082c00000| Untracked 
|  44|0x0000000082c00000, 0x0000000082d00000, 0x0000000082d00000|100%| O|  |TAMS 0x0000000082d00000, 0x0000000082d00000| Untracked 
|  45|0x0000000082d00000, 0x0000000082e00000, 0x0000000082e00000|100%|HS|  |TAMS 0x0000000082e00000, 0x0000000082e00000| Complete 
|  46|0x0000000082e00000, 0x0000000082f00000, 0x0000000082f00000|100%|HC|  |TAMS 0x0000000082f00000, 0x0000000082f00000| Complete 
|  47|0x0000000082f00000, 0x0000000083000000, 0x0000000083000000|100%|HC|  |TAMS 0x0000000083000000, 0x0000000083000000| Complete 
|  48|0x0000000083000000, 0x0000000083100000, 0x0000000083100000|100%| O|  |TAMS 0x0000000083100000, 0x0000000083100000| Untracked 
|  49|0x0000000083100000, 0x0000000083200000, 0x0000000083200000|100%| O|  |TAMS 0x0000000083200000, 0x0000000083200000| Untracked 
|  50|0x0000000083200000, 0x0000000083300000, 0x0000000083300000|100%| O|  |TAMS 0x0000000083300000, 0x0000000083300000| Untracked 
|  51|0x0000000083300000, 0x0000000083400000, 0x0000000083400000|100%| O|  |TAMS 0x0000000083400000, 0x0000000083400000| Untracked 
|  52|0x0000000083400000, 0x0000000083500000, 0x0000000083500000|100%| O|  |TAMS 0x0000000083500000, 0x0000000083500000| Untracked 
|  53|0x0000000083500000, 0x0000000083600000, 0x0000000083600000|100%| O|  |TAMS 0x0000000083600000, 0x0000000083600000| Untracked 
|  54|0x0000000083600000, 0x0000000083700000, 0x0000000083700000|100%|HS|  |TAMS 0x0000000083700000, 0x0000000083700000| Complete 
|  55|0x0000000083700000, 0x0000000083800000, 0x0000000083800000|100%|HS|  |TAMS 0x0000000083800000, 0x0000000083800000| Complete 
|  56|0x0000000083800000, 0x0000000083900000, 0x0000000083900000|100%| O|  |TAMS 0x0000000083900000, 0x0000000083900000| Untracked 
|  57|0x0000000083900000, 0x0000000083a00000, 0x0000000083a00000|100%| O|  |TAMS 0x0000000083a00000, 0x0000000083a00000| Untracked 
|  58|0x0000000083a00000, 0x0000000083b00000, 0x0000000083b00000|100%| O|  |TAMS 0x0000000083b00000, 0x0000000083b00000| Untracked 
|  59|0x0000000083b00000, 0x0000000083c00000, 0x0000000083c00000|100%| O|  |TAMS 0x0000000083c00000, 0x0000000083c00000| Untracked 
|  60|0x0000000083c00000, 0x0000000083d00000, 0x0000000083d00000|100%| O|  |TAMS 0x0000000083d00000, 0x0000000083d00000| Untracked 
|  61|0x0000000083d00000, 0x0000000083e00000, 0x0000000083e00000|100%| O|  |TAMS 0x0000000083e00000, 0x0000000083e00000| Untracked 
|  62|0x0000000083e00000, 0x0000000083f00000, 0x0000000083f00000|100%| O|  |TAMS 0x0000000083f00000, 0x0000000083f00000| Untracked 
|  63|0x0000000083f00000, 0x0000000084000000, 0x0000000084000000|100%| O|  |TAMS 0x0000000084000000, 0x0000000084000000| Untracked 
|  64|0x0000000084000000, 0x0000000084100000, 0x0000000084100000|100%| O|  |TAMS 0x0000000084000000, 0x0000000084100000| Untracked 
|  65|0x0000000084100000, 0x0000000084200000, 0x0000000084200000|100%|HS|  |TAMS 0x0000000084200000, 0x0000000084200000| Complete 
|  66|0x0000000084200000, 0x0000000084300000, 0x0000000084300000|100%|HC|  |TAMS 0x0000000084300000, 0x0000000084300000| Complete 
|  67|0x0000000084300000, 0x0000000084400000, 0x0000000084400000|100%| O|  |TAMS 0x0000000084400000, 0x0000000084400000| Untracked 
|  68|0x0000000084400000, 0x0000000084500000, 0x0000000084500000|100%| O|  |TAMS 0x0000000084500000, 0x0000000084500000| Untracked 
|  69|0x0000000084500000, 0x0000000084600000, 0x0000000084600000|100%| O|  |TAMS 0x0000000084600000, 0x0000000084600000| Untracked 
|  70|0x0000000084600000, 0x0000000084700000, 0x0000000084700000|100%| O|  |TAMS 0x0000000084700000, 0x0000000084700000| Untracked 
|  71|0x0000000084700000, 0x0000000084800000, 0x0000000084800000|100%| O|  |TAMS 0x0000000084800000, 0x0000000084800000| Untracked 
|  72|0x0000000084800000, 0x0000000084900000, 0x0000000084900000|100%| O|  |TAMS 0x0000000084900000, 0x0000000084900000| Untracked 
|  73|0x0000000084900000, 0x0000000084a00000, 0x0000000084a00000|100%| O|  |TAMS 0x0000000084a00000, 0x0000000084a00000| Untracked 
|  74|0x0000000084a00000, 0x0000000084b00000, 0x0000000084b00000|100%| O|  |TAMS 0x0000000084b00000, 0x0000000084b00000| Untracked 
|  75|0x0000000084b00000, 0x0000000084c00000, 0x0000000084c00000|100%| O|  |TAMS 0x0000000084c00000, 0x0000000084c00000| Untracked 
|  76|0x0000000084c00000, 0x0000000084d00000, 0x0000000084d00000|100%| O|  |TAMS 0x0000000084d00000, 0x0000000084d00000| Untracked 
|  77|0x0000000084d00000, 0x0000000084e00000, 0x0000000084e00000|100%| O|  |TAMS 0x0000000084e00000, 0x0000000084e00000| Untracked 
|  78|0x0000000084e00000, 0x0000000084f00000, 0x0000000084f00000|100%| O|  |TAMS 0x0000000084f00000, 0x0000000084f00000| Untracked 
|  79|0x0000000084f00000, 0x0000000085000000, 0x0000000085000000|100%| O|  |TAMS 0x0000000085000000, 0x0000000085000000| Untracked 
|  80|0x0000000085000000, 0x0000000085100000, 0x0000000085100000|100%| O|  |TAMS 0x0000000085100000, 0x0000000085100000| Untracked 
|  81|0x0000000085100000, 0x0000000085200000, 0x0000000085200000|100%| O|  |TAMS 0x0000000085200000, 0x0000000085200000| Untracked 
|  82|0x0000000085200000, 0x0000000085300000, 0x0000000085300000|100%| O|  |TAMS 0x0000000085300000, 0x0000000085300000| Untracked 
|  83|0x0000000085300000, 0x0000000085400000, 0x0000000085400000|100%| O|  |TAMS 0x0000000085400000, 0x0000000085400000| Untracked 
|  84|0x0000000085400000, 0x0000000085500000, 0x0000000085500000|100%| O|  |TAMS 0x0000000085500000, 0x0000000085500000| Untracked 
|  85|0x0000000085500000, 0x0000000085600000, 0x0000000085600000|100%| O|  |TAMS 0x0000000085600000, 0x0000000085600000| Untracked 
|  86|0x0000000085600000, 0x0000000085700000, 0x0000000085700000|100%| O|  |TAMS 0x0000000085700000, 0x0000000085700000| Untracked 
|  87|0x0000000085700000, 0x0000000085800000, 0x0000000085800000|100%| O|  |TAMS 0x0000000085800000, 0x0000000085800000| Untracked 
|  88|0x0000000085800000, 0x0000000085900000, 0x0000000085900000|100%| O|  |TAMS 0x0000000085900000, 0x0000000085900000| Untracked 
|  89|0x0000000085900000, 0x0000000085a00000, 0x0000000085a00000|100%| O|  |TAMS 0x0000000085a00000, 0x0000000085a00000| Untracked 
|  90|0x0000000085a00000, 0x0000000085b00000, 0x0000000085b00000|100%| O|  |TAMS 0x0000000085b00000, 0x0000000085b00000| Untracked 
|  91|0x0000000085b00000, 0x0000000085c00000, 0x0000000085c00000|100%| O|  |TAMS 0x0000000085c00000, 0x0000000085c00000| Untracked 
|  92|0x0000000085c00000, 0x0000000085d00000, 0x0000000085d00000|100%| O|  |TAMS 0x0000000085d00000, 0x0000000085d00000| Untracked 
|  93|0x0000000085d00000, 0x0000000085e00000, 0x0000000085e00000|100%| O|  |TAMS 0x0000000085e00000, 0x0000000085e00000| Untracked 
|  94|0x0000000085e00000, 0x0000000085f00000, 0x0000000085f00000|100%| O|  |TAMS 0x0000000085e00000, 0x0000000085f00000| Untracked 
|  95|0x0000000085f00000, 0x0000000086000000, 0x0000000086000000|100%| O|  |TAMS 0x0000000086000000, 0x0000000086000000| Untracked 
|  96|0x0000000086000000, 0x0000000086100000, 0x0000000086100000|100%| O|  |TAMS 0x0000000086100000, 0x0000000086100000| Untracked 
|  97|0x0000000086100000, 0x0000000086200000, 0x0000000086200000|100%| O|  |TAMS 0x0000000086200000, 0x0000000086200000| Untracked 
|  98|0x0000000086200000, 0x0000000086300000, 0x0000000086300000|100%| O|  |TAMS 0x0000000086300000, 0x0000000086300000| Untracked 
|  99|0x0000000086300000, 0x0000000086400000, 0x0000000086400000|100%| O|  |TAMS 0x0000000086400000, 0x0000000086400000| Untracked 
| 100|0x0000000086400000, 0x0000000086500000, 0x0000000086500000|100%| O|  |TAMS 0x0000000086500000, 0x0000000086500000| Untracked 
| 101|0x0000000086500000, 0x0000000086600000, 0x0000000086600000|100%| O|  |TAMS 0x0000000086600000, 0x0000000086600000| Untracked 
| 102|0x0000000086600000, 0x0000000086700000, 0x0000000086700000|100%| O|  |TAMS 0x0000000086600000, 0x0000000086700000| Untracked 
| 103|0x0000000086700000, 0x0000000086800000, 0x0000000086800000|100%| O|  |TAMS 0x0000000086800000, 0x0000000086800000| Untracked 
| 104|0x0000000086800000, 0x0000000086900000, 0x0000000086900000|100%| O|  |TAMS 0x0000000086900000, 0x0000000086900000| Untracked 
| 105|0x0000000086900000, 0x0000000086a00000, 0x0000000086a00000|100%| O|  |TAMS 0x0000000086a00000, 0x0000000086a00000| Untracked 
| 106|0x0000000086a00000, 0x0000000086b00000, 0x0000000086b00000|100%| O|  |TAMS 0x0000000086b00000, 0x0000000086b00000| Untracked 
| 107|0x0000000086b00000, 0x0000000086c00000, 0x0000000086c00000|100%| O|  |TAMS 0x0000000086c00000, 0x0000000086c00000| Untracked 
| 108|0x0000000086c00000, 0x0000000086d00000, 0x0000000086d00000|100%| O|  |TAMS 0x0000000086d00000, 0x0000000086d00000| Untracked 
| 109|0x0000000086d00000, 0x0000000086e00000, 0x0000000086e00000|100%| O|  |TAMS 0x0000000086e00000, 0x0000000086e00000| Untracked 
| 110|0x0000000086e00000, 0x0000000086f00000, 0x0000000086f00000|100%| O|  |TAMS 0x0000000086f00000, 0x0000000086f00000| Untracked 
| 111|0x0000000086f00000, 0x0000000087000000, 0x0000000087000000|100%| O|  |TAMS 0x0000000087000000, 0x0000000087000000| Untracked 
| 112|0x0000000087000000, 0x0000000087100000, 0x0000000087100000|100%| O|  |TAMS 0x0000000087000000, 0x0000000087100000| Untracked 
| 113|0x0000000087100000, 0x0000000087200000, 0x0000000087200000|100%| O|  |TAMS 0x0000000087100000, 0x0000000087200000| Untracked 
| 114|0x0000000087200000, 0x0000000087300000, 0x0000000087300000|100%| O|  |TAMS 0x0000000087300000, 0x0000000087300000| Untracked 
| 115|0x0000000087300000, 0x0000000087400000, 0x0000000087400000|100%| O|  |TAMS 0x0000000087400000, 0x0000000087400000| Untracked 
| 116|0x0000000087400000, 0x0000000087500000, 0x0000000087500000|100%| O|  |TAMS 0x000000008741b800, 0x0000000087500000| Untracked 
| 117|0x0000000087500000, 0x0000000087600000, 0x0000000087600000|100%| O|  |TAMS 0x0000000087500000, 0x0000000087600000| Untracked 
| 118|0x0000000087600000, 0x0000000087700000, 0x0000000087700000|100%| O|  |TAMS 0x0000000087600000, 0x0000000087700000| Untracked 
| 119|0x0000000087700000, 0x0000000087800000, 0x0000000087800000|100%| O|  |TAMS 0x0000000087700000, 0x0000000087800000| Untracked 
| 120|0x0000000087800000, 0x0000000087900000, 0x0000000087900000|100%| O|  |TAMS 0x0000000087800000, 0x0000000087900000| Untracked 
| 121|0x0000000087900000, 0x0000000087a00000, 0x0000000087a00000|100%| O|  |TAMS 0x0000000087900000, 0x0000000087a00000| Untracked 
| 122|0x0000000087a00000, 0x0000000087b00000, 0x0000000087b00000|100%| O|  |TAMS 0x0000000087a00000, 0x0000000087b00000| Untracked 
| 123|0x0000000087b00000, 0x0000000087c00000, 0x0000000087c00000|100%| O|  |TAMS 0x0000000087b00000, 0x0000000087c00000| Untracked 
| 124|0x0000000087c00000, 0x0000000087d00000, 0x0000000087d00000|100%| O|  |TAMS 0x0000000087c00000, 0x0000000087d00000| Untracked 
| 125|0x0000000087d00000, 0x0000000087e00000, 0x0000000087e00000|100%| O|  |TAMS 0x0000000087d00000, 0x0000000087e00000| Untracked 
| 126|0x0000000087e00000, 0x0000000087f00000, 0x0000000087f00000|100%| O|  |TAMS 0x0000000087e00000, 0x0000000087f00000| Untracked 
| 127|0x0000000087f00000, 0x0000000088000000, 0x0000000088000000|100%| O|  |TAMS 0x0000000087f00000, 0x0000000088000000| Untracked 
| 128|0x0000000088000000, 0x0000000088100000, 0x0000000088100000|100%| O|  |TAMS 0x0000000088000000, 0x0000000088100000| Untracked 
| 129|0x0000000088100000, 0x0000000088200000, 0x0000000088200000|100%| O|  |TAMS 0x0000000088100000, 0x0000000088200000| Untracked 
| 130|0x0000000088200000, 0x0000000088300000, 0x0000000088300000|100%| O|  |TAMS 0x0000000088200000, 0x0000000088300000| Untracked 
| 131|0x0000000088300000, 0x0000000088400000, 0x0000000088400000|100%| O|  |TAMS 0x0000000088300000, 0x0000000088400000| Untracked 
| 132|0x0000000088400000, 0x0000000088500000, 0x0000000088500000|100%| O|  |TAMS 0x0000000088400000, 0x0000000088500000| Untracked 
| 133|0x0000000088500000, 0x0000000088600000, 0x0000000088600000|100%| O|  |TAMS 0x0000000088500000, 0x0000000088600000| Untracked 
| 134|0x0000000088600000, 0x0000000088700000, 0x0000000088700000|100%| O|  |TAMS 0x0000000088600000, 0x0000000088700000| Untracked 
| 135|0x0000000088700000, 0x0000000088800000, 0x0000000088800000|100%| O|  |TAMS 0x0000000088700000, 0x0000000088800000| Untracked 
| 136|0x0000000088800000, 0x0000000088900000, 0x0000000088900000|100%| O|  |TAMS 0x0000000088800000, 0x0000000088900000| Untracked 
| 137|0x0000000088900000, 0x0000000088a00000, 0x0000000088a00000|100%| O|  |TAMS 0x0000000088900000, 0x0000000088a00000| Untracked 
| 138|0x0000000088a00000, 0x0000000088b00000, 0x0000000088b00000|100%| O|  |TAMS 0x0000000088a00000, 0x0000000088b00000| Untracked 
| 139|0x0000000088b00000, 0x0000000088c00000, 0x0000000088c00000|100%| O|  |TAMS 0x0000000088b00000, 0x0000000088b10e00| Untracked 
| 140|0x0000000088c00000, 0x0000000088d00000, 0x0000000088d00000|100%| O|  |TAMS 0x0000000088c00000, 0x0000000088c00000| Untracked 
| 141|0x0000000088d00000, 0x0000000088e00000, 0x0000000088e00000|100%| O|  |TAMS 0x0000000088d00000, 0x0000000088d00000| Untracked 
| 142|0x0000000088e00000, 0x0000000088e5d000, 0x0000000088f00000| 36%| O|  |TAMS 0x0000000088e00000, 0x0000000088e00000| Untracked 
| 143|0x0000000088f00000, 0x0000000088f00000, 0x0000000089000000|  0%| F|  |TAMS 0x0000000088f00000, 0x0000000088f00000| Untracked 
| 144|0x0000000089000000, 0x0000000089000000, 0x0000000089100000|  0%| F|  |TAMS 0x0000000089000000, 0x0000000089000000| Untracked 
| 145|0x0000000089100000, 0x0000000089100000, 0x0000000089200000|  0%| F|  |TAMS 0x0000000089100000, 0x0000000089100000| Untracked 
| 146|0x0000000089200000, 0x0000000089200000, 0x0000000089300000|  0%| F|  |TAMS 0x0000000089200000, 0x0000000089200000| Untracked 
| 147|0x0000000089300000, 0x0000000089300000, 0x0000000089400000|  0%| F|  |TAMS 0x0000000089300000, 0x0000000089300000| Untracked 
| 148|0x0000000089400000, 0x0000000089400000, 0x0000000089500000|  0%| F|  |TAMS 0x0000000089400000, 0x0000000089400000| Untracked 
| 149|0x0000000089500000, 0x0000000089500000, 0x0000000089600000|  0%| F|  |TAMS 0x0000000089500000, 0x0000000089500000| Untracked 
| 150|0x0000000089600000, 0x0000000089600000, 0x0000000089700000|  0%| F|  |TAMS 0x0000000089600000, 0x0000000089600000| Untracked 
| 151|0x0000000089700000, 0x0000000089700000, 0x0000000089800000|  0%| F|  |TAMS 0x0000000089700000, 0x0000000089700000| Untracked 
| 152|0x0000000089800000, 0x0000000089800000, 0x0000000089900000|  0%| F|  |TAMS 0x0000000089800000, 0x0000000089800000| Untracked 
| 153|0x0000000089900000, 0x0000000089900000, 0x0000000089a00000|  0%| F|  |TAMS 0x0000000089900000, 0x0000000089900000| Untracked 
| 154|0x0000000089a00000, 0x0000000089a00000, 0x0000000089b00000|  0%| F|  |TAMS 0x0000000089a00000, 0x0000000089a00000| Untracked 
| 155|0x0000000089b00000, 0x0000000089b00000, 0x0000000089c00000|  0%| F|  |TAMS 0x0000000089b00000, 0x0000000089b00000| Untracked 
| 156|0x0000000089c00000, 0x0000000089c00000, 0x0000000089d00000|  0%| F|  |TAMS 0x0000000089c00000, 0x0000000089c00000| Untracked 
| 157|0x0000000089d00000, 0x0000000089d00000, 0x0000000089e00000|  0%| F|  |TAMS 0x0000000089d00000, 0x0000000089d00000| Untracked 
| 158|0x0000000089e00000, 0x0000000089e00000, 0x0000000089f00000|  0%| F|  |TAMS 0x0000000089e00000, 0x0000000089e00000| Untracked 
| 159|0x0000000089f00000, 0x0000000089f00000, 0x000000008a000000|  0%| F|  |TAMS 0x0000000089f00000, 0x0000000089f00000| Untracked 
| 160|0x000000008a000000, 0x000000008a000000, 0x000000008a100000|  0%| F|  |TAMS 0x000000008a000000, 0x000000008a000000| Untracked 
| 161|0x000000008a100000, 0x000000008a100000, 0x000000008a200000|  0%| F|  |TAMS 0x000000008a100000, 0x000000008a100000| Untracked 
| 162|0x000000008a200000, 0x000000008a200000, 0x000000008a300000|  0%| F|  |TAMS 0x000000008a200000, 0x000000008a200000| Untracked 
| 163|0x000000008a300000, 0x000000008a300000, 0x000000008a400000|  0%| F|  |TAMS 0x000000008a300000, 0x000000008a300000| Untracked 
| 164|0x000000008a400000, 0x000000008a400000, 0x000000008a500000|  0%| F|  |TAMS 0x000000008a400000, 0x000000008a400000| Untracked 
| 165|0x000000008a500000, 0x000000008a500000, 0x000000008a600000|  0%| F|  |TAMS 0x000000008a500000, 0x000000008a500000| Untracked 
| 166|0x000000008a600000, 0x000000008a600000, 0x000000008a700000|  0%| F|  |TAMS 0x000000008a600000, 0x000000008a600000| Untracked 
| 167|0x000000008a700000, 0x000000008a700000, 0x000000008a800000|  0%| F|  |TAMS 0x000000008a700000, 0x000000008a700000| Untracked 
| 168|0x000000008a800000, 0x000000008a800000, 0x000000008a900000|  0%| F|  |TAMS 0x000000008a800000, 0x000000008a800000| Untracked 
| 169|0x000000008a900000, 0x000000008a900000, 0x000000008aa00000|  0%| F|  |TAMS 0x000000008a900000, 0x000000008a900000| Untracked 
| 170|0x000000008aa00000, 0x000000008aa00000, 0x000000008ab00000|  0%| F|  |TAMS 0x000000008aa00000, 0x000000008aa00000| Untracked 
| 171|0x000000008ab00000, 0x000000008ab00000, 0x000000008ac00000|  0%| F|  |TAMS 0x000000008ab00000, 0x000000008ab00000| Untracked 
| 172|0x000000008ac00000, 0x000000008ac00000, 0x000000008ad00000|  0%| F|  |TAMS 0x000000008ac00000, 0x000000008ac00000| Untracked 
| 173|0x000000008ad00000, 0x000000008ad00000, 0x000000008ae00000|  0%| F|  |TAMS 0x000000008ad00000, 0x000000008ad00000| Untracked 
| 174|0x000000008ae00000, 0x000000008ae00000, 0x000000008af00000|  0%| F|  |TAMS 0x000000008ae00000, 0x000000008ae00000| Untracked 
| 175|0x000000008af00000, 0x000000008af00000, 0x000000008b000000|  0%| F|  |TAMS 0x000000008af00000, 0x000000008af00000| Untracked 
| 176|0x000000008b000000, 0x000000008b000000, 0x000000008b100000|  0%| F|  |TAMS 0x000000008b000000, 0x000000008b000000| Untracked 
| 177|0x000000008b100000, 0x000000008b100000, 0x000000008b200000|  0%| F|  |TAMS 0x000000008b100000, 0x000000008b100000| Untracked 
| 178|0x000000008b200000, 0x000000008b22ff10, 0x000000008b300000| 18%| S|CS|TAMS 0x000000008b200000, 0x000000008b200000| Complete 
| 179|0x000000008b300000, 0x000000008b300000, 0x000000008b400000|  0%| F|  |TAMS 0x000000008b300000, 0x000000008b300000| Untracked 
| 180|0x000000008b400000, 0x000000008b400000, 0x000000008b500000|  0%| F|  |TAMS 0x000000008b400000, 0x000000008b400000| Untracked 
| 181|0x000000008b500000, 0x000000008b500000, 0x000000008b600000|  0%| F|  |TAMS 0x000000008b500000, 0x000000008b500000| Untracked 
| 182|0x000000008b600000, 0x000000008b600000, 0x000000008b700000|  0%| F|  |TAMS 0x000000008b600000, 0x000000008b600000| Untracked 
| 183|0x000000008b700000, 0x000000008b800000, 0x000000008b800000|100%| S|CS|TAMS 0x000000008b700000, 0x000000008b700000| Complete 
| 184|0x000000008b800000, 0x000000008b800000, 0x000000008b900000|  0%| F|  |TAMS 0x000000008b800000, 0x000000008b800000| Untracked 
| 185|0x000000008b900000, 0x000000008b900000, 0x000000008ba00000|  0%| F|  |TAMS 0x000000008b900000, 0x000000008b900000| Untracked 
| 186|0x000000008ba00000, 0x000000008ba00000, 0x000000008bb00000|  0%| F|  |TAMS 0x000000008ba00000, 0x000000008ba00000| Untracked 
| 187|0x000000008bb00000, 0x000000008bb00000, 0x000000008bc00000|  0%| F|  |TAMS 0x000000008bb00000, 0x000000008bb00000| Untracked 
| 188|0x000000008bc00000, 0x000000008bc00000, 0x000000008bd00000|  0%| F|  |TAMS 0x000000008bc00000, 0x000000008bc00000| Untracked 
| 189|0x000000008bd00000, 0x000000008bd00000, 0x000000008be00000|  0%| F|  |TAMS 0x000000008bd00000, 0x000000008bd00000| Untracked 
| 190|0x000000008be00000, 0x000000008be00000, 0x000000008bf00000|  0%| F|  |TAMS 0x000000008be00000, 0x000000008be00000| Untracked 
| 191|0x000000008bf00000, 0x000000008bf00000, 0x000000008c000000|  0%| F|  |TAMS 0x000000008bf00000, 0x000000008bf00000| Untracked 
| 192|0x000000008c000000, 0x000000008c000000, 0x000000008c100000|  0%| F|  |TAMS 0x000000008c000000, 0x000000008c000000| Untracked 
| 193|0x000000008c100000, 0x000000008c100000, 0x000000008c200000|  0%| F|  |TAMS 0x000000008c100000, 0x000000008c100000| Untracked 
| 194|0x000000008c200000, 0x000000008c200000, 0x000000008c300000|  0%| F|  |TAMS 0x000000008c200000, 0x000000008c200000| Untracked 
| 195|0x000000008c300000, 0x000000008c300000, 0x000000008c400000|  0%| F|  |TAMS 0x000000008c300000, 0x000000008c300000| Untracked 
| 196|0x000000008c400000, 0x000000008c400000, 0x000000008c500000|  0%| F|  |TAMS 0x000000008c400000, 0x000000008c400000| Untracked 
| 197|0x000000008c500000, 0x000000008c500000, 0x000000008c600000|  0%| F|  |TAMS 0x000000008c500000, 0x000000008c500000| Untracked 
| 198|0x000000008c600000, 0x000000008c600000, 0x000000008c700000|  0%| F|  |TAMS 0x000000008c600000, 0x000000008c600000| Untracked 
| 199|0x000000008c700000, 0x000000008c700000, 0x000000008c800000|  0%| F|  |TAMS 0x000000008c700000, 0x000000008c700000| Untracked 
| 200|0x000000008c800000, 0x000000008c800000, 0x000000008c900000|  0%| F|  |TAMS 0x000000008c800000, 0x000000008c800000| Untracked 
| 201|0x000000008c900000, 0x000000008c900000, 0x000000008ca00000|  0%| F|  |TAMS 0x000000008c900000, 0x000000008c900000| Untracked 
| 202|0x000000008ca00000, 0x000000008ca00000, 0x000000008cb00000|  0%| F|  |TAMS 0x000000008ca00000, 0x000000008ca00000| Untracked 
| 203|0x000000008cb00000, 0x000000008cb00000, 0x000000008cc00000|  0%| F|  |TAMS 0x000000008cb00000, 0x000000008cb00000| Untracked 
| 204|0x000000008cc00000, 0x000000008cc00000, 0x000000008cd00000|  0%| F|  |TAMS 0x000000008cc00000, 0x000000008cc00000| Untracked 
| 205|0x000000008cd00000, 0x000000008cd00000, 0x000000008ce00000|  0%| F|  |TAMS 0x000000008cd00000, 0x000000008cd00000| Untracked 
| 206|0x000000008ce00000, 0x000000008ce00000, 0x000000008cf00000|  0%| F|  |TAMS 0x000000008ce00000, 0x000000008ce00000| Untracked 
| 207|0x000000008cf00000, 0x000000008cf00000, 0x000000008d000000|  0%| F|  |TAMS 0x000000008cf00000, 0x000000008cf00000| Untracked 
| 208|0x000000008d000000, 0x000000008d000000, 0x000000008d100000|  0%| F|  |TAMS 0x000000008d000000, 0x000000008d000000| Untracked 
| 209|0x000000008d100000, 0x000000008d100000, 0x000000008d200000|  0%| F|  |TAMS 0x000000008d100000, 0x000000008d100000| Untracked 
| 210|0x000000008d200000, 0x000000008d200000, 0x000000008d300000|  0%| F|  |TAMS 0x000000008d200000, 0x000000008d200000| Untracked 
| 211|0x000000008d300000, 0x000000008d300000, 0x000000008d400000|  0%| F|  |TAMS 0x000000008d300000, 0x000000008d300000| Untracked 
| 212|0x000000008d400000, 0x000000008d400000, 0x000000008d500000|  0%| F|  |TAMS 0x000000008d400000, 0x000000008d400000| Untracked 
| 213|0x000000008d500000, 0x000000008d500000, 0x000000008d600000|  0%| F|  |TAMS 0x000000008d500000, 0x000000008d500000| Untracked 
| 214|0x000000008d600000, 0x000000008d600000, 0x000000008d700000|  0%| F|  |TAMS 0x000000008d600000, 0x000000008d600000| Untracked 
| 215|0x000000008d700000, 0x000000008d700000, 0x000000008d800000|  0%| F|  |TAMS 0x000000008d700000, 0x000000008d700000| Untracked 
| 216|0x000000008d800000, 0x000000008d800000, 0x000000008d900000|  0%| F|  |TAMS 0x000000008d800000, 0x000000008d800000| Untracked 
| 217|0x000000008d900000, 0x000000008d900000, 0x000000008da00000|  0%| F|  |TAMS 0x000000008d900000, 0x000000008d900000| Untracked 
| 218|0x000000008da00000, 0x000000008da00000, 0x000000008db00000|  0%| F|  |TAMS 0x000000008da00000, 0x000000008da00000| Untracked 
| 219|0x000000008db00000, 0x000000008db00000, 0x000000008dc00000|  0%| F|  |TAMS 0x000000008db00000, 0x000000008db00000| Untracked 

Card table byte_map: [0x000001f015580000,0x000001f015980000] _byte_map_base: 0x000001f015180000

Marking Bits (Prev, Next): (CMBitMap*) 0x000001f001c3dfd8, (CMBitMap*) 0x000001f001c3e010
 Prev Bits: [0x000001f015d80000, 0x000001f017d80000)
 Next Bits: [0x000001f017d80000, 0x000001f019d80000)

Polling page: 0x000001f0005b0000

Metaspace:

Usage:
  Non-class:    108.04 MB capacity,   105.68 MB ( 98%) used,     1.95 MB (  2%) free+waste,   421.00 KB ( <1%) overhead. 
      Class:     16.81 MB capacity,    15.47 MB ( 92%) used,     1.14 MB (  7%) free+waste,   195.38 KB (  1%) overhead. 
       Both:    124.85 MB capacity,   121.15 MB ( 97%) used,     3.09 MB (  2%) free+waste,   616.38 KB ( <1%) overhead. 

Virtual space:
  Non-class space:      110.00 MB reserved,     108.25 MB ( 98%) committed 
      Class space:        1.00 GB reserved,      16.88 MB (  2%) committed 
             Both:        1.11 GB reserved,     125.13 MB ( 11%) committed 

Chunk freelists:
   Non-Class:  19.00 KB
       Class:  0 bytes
        Both:  19.00 KB

MaxMetaspaceSize: 17179869184.00 GB
CompressedClassSpaceSize: 1.00 GB

CodeHeap 'non-profiled nmethods': size=120000Kb used=9852Kb max_used=9852Kb free=110147Kb
 bounds [0x000001f00d1d0000, 0x000001f00db70000, 0x000001f014700000]
CodeHeap 'profiled nmethods': size=120000Kb used=39214Kb max_used=39214Kb free=80785Kb
 bounds [0x000001f005ca0000, 0x000001f0082f0000, 0x000001f00d1d0000]
CodeHeap 'non-nmethods': size=5760Kb used=2365Kb max_used=2401Kb free=3394Kb
 bounds [0x000001f005700000, 0x000001f005970000, 0x000001f005ca0000]
 total_blobs=18429 nmethods=17453 adapters=885
 compilation: enabled
              stopped_count=0, restarted_count=0
 full_count=0

Compilation events (20 events):
Event: 1176.831 Thread 0x000001f01c883000 nmethod 17971 0x000001f0082aff90 code [0x000001f0082b01a0, 0x000001f0082b0738]
Event: 1176.831 Thread 0x000001f01c883000 17974 %     3       com.android.tools.r8.ir.regalloc.a::a @ 995 (1824 bytes)
Event: 1176.871 Thread 0x000001f01c883000 nmethod 17974% 0x000001f0082b0910 code [0x000001f0082b1f80, 0x000001f0082c2788]
Event: 1176.872 Thread 0x000001f01c883000 17986       3       com.android.tools.r8.internal.X4::a (366 bytes)
Event: 1176.878 Thread 0x000001f01c883000 nmethod 17986 0x000001f0082c7d90 code [0x000001f0082c82c0, 0x000001f0082cb078]
Event: 1176.878 Thread 0x000001f01c883000 17987 %     3       com.android.tools.r8.internal.X4::b @ 104 (169 bytes)
Event: 1176.883 Thread 0x000001f01c883000 nmethod 17987% 0x000001f0082cbc90 code [0x000001f0082cc160, 0x000001f0082cefa8]
Event: 1176.883 Thread 0x000001f01c883000 17984 %     3       com.android.tools.r8.internal.Mv::a @ 21 (406 bytes)
Event: 1176.895 Thread 0x000001f01c883000 nmethod 17984% 0x000001f0082cfc90 code [0x000001f0082d0460, 0x000001f0082d5788]
Event: 1176.895 Thread 0x000001f01c883000 17985 %     3       com.android.tools.r8.ir.regalloc.a::a @ 9 (118 bytes)
Event: 1176.897 Thread 0x000001f01c883000 nmethod 17985% 0x000001f0082d7390 code [0x000001f0082d75a0, 0x000001f0082d7c08]
Event: 1176.897 Thread 0x000001f01c883000 17956       2       com.android.tools.r8.internal.Me::a (3140 bytes)
Event: 1176.937 Thread 0x000001f01c880000 nmethod 17762 0x000001f00db6c590 code [0x000001f00db6c760, 0x000001f00db6ef18]
Event: 1176.945 Thread 0x000001f01c883000 nmethod 17956 0x000001f0082d7e10 code [0x000001f0082d8e20, 0x000001f0082e0848]
Event: 1176.945 Thread 0x000001f01c880000 17917       4       java.util.TimSort::countRunAndMakeAscending (128 bytes)
Event: 1176.945 Thread 0x000001f01c883000 17961       2       com.android.tools.r8.ir.regalloc.a::a (1373 bytes)
Event: 1176.959 Thread 0x000001f01c883000 nmethod 17961 0x000001f0082e5390 code [0x000001f0082e5c00, 0x000001f0082e8a28]
Event: 1176.960 Thread 0x000001f01c883000 17996 %     3       com.android.tools.r8.internal.Ne::c @ 45 (83 bytes)
Event: 1176.961 Thread 0x000001f01c883000 nmethod 17996% 0x000001f0082eaa10 code [0x000001f0082eac80, 0x000001f0082eb6f8]
Event: 1176.961 Thread 0x000001f01c883000 17963       2       com.android.tools.r8.internal.ka::a (1420 bytes)

GC Heap History (20 events):
Event: 1172.931 GC heap after
{Heap after GC invocations=55 (full 0):
 garbage-first heap   total 187392K, used 115657K [0x0000000080000000, 0x0000000100000000)
  region size 1024K, 6 young (6144K), 6 survivors (6144K)
 Metaspace       used 114759K, capacity 118021K, committed 118272K, reserved 1153024K
  class space    used 14432K, capacity 15572K, committed 15616K, reserved 1048576K
}
Event: 1172.969 GC heap before
{Heap before GC invocations=55 (full 0):
 garbage-first heap   total 187392K, used 118729K [0x0000000080000000, 0x0000000100000000)
  region size 1024K, 9 young (9216K), 6 survivors (6144K)
 Metaspace       used 114859K, capacity 118151K, committed 118272K, reserved 1153024K
  class space    used 14451K, capacity 15615K, committed 15616K, reserved 1048576K
}
Event: 1172.982 GC heap after
{Heap after GC invocations=56 (full 0):
 garbage-first heap   total 187392K, used 114911K [0x0000000080000000, 0x0000000100000000)
  region size 1024K, 1 young (1024K), 1 survivors (1024K)
 Metaspace       used 114859K, capacity 118151K, committed 118272K, reserved 1153024K
  class space    used 14451K, capacity 15615K, committed 15616K, reserved 1048576K
}
Event: 1173.409 GC heap before
{Heap before GC invocations=56 (full 0):
 garbage-first heap   total 187392K, used 153823K [0x0000000080000000, 0x0000000100000000)
  region size 1024K, 38 young (38912K), 1 survivors (1024K)
 Metaspace       used 116415K, capacity 119793K, committed 119936K, reserved 1153024K
  class space    used 14689K, capacity 15885K, committed 16000K, reserved 1048576K
}
Event: 1173.425 GC heap after
{Heap after GC invocations=57 (full 0):
 garbage-first heap   total 187392K, used 121966K [0x0000000080000000, 0x0000000100000000)
  region size 1024K, 5 young (5120K), 5 survivors (5120K)
 Metaspace       used 116415K, capacity 119793K, committed 119936K, reserved 1153024K
  class space    used 14689K, capacity 15885K, committed 16000K, reserved 1048576K
}
Event: 1173.991 GC heap before
{Heap before GC invocations=58 (full 0):
 garbage-first heap   total 187392K, used 152686K [0x0000000080000000, 0x0000000100000000)
  region size 1024K, 36 young (36864K), 5 survivors (5120K)
 Metaspace       used 118113K, capacity 121553K, committed 121728K, reserved 1155072K
  class space    used 14923K, capacity 16164K, committed 16256K, reserved 1048576K
}
Event: 1174.010 GC heap after
{Heap after GC invocations=59 (full 0):
 garbage-first heap   total 187392K, used 127630K [0x0000000080000000, 0x0000000100000000)
  region size 1024K, 5 young (5120K), 5 survivors (5120K)
 Metaspace       used 118113K, capacity 121553K, committed 121728K, reserved 1155072K
  class space    used 14923K, capacity 16164K, committed 16256K, reserved 1048576K
}
Event: 1174.070 GC heap before
{Heap before GC invocations=59 (full 0):
 garbage-first heap   total 187392K, used 131726K [0x0000000080000000, 0x0000000100000000)
  region size 1024K, 9 young (9216K), 5 survivors (5120K)
 Metaspace       used 118309K, capacity 121732K, committed 121984K, reserved 1155072K
  class space    used 14959K, capacity 16202K, committed 16256K, reserved 1048576K
}
Event: 1174.088 GC heap after
{Heap after GC invocations=60 (full 0):
 garbage-first heap   total 187392K, used 127806K [0x0000000080000000, 0x0000000100000000)
  region size 1024K, 2 young (2048K), 2 survivors (2048K)
 Metaspace       used 118309K, capacity 121732K, committed 121984K, reserved 1155072K
  class space    used 14959K, capacity 16202K, committed 16256K, reserved 1048576K
}
Event: 1174.474 GC heap before
{Heap before GC invocations=60 (full 0):
 garbage-first heap   total 187392K, used 153406K [0x0000000080000000, 0x0000000100000000)
  region size 1024K, 28 young (28672K), 2 survivors (2048K)
 Metaspace       used 120288K, capacity 123848K, committed 123904K, reserved 1157120K
  class space    used 15320K, capacity 16593K, committed 16640K, reserved 1048576K
}
Event: 1174.490 GC heap after
{Heap after GC invocations=61 (full 0):
 garbage-first heap   total 187392K, used 131810K [0x0000000080000000, 0x0000000100000000)
  region size 1024K, 4 young (4096K), 4 survivors (4096K)
 Metaspace       used 120288K, capacity 123848K, committed 123904K, reserved 1157120K
  class space    used 15320K, capacity 16593K, committed 16640K, reserved 1048576K
}
Event: 1174.849 GC heap before
{Heap before GC invocations=61 (full 0):
 garbage-first heap   total 187392K, used 156386K [0x0000000080000000, 0x0000000100000000)
  region size 1024K, 28 young (28672K), 4 survivors (4096K)
 Metaspace       used 121516K, capacity 125138K, committed 125440K, reserved 1157120K
  class space    used 15511K, capacity 16828K, committed 16896K, reserved 1048576K
}
Event: 1174.867 GC heap after
{Heap after GC invocations=62 (full 0):
 garbage-first heap   total 225280K, used 134674K [0x0000000080000000, 0x0000000100000000)
  region size 1024K, 3 young (3072K), 3 survivors (3072K)
 Metaspace       used 121516K, capacity 125138K, committed 125440K, reserved 1157120K
  class space    used 15511K, capacity 16828K, committed 16896K, reserved 1048576K
}
Event: 1175.662 GC heap before
{Heap before GC invocations=62 (full 0):
 garbage-first heap   total 225280K, used 172562K [0x0000000080000000, 0x0000000100000000)
  region size 1024K, 40 young (40960K), 3 survivors (3072K)
 Metaspace       used 123073K, capacity 126775K, committed 126976K, reserved 1159168K
  class space    used 15733K, capacity 17093K, committed 17152K, reserved 1048576K
}
Event: 1175.681 GC heap after
{Heap after GC invocations=63 (full 0):
 garbage-first heap   total 225280K, used 138217K [0x0000000080000000, 0x0000000100000000)
  region size 1024K, 5 young (5120K), 5 survivors (5120K)
 Metaspace       used 123073K, capacity 126775K, committed 126976K, reserved 1159168K
  class space    used 15733K, capacity 17093K, committed 17152K, reserved 1048576K
}
Event: 1176.140 GC heap before
{Heap before GC invocations=63 (full 0):
 garbage-first heap   total 225280K, used 177129K [0x0000000080000000, 0x0000000100000000)
  region size 1024K, 43 young (44032K), 5 survivors (5120K)
 Metaspace       used 123712K, capacity 127500K, committed 127616K, reserved 1159168K
  class space    used 15835K, capacity 17204K, committed 17280K, reserved 1048576K
}
Event: 1176.158 GC heap after
{Heap after GC invocations=64 (full 0):
 garbage-first heap   total 225280K, used 142489K [0x0000000080000000, 0x0000000100000000)
  region size 1024K, 6 young (6144K), 6 survivors (6144K)
 Metaspace       used 123712K, capacity 127500K, committed 127616K, reserved 1159168K
  class space    used 15835K, capacity 17204K, committed 17280K, reserved 1048576K
}
Event: 1176.436 GC heap before
{Heap before GC invocations=64 (full 0):
 garbage-first heap   total 225280K, used 180377K [0x0000000080000000, 0x0000000100000000)
  region size 1024K, 43 young (44032K), 6 survivors (6144K)
 Metaspace       used 123859K, capacity 127651K, committed 127872K, reserved 1159168K
  class space    used 15838K, capacity 17209K, committed 17280K, reserved 1048576K
}
Event: 1176.500 GC heap after
{Heap after GC invocations=65 (full 0):
 garbage-first heap   total 225280K, used 146327K [0x0000000080000000, 0x0000000100000000)
  region size 1024K, 4 young (4096K), 4 survivors (4096K)
 Metaspace       used 123859K, capacity 127651K, committed 127872K, reserved 1159168K
  class space    used 15838K, capacity 17209K, committed 17280K, reserved 1048576K
}
Event: 1176.966 GC heap before
{Heap before GC invocations=65 (full 0):
 garbage-first heap   total 225280K, used 183191K [0x0000000080000000, 0x0000000100000000)
  region size 1024K, 40 young (40960K), 4 survivors (4096K)
 Metaspace       used 124060K, capacity 127846K, committed 128128K, reserved 1161216K
  class space    used 15841K, capacity 17209K, committed 17280K, reserved 1048576K
}

Deoptimization events (20 events):
Event: 1176.093 Thread 0x000001f01f8e0800 Uncommon trap: trap_request=0xffffff7e fr.pc=0x000001f00db0a064 relative=0x0000000000000244
Event: 1176.093 Thread 0x000001f01f8e0800 Uncommon trap: reason=predicate action=maybe_recompile pc=0x000001f00db0a064 method=com.android.tools.r8.graph.c0.a([C)I @ 8 c2
Event: 1176.093 Thread 0x000001f01f8e0800 DEOPT PACKING pc=0x000001f00db0a064 sp=0x000000e442df9a30
Event: 1176.093 Thread 0x000001f01f8e0800 DEOPT UNPACKING pc=0x000001f0057083af sp=0x000000e442df99b8 mode 2
Event: 1176.241 Thread 0x000001f01f8e8000 DEOPT PACKING pc=0x000001f00801072e sp=0x000000e4433f97a0
Event: 1176.241 Thread 0x000001f01f8e8000 DEOPT UNPACKING pc=0x000001f005728ede sp=0x000000e4433f8dc8 mode 0
Event: 1176.330 Thread 0x000001f01f8e2800 DEOPT PACKING pc=0x000001f0080492c2 sp=0x000000e4434f9960
Event: 1176.330 Thread 0x000001f01f8e2800 DEOPT UNPACKING pc=0x000001f005728ede sp=0x000000e4434f8e30 mode 0
Event: 1176.409 Thread 0x000001f024a7e800 DEOPT PACKING pc=0x000001f0080c236a sp=0x000000e4439f67a0
Event: 1176.409 Thread 0x000001f024a7e800 DEOPT UNPACKING pc=0x000001f005728ede sp=0x000000e4439f5f60 mode 0
Event: 1176.428 Thread 0x000001f01f8e2800 DEOPT PACKING pc=0x000001f008096e5a sp=0x000000e4434f9340
Event: 1176.428 Thread 0x000001f01f8e2800 DEOPT UNPACKING pc=0x000001f005728ede sp=0x000000e4434f8898 mode 0
Event: 1176.731 Thread 0x000001f01f8e8000 Uncommon trap: trap_request=0xffffffbe fr.pc=0x000001f00db58a30 relative=0x0000000000000210
Event: 1176.731 Thread 0x000001f01f8e8000 Uncommon trap: reason=profile_predicate action=maybe_recompile pc=0x000001f00db58a30 method=com.android.tools.r8.graph.c0.a([C)I @ 8 c2
Event: 1176.731 Thread 0x000001f01f8e8000 DEOPT PACKING pc=0x000001f00db58a30 sp=0x000000e4433f9770
Event: 1176.731 Thread 0x000001f01f8e8000 DEOPT UNPACKING pc=0x000001f0057083af sp=0x000000e4433f96f8 mode 2
Event: 1176.733 Thread 0x000001f01f8e8000 Uncommon trap: trap_request=0xffffffbe fr.pc=0x000001f00db58a30 relative=0x0000000000000210
Event: 1176.733 Thread 0x000001f01f8e8000 Uncommon trap: reason=profile_predicate action=maybe_recompile pc=0x000001f00db58a30 method=com.android.tools.r8.graph.c0.a([C)I @ 8 c2
Event: 1176.733 Thread 0x000001f01f8e8000 DEOPT PACKING pc=0x000001f00db58a30 sp=0x000000e4433f9770
Event: 1176.733 Thread 0x000001f01f8e8000 DEOPT UNPACKING pc=0x000001f0057083af sp=0x000000e4433f96f8 mode 2

Classes redefined (0 events):
No events

Internal exceptions (20 events):
Event: 1174.229 Thread 0x000001f01f8e8000 Exception <a 'java/lang/IncompatibleClassChangeError'{0x000000008ab62088}: Found class java.lang.Object, but interface was expected> (0x000000008ab62088) thrown at [./src/hotspot/share/interpreter/linkResolver.cpp, line 839]
Event: 1174.235 Thread 0x000001f01f8e1800 Exception <a 'java/lang/IncompatibleClassChangeError'{0x000000008abbedb0}: Found class java.lang.Object, but interface was expected> (0x000000008abbedb0) thrown at [./src/hotspot/share/interpreter/linkResolver.cpp, line 839]
Event: 1174.237 Thread 0x000001f01f8e8000 Exception <a 'java/lang/IncompatibleClassChangeError'{0x000000008ab65800}: Found class java.lang.Object, but interface was expected> (0x000000008ab65800) thrown at [./src/hotspot/share/interpreter/linkResolver.cpp, line 839]
Event: 1174.316 Thread 0x000001f01f8e1800 Exception <a 'java/lang/NoSuchMethodError'{0x000000008a490630}: 'void java.lang.invoke.DirectMethodHandle$Holder.invokeVirtual(java.lang.Object, java.lang.Object, int, java.lang.Object)'> (0x000000008a490630) thrown at [./src/hotspot/share/interpreter/linkResolver.cpp, line 773]
Event: 1174.316 Thread 0x000001f01f8e0800 Exception <a 'java/lang/NoSuchMethodError'{0x000000008a49cb38}: 'void java.lang.invoke.DirectMethodHandle$Holder.invokeVirtual(java.lang.Object, java.lang.Object, int, java.lang.Object)'> (0x000000008a49cb38) thrown at [./src/hotspot/share/interpreter/linkResolver.cpp, line 773]
Event: 1174.316 Thread 0x000001f01f8e8000 Exception <a 'java/lang/NoSuchMethodError'{0x000000008a4ab268}: 'void java.lang.invoke.DirectMethodHandle$Holder.invokeVirtual(java.lang.Object, java.lang.Object, int, java.lang.Object)'> (0x000000008a4ab268) thrown at [./src/hotspot/share/interpreter/linkResolver.cpp, line 773]
Event: 1174.508 Thread 0x000001f01f8e0800 Exception <a 'java/lang/NoSuchMethodError'{0x000000008b522290}: 'java.lang.Object java.lang.invoke.DirectMethodHandle$Holder.invokeInterface(java.lang.Object, java.lang.Object, int)'> (0x000000008b522290) thrown at [./src/hotspot/share/interpreter/linkResolver.cpp, line 773]
Event: 1174.571 Thread 0x000001f01f8e1800 Exception <a 'java/lang/NoSuchMethodError'{0x000000008b465b78}: 'java.lang.Object java.lang.invoke.DirectMethodHandle$Holder.newInvokeSpecial(java.lang.Object, int)'> (0x000000008b465b78) thrown at [./src/hotspot/share/interpreter/linkResolver.cpp, line 773]
Event: 1174.571 Thread 0x000001f01f8e8000 Exception <a 'java/lang/NoSuchMethodError'{0x000000008b2cfce0}: 'java.lang.Object java.lang.invoke.DirectMethodHandle$Holder.newInvokeSpecial(java.lang.Object, int)'> (0x000000008b2cfce0) thrown at [./src/hotspot/share/interpreter/linkResolver.cpp, line 773]
Event: 1174.960 Thread 0x000001f01f8e8000 Exception <a 'java/lang/NoSuchMethodError'{0x000000008d26caa8}: 'void java.lang.invoke.DirectMethodHandle$Holder.invokeSpecial(java.lang.Object, java.lang.Object, int, java.lang.Object, java.lang.Object, java.lang.Object, java.lang.Object)'> (0x000000008d26caa8) thrown at [./src/hotspot/share/interpreter/linkResolver.cpp, line 773]
Event: 1174.962 Thread 0x000001f01f8e8000 Exception <a 'java/lang/NoSuchMethodError'{0x000000008d2785a8}: 'java.lang.Object java.lang.invoke.Invokers$Holder.linkToTargetMethod(java.lang.Object, int, java.lang.Object, java.lang.Object, java.lang.Object, java.lang.Object)'> (0x000000008d2785a8) thrown at [./src/hotspot/share/interpreter/linkResolver.cpp, line 773]
Event: 1174.962 Thread 0x000001f01f8e8000 Exception <a 'java/lang/NoSuchMethodError'{0x000000008d27ca58}: 'void java.lang.invoke.DirectMethodHandle$Holder.invokeSpecial(java.lang.Object, java.lang.Object, java.lang.Object, java.lang.Object, java.lang.Object, java.lang.Object, java.lang.Object, java.lang.Object, java.lang.Object)'> (0x000000008d27ca58) thrown at [./src/hotspot/share/interpreter/linkResolver.cpp, line 773]
Event: 1174.968 Thread 0x000001f01f8e8000 Exception <a 'java/lang/NoSuchMethodError'{0x000000008d1551c8}: 'void java.lang.invoke.DirectMethodHandle$Holder.invokeStatic(java.lang.Object, java.lang.Object, java.lang.Object, java.lang.Object, java.lang.Object, java.lang.Object, java.lang.Object, java.lang.Object)'> (0x000000008d1551c8) thrown at [./src/hotspot/share/interpreter/linkResolver.cpp, line 773]
Event: 1175.732 Thread 0x000001f01f8e1800 Exception <a 'java/lang/IncompatibleClassChangeError'{0x000000008d779990}: Found class java.lang.Object, but interface was expected> (0x000000008d779990) thrown at [./src/hotspot/share/interpreter/linkResolver.cpp, line 839]
Event: 1175.776 Thread 0x000001f01f8e1800 Exception <a 'java/lang/NoSuchMethodError'{0x000000008d56be50}: 'void java.lang.invoke.DirectMethodHandle$Holder.invokeVirtual(java.lang.Object, java.lang.Object, int)'> (0x000000008d56be50) thrown at [./src/hotspot/share/interpreter/linkResolver.cpp, line 773]
Event: 1175.776 Thread 0x000001f01f8e8000 Exception <a 'java/lang/NoSuchMethodError'{0x000000008d45cc00}: 'void java.lang.invoke.DirectMethodHandle$Holder.invokeVirtual(java.lang.Object, java.lang.Object, int)'> (0x000000008d45cc00) thrown at [./src/hotspot/share/interpreter/linkResolver.cpp, line 773]
Event: 1175.875 Thread 0x000001f01f8e8000 Exception <a 'sun/nio/fs/WindowsException'{0x000000008d0f6688}> (0x000000008d0f6688) thrown at [./src/hotspot/share/prims/jni.cpp, line 615]
Event: 1175.879 Thread 0x000001f01f8e1800 Exception <a 'sun/nio/fs/WindowsException'{0x000000008d00ca48}> (0x000000008d00ca48) thrown at [./src/hotspot/share/prims/jni.cpp, line 615]
Event: 1175.979 Thread 0x000001f01f8e1800 Exception <a 'sun/nio/fs/WindowsException'{0x000000008c334028}> (0x000000008c334028) thrown at [./src/hotspot/share/prims/jni.cpp, line 615]
Event: 1175.993 Thread 0x000001f01f8e8000 Exception <a 'sun/nio/fs/WindowsException'{0x000000008c265520}> (0x000000008c265520) thrown at [./src/hotspot/share/prims/jni.cpp, line 615]

Events (20 events):
Event: 1176.180 loading class com/android/tools/r8/internal/iu done
Event: 1176.181 loading class com/android/tools/r8/internal/iu
Event: 1176.181 loading class com/android/tools/r8/internal/iu done
Event: 1176.181 loading class com/android/tools/r8/internal/iu
Event: 1176.181 loading class com/android/tools/r8/internal/iu done
Event: 1176.181 loading class com/android/tools/r8/internal/Ne
Event: 1176.181 loading class com/android/tools/r8/internal/Ne done
Event: 1176.181 loading class com/android/tools/r8/internal/iu
Event: 1176.181 loading class com/android/tools/r8/internal/iu done
Event: 1176.181 loading class com/android/tools/r8/internal/Ue
Event: 1176.181 loading class com/android/tools/r8/internal/Ue done
Event: 1176.372 loading class com/android/tools/r8/internal/m4
Event: 1176.372 loading class com/android/tools/r8/internal/m4 done
Event: 1176.435 Executing VM operation: G1CollectForAllocation
Event: 1176.500 Executing VM operation: G1CollectForAllocation done
Event: 1176.718 loading class com/android/tools/r8/code/y0
Event: 1176.718 loading class com/android/tools/r8/code/y0 done
Event: 1176.741 loading class com/android/tools/r8/code/x0
Event: 1176.741 loading class com/android/tools/r8/code/x0 done
Event: 1176.956 Executing VM operation: G1CollectForAllocation


Dynamic libraries:
0x00007ff693ef0000 - 0x00007ff693efa000 	C:\Program Files\Android\Android Studio\jre\bin\java.exe
0x00007ffb0fab0000 - 0x00007ffb0fca8000 	C:\Windows\SYSTEM32\ntdll.dll
0x00007ffb0eab0000 - 0x00007ffb0eb6f000 	C:\Windows\System32\KERNEL32.DLL
0x00007ffb0d570000 - 0x00007ffb0d866000 	C:\Windows\System32\KERNELBASE.dll
0x00007ffb0d3e0000 - 0x00007ffb0d4e0000 	C:\Windows\System32\ucrtbase.dll
0x00007ffae8c30000 - 0x00007ffae8c49000 	C:\Program Files\Android\Android Studio\jre\bin\jli.dll
0x00007ffae9250000 - 0x00007ffae9267000 	C:\Program Files\Android\Android Studio\jre\bin\VCRUNTIME140.dll
0x00007ffb0eed0000 - 0x00007ffb0f06d000 	C:\Windows\System32\USER32.dll
0x00007ffb0da70000 - 0x00007ffb0da92000 	C:\Windows\System32\win32u.dll
0x00007ffb0f070000 - 0x00007ffb0f09c000 	C:\Windows\System32\GDI32.dll
0x00007ffaf7c30000 - 0x00007ffaf7eca000 	C:\Windows\WinSxS\amd64_microsoft.windows.common-controls_6595b64144ccf1df_6.0.19041.1110_none_60b5254171f9507e\COMCTL32.dll
0x00007ffb0d1c0000 - 0x00007ffb0d2d5000 	C:\Windows\System32\gdi32full.dll
0x00007ffb0e180000 - 0x00007ffb0e21e000 	C:\Windows\System32\msvcrt.dll
0x00007ffb0d870000 - 0x00007ffb0d90d000 	C:\Windows\System32\msvcp_win.dll
0x00007ffb0f0a0000 - 0x00007ffb0f0d0000 	C:\Windows\System32\IMM32.DLL
0x00007ffae1850000 - 0x00007ffae18ed000 	C:\Program Files\Android\Android Studio\jre\bin\msvcp140.dll
0x00007ffacdcc0000 - 0x00007fface78f000 	C:\Program Files\Android\Android Studio\jre\bin\server\jvm.dll
0x00007ffb0e710000 - 0x00007ffb0e7bf000 	C:\Windows\System32\ADVAPI32.dll
0x00007ffb0e0e0000 - 0x00007ffb0e17c000 	C:\Windows\System32\sechost.dll
0x00007ffb0dd80000 - 0x00007ffb0dea6000 	C:\Windows\System32\RPCRT4.dll
0x00007ffb0dd70000 - 0x00007ffb0dd78000 	C:\Windows\System32\PSAPI.DLL
0x00007ffadb770000 - 0x00007ffadb797000 	C:\Windows\SYSTEM32\WINMM.dll
0x00007ffb084b0000 - 0x00007ffb084b9000 	C:\Windows\SYSTEM32\WSOCK32.dll
0x00007ffb00860000 - 0x00007ffb0086a000 	C:\Windows\SYSTEM32\VERSION.dll
0x00007ffb0e6a0000 - 0x00007ffb0e70b000 	C:\Windows\System32\WS2_32.dll
0x00007ffb0b9c0000 - 0x00007ffb0b9d2000 	C:\Windows\SYSTEM32\kernel.appcore.dll
0x00007ffb08490000 - 0x00007ffb084a1000 	C:\Program Files\Android\Android Studio\jre\bin\verify.dll
0x00007ffb0ad60000 - 0x00007ffb0af44000 	C:\Windows\SYSTEM32\DBGHELP.DLL
0x00007ffaee340000 - 0x00007ffaee374000 	C:\Windows\SYSTEM32\dbgcore.DLL
0x00007ffb0d4e0000 - 0x00007ffb0d562000 	C:\Windows\System32\bcryptPrimitives.dll
0x00007ffaed6d0000 - 0x00007ffaed6f9000 	C:\Program Files\Android\Android Studio\jre\bin\java.dll
0x00007ffb08410000 - 0x00007ffb0841b000 	C:\Program Files\Android\Android Studio\jre\bin\jimage.dll
0x00007ffaed780000 - 0x00007ffaed798000 	C:\Program Files\Android\Android Studio\jre\bin\zip.dll
0x00007ffb0f320000 - 0x00007ffb0fa64000 	C:\Windows\System32\SHELL32.dll
0x00007ffb0b210000 - 0x00007ffb0b9a3000 	C:\Windows\SYSTEM32\windows.storage.dll
0x00007ffb0eb70000 - 0x00007ffb0eec4000 	C:\Windows\System32\combase.dll
0x00007ffb0cbd0000 - 0x00007ffb0cbfe000 	C:\Windows\SYSTEM32\Wldp.dll
0x00007ffb0dcc0000 - 0x00007ffb0dd6d000 	C:\Windows\System32\SHCORE.dll
0x00007ffb0df60000 - 0x00007ffb0dfb5000 	C:\Windows\System32\shlwapi.dll
0x00007ffb0d0c0000 - 0x00007ffb0d0e5000 	C:\Windows\SYSTEM32\profapi.dll
0x00007ffaed6b0000 - 0x00007ffaed6ca000 	C:\Program Files\Android\Android Studio\jre\bin\net.dll
0x00007ffb03ae0000 - 0x00007ffb03bea000 	C:\Windows\SYSTEM32\WINHTTP.dll
0x00007ffb0c930000 - 0x00007ffb0c99a000 	C:\Windows\system32\mswsock.dll
0x00007ffaed690000 - 0x00007ffaed6a4000 	C:\Program Files\Android\Android Studio\jre\bin\nio.dll
0x00007ffb08430000 - 0x00007ffb08457000 	C:\Users\Acer\.gradle\native\8bec1ad78214c89d9ad589b4d07fe93259594b29d510b10fafb7a158f7737e5d\windows-amd64\native-platform.dll
0x00007ffacd170000 - 0x00007ffacd2ad000 	C:\Users\Acer\.gradle\native\53dbd7edfb1c66fb8903c78663c9afc45aea4f116125fa6feffd364cf09443e8\windows-amd64\native-platform-file-events.dll
0x00007ffb038b0000 - 0x00007ffb038ba000 	C:\Program Files\Android\Android Studio\jre\bin\management.dll
0x00007ffafb380000 - 0x00007ffafb38c000 	C:\Program Files\Android\Android Studio\jre\bin\management_ext.dll
0x00007ffb0cb20000 - 0x00007ffb0cb38000 	C:\Windows\SYSTEM32\CRYPTSP.dll
0x00007ffb0c1d0000 - 0x00007ffb0c204000 	C:\Windows\system32\rsaenh.dll
0x00007ffb0d190000 - 0x00007ffb0d1b7000 	C:\Windows\System32\bcrypt.dll
0x00007ffb0d040000 - 0x00007ffb0d06e000 	C:\Windows\SYSTEM32\USERENV.dll
0x00007ffb0cb40000 - 0x00007ffb0cb4c000 	C:\Windows\SYSTEM32\CRYPTBASE.dll
0x00007ffb0c5d0000 - 0x00007ffb0c60b000 	C:\Windows\SYSTEM32\IPHLPAPI.DLL
0x00007ffb0e0b0000 - 0x00007ffb0e0b8000 	C:\Windows\System32\NSI.dll
0x00007ffafbbf0000 - 0x00007ffafbc07000 	C:\Windows\SYSTEM32\dhcpcsvc6.DLL
0x00007ffb00a70000 - 0x00007ffb00a8d000 	C:\Windows\SYSTEM32\dhcpcsvc.DLL
0x00007ffb0c670000 - 0x00007ffb0c73a000 	C:\Windows\SYSTEM32\DNSAPI.dll

dbghelp: loaded successfully - version: 4.0.5 - missing functions: none
symbol engine: initialized successfully - sym options: 0x614 - pdb path: .;C:\Program Files\Android\Android Studio\jre\bin;C:\Windows\SYSTEM32;C:\Windows\WinSxS\amd64_microsoft.windows.common-controls_6595b64144ccf1df_6.0.19041.1110_none_60b5254171f9507e;C:\Program Files\Android\Android Studio\jre\bin\server;C:\Users\Acer\.gradle\native\8bec1ad78214c89d9ad589b4d07fe93259594b29d510b10fafb7a158f7737e5d\windows-amd64;C:\Users\Acer\.gradle\native\53dbd7edfb1c66fb8903c78663c9afc45aea4f116125fa6feffd364cf09443e8\windows-amd64

VM Arguments:
jvm_args: --add-opens=java.base/java.util=ALL-UNNAMED --add-opens=java.base/java.lang=ALL-UNNAMED --add-opens=java.base/java.lang.invoke=ALL-UNNAMED --add-opens=java.base/java.util=ALL-UNNAMED --add-opens=java.prefs/java.util.prefs=ALL-UNNAMED --add-opens=java.prefs/java.util.prefs=ALL-UNNAMED --add-opens=java.base/java.nio.charset=ALL-UNNAMED --add-opens=java.base/java.net=ALL-UNNAMED --add-opens=java.base/java.util.concurrent.atomic=ALL-UNNAMED -Xmx2048m -Dfile.encoding=UTF-8 -Duser.country=US -Duser.language=en -Duser.variant 
java_command: org.gradle.launcher.daemon.bootstrap.GradleDaemon 7.0.2
java_class_path (initial): C:\Users\Acer\.gradle\wrapper\dists\gradle-7.0.2-bin\857tjihv64xamwrf0h14cai3r\gradle-7.0.2\lib\gradle-launcher-7.0.2.jar
Launcher Type: SUN_STANDARD

[Global flags]
     intx CICompilerCount                          = 4                                         {product} {ergonomic}
     uint ConcGCThreads                            = 2                                         {product} {ergonomic}
     uint G1ConcRefinementThreads                  = 8                                         {product} {ergonomic}
   size_t G1HeapRegionSize                         = 1048576                                   {product} {ergonomic}
    uintx GCDrainStackTargetSize                   = 64                                        {product} {ergonomic}
   size_t InitialHeapSize                          = 132120576                                 {product} {ergonomic}
   size_t MarkStackSize                            = 4194304                                   {product} {ergonomic}
   size_t MaxHeapSize                              = 2147483648                                {product} {command line}
   size_t MaxNewSize                               = 1287651328                                {product} {ergonomic}
   size_t MinHeapDeltaBytes                        = 1048576                                   {product} {ergonomic}
    uintx NonNMethodCodeHeapSize                   = 5836300                                {pd product} {ergonomic}
    uintx NonProfiledCodeHeapSize                  = 122910970                              {pd product} {ergonomic}
    uintx ProfiledCodeHeapSize                     = 122910970                              {pd product} {ergonomic}
    uintx ReservedCodeCacheSize                    = 251658240                              {pd product} {ergonomic}
     bool SegmentedCodeCache                       = true                                      {product} {ergonomic}
     bool UseCompressedClassPointers               = true                                 {lp64_product} {ergonomic}
     bool UseCompressedOops                        = true                                 {lp64_product} {ergonomic}
     bool UseG1GC                                  = true                                      {product} {ergonomic}
     bool UseLargePagesIndividualAllocation        = false                                  {pd product} {ergonomic}

Logging:
Log output configuration:
 #0: stdout all=warning uptime,level,tags
 #1: stderr all=off uptime,level,tags

Environment Variables:
PATH=C:\Program Files (x86)\Common Files\Oracle\Java\javapath;C:\Windows\system32;C:\Windows;C:\Windows\System32\Wbem;C:\Windows\System32\WindowsPowerShell\v1.0\;C:\Windows\System32\OpenSSH\;C:\Program Files\Git\cmd;C:\Users\Acer\AppData\Local\Programs\Python\Python311\Scripts;C:\Users\Acer\AppData\Local\Programs\Microsoft VS Code\bin;C:\Users\Acer\AppData\Local\GitHubDesktop\bin
USERNAME=Acer
OS=Windows_NT
PROCESSOR_IDENTIFIER=Intel64 Family 6 Model 126 Stepping 5, GenuineIntel



---------------  S Y S T E M  ---------------

OS: Windows 10 , 64 bit Build 19041 (10.0.19041.3155)
OS uptime: 0 days 1:39 hours

CPU:total 8 (initial active 8) (4 cores per cpu, 2 threads per core) family 6 model 126 stepping 5 microcode 0x96, cmov, cx8, fxsr, mmx, sse, sse2, sse3, ssse3, sse4.1, sse4.2, popcnt, avx, avx2, aes, clmul, erms, 3dnowpref, lzcnt, ht, tsc, tscinvbit, bmi1, bmi2, adx, evex, sha, fma

Memory: 4k page, system-wide physical 7963M (285M free)
TotalPageFile size 11463M (AvailPageFile size 5M)
current process WorkingSet (physical memory assigned to process): 395M, peak: 466M
current process commit charge ("private bytes"): 593M, peak: 697M

vm_info: OpenJDK 64-Bit Server VM (11.0.10+0-b96-7249189) for windows-amd64 JRE (11.0.10+0-b96-7249189), built on Mar 31 2021 21:44:00 by "builder" with MS VC++ 14.0 (VS2015)

END.
