#
# There is insufficient memory for the Java Runtime Environment to continue.
# Native memory allocation (malloc) failed to allocate 1048576 bytes for AllocateHeap
# Possible reasons:
#   The system is out of physical RAM or swap space
#   The process is running with CompressedOops enabled, and the Java Heap may be blocking the growth of the native heap
# Possible solutions:
#   Reduce memory load on the system
#   Increase physical memory or swap space
#   Check if swap backing store is full
#   Decrease Java heap size (-Xmx/-Xms)
#   Decrease number of Java threads
#   Decrease Java thread stack sizes (-Xss)
#   Set larger code cache with -XX:ReservedCodeCacheSize=
#   JVM is running with Unscaled Compressed Oops mode in which the Java heap is
#     placed in the first 4GB address space. The Java Heap base address is the
#     maximum limit for the native heap growth. Please use -XX:HeapBaseMinAddress
#     to set the Java Heap base and to place the Java Heap above 4GB virtual address.
# This output file may be truncated or incomplete.
#
#  Out of Memory Error (./src/hotspot/share/memory/allocation.cpp:46), pid=11512, tid=824
#
# JRE version: OpenJDK Runtime Environment (11.0.10) (build 11.0.10+0-b96-7249189)
# Java VM: OpenJDK 64-Bit Server VM (11.0.10+0-b96-7249189, mixed mode, tiered, compressed oops, g1 gc, windows-amd64)
# No core dump will be written. Minidumps are not enabled by default on client versions of Windows
#

---------------  S U M M A R Y ------------

Command Line: --add-opens=java.base/java.util=ALL-UNNAMED --add-opens=java.base/java.lang=ALL-UNNAMED --add-opens=java.base/java.lang.invoke=ALL-UNNAMED --add-opens=java.base/java.util=ALL-UNNAMED --add-opens=java.prefs/java.util.prefs=ALL-UNNAMED --add-opens=java.prefs/java.util.prefs=ALL-UNNAMED --add-opens=java.base/java.nio.charset=ALL-UNNAMED --add-opens=java.base/java.net=ALL-UNNAMED --add-opens=java.base/java.util.concurrent.atomic=ALL-UNNAMED -Xmx2048m -Dfile.encoding=UTF-8 -Duser.country=US -Duser.language=en -Duser.variant org.gradle.launcher.daemon.bootstrap.GradleDaemon 7.0.2

Host: Intel(R) Core(TM) i5-1035G1 CPU @ 1.00GHz, 8 cores, 7G,  Windows 10 , 64 bit Build 19041 (10.0.19041.3155)
Time: Sat Sep  2 16:40:07 2023 Malay Peninsula Standard Time elapsed time: 439.724352 seconds (0d 0h 7m 19s)

---------------  T H R E A D  ---------------

Current thread (0x000001c06286e800):  VMThread "VM Thread" [stack: 0x0000006cfaa00000,0x0000006cfab00000] [id=824]

Stack: [0x0000006cfaa00000,0x0000006cfab00000]
[error occurred during error reporting (printing stack bounds), id 0xc0000005, EXCEPTION_ACCESS_VIOLATION (0xc0000005) at pc=0x000001c04b7b10e7]

Native frames: (J=compiled Java code, j=interpreted, Vv=VM code, C=native code)
V  [jvm.dll+0x5ecfaa]
V  [jvm.dll+0x722bd5]
V  [jvm.dll+0x72412d]
V  [jvm.dll+0x724745]
V  [jvm.dll+0x7246fb]
V  [jvm.dll+0x5ec348]
V  [jvm.dll+0x5ecad8]
C  [ntdll.dll+0xa23df]
C  [ntdll.dll+0x514b4]
C  [ntdll.dll+0xa0eee]
C  0x000001c04b7b10e7

VM_Operation (0x0000006cff2fa400): CollectForMetadataAllocation, mode: safepoint, requested by thread 0x000001c06964e000


---------------  P R O C E S S  ---------------

Threads class SMR info:
_java_thread_list=0x000001c070078260, length=71, elements={
0x000001c047cbd000, 0x000001c062873000, 0x000001c062876800, 0x000001c06288b000,
0x000001c06288e000, 0x000001c06288f000, 0x000001c062891000, 0x000001c06289a800,
0x000001c06289f800, 0x000001c06335f000, 0x000001c065db7000, 0x000001c064c2c800,
0x000001c066178800, 0x000001c06501e000, 0x000001c06501c800, 0x000001c065023000,
0x000001c065020800, 0x000001c065022000, 0x000001c064550000, 0x000001c06454e800,
0x000001c064554000, 0x000001c064556800, 0x000001c064555000, 0x000001c06455c000,
0x000001c063712800, 0x000001c063712000, 0x000001c063710000, 0x000001c063713800,
0x000001c063714800, 0x000001c06370f800, 0x000001c063715000, 0x000001c063716800,
0x000001c063716000, 0x000001c063711000, 0x000001c063719000, 0x000001c06371a000,
0x000001c06371c800, 0x000001c06371b000, 0x000001c063718800, 0x000001c06371b800,
0x000001c063717800, 0x000001c06454f000, 0x000001c064555800, 0x000001c064557800,
0x000001c064551800, 0x000001c064558000, 0x000001c064552800, 0x000001c064559000,
0x000001c06455d000, 0x000001c064559800, 0x000001c06455a800, 0x000001c06455b800,
0x000001c06501d000, 0x000001c06501f000, 0x000001c06501f800, 0x000001c065021800,
0x000001c069646000, 0x000001c069648800, 0x000001c069649000, 0x000001c069643800,
0x000001c069646800, 0x000001c069647800, 0x000001c069645000, 0x000001c069644000,
0x000001c06964e000, 0x000001c06964f000, 0x000001c06964f800, 0x000001c06964c800,
0x000001c06964d000, 0x000001c06964a800, 0x000001c06aa58000
}

Java Threads: ( => current thread )
  0x000001c047cbd000 JavaThread "main" [_thread_blocked, id=3744, stack(0x0000006cfa400000,0x0000006cfa500000)]
  0x000001c062873000 JavaThread "Reference Handler" daemon [_thread_blocked, id=3540, stack(0x0000006cfab00000,0x0000006cfac00000)]
  0x000001c062876800 JavaThread "Finalizer" daemon [_thread_blocked, id=9064, stack(0x0000006cfac00000,0x0000006cfad00000)]
  0x000001c06288b000 JavaThread "Signal Dispatcher" daemon [_thread_blocked, id=6968, stack(0x0000006cfad00000,0x0000006cfae00000)]
  0x000001c06288e000 JavaThread "Attach Listener" daemon [_thread_blocked, id=2200, stack(0x0000006cfae00000,0x0000006cfaf00000)]
  0x000001c06288f000 JavaThread "Service Thread" daemon [_thread_blocked, id=536, stack(0x0000006cfaf00000,0x0000006cfb000000)]
  0x000001c062891000 JavaThread "C2 CompilerThread0" daemon [_thread_blocked, id=5064, stack(0x0000006cfb000000,0x0000006cfb100000)]
  0x000001c06289a800 JavaThread "C1 CompilerThread0" daemon [_thread_blocked, id=1080, stack(0x0000006cfb100000,0x0000006cfb200000)]
  0x000001c06289f800 JavaThread "Sweeper thread" daemon [_thread_blocked, id=10160, stack(0x0000006cfb200000,0x0000006cfb300000)]
  0x000001c06335f000 JavaThread "Common-Cleaner" daemon [_thread_blocked, id=3016, stack(0x0000006cfb300000,0x0000006cfb400000)]
  0x000001c065db7000 JavaThread "Daemon health stats" [_thread_blocked, id=9148, stack(0x0000006cfb800000,0x0000006cfb900000)]
  0x000001c064c2c800 JavaThread "Incoming local TCP Connector on port 58257" [_thread_in_native, id=8476, stack(0x0000006cfb500000,0x0000006cfb600000)]
  0x000001c066178800 JavaThread "Daemon periodic checks" [_thread_blocked, id=12980, stack(0x0000006cfb900000,0x0000006cfba00000)]
  0x000001c06501e000 JavaThread "Cache worker for file hash cache (C:\Users\Acer\.gradle\caches\7.0.2\fileHashes)" [_thread_blocked, id=12992, stack(0x0000006cfc800000,0x0000006cfc900000)]
  0x000001c06501c800 JavaThread "File lock request listener" [_thread_in_native, id=12872, stack(0x0000006cfc900000,0x0000006cfca00000)]
  0x000001c065023000 JavaThread "Cache worker for journal cache (C:\Users\Acer\.gradle\caches\journal-1)" [_thread_blocked, id=7800, stack(0x0000006cfcb00000,0x0000006cfcc00000)]
  0x000001c065020800 JavaThread "File watcher server" daemon [_thread_blocked, id=13172, stack(0x0000006cfcd00000,0x0000006cfce00000)]
  0x000001c065022000 JavaThread "File watcher consumer" daemon [_thread_blocked, id=2572, stack(0x0000006cfce00000,0x0000006cfcf00000)]
  0x000001c064550000 JavaThread "Cache worker for execution history cache (C:\Users\Acer\.gradle\caches\7.0.2\executionHistory)" [_thread_blocked, id=1444, stack(0x0000006cfd200000,0x0000006cfd300000)]
  0x000001c06454e800 JavaThread "jar transforms" [_thread_blocked, id=7340, stack(0x0000006cfd400000,0x0000006cfd500000)]
  0x000001c064554000 JavaThread "jar transforms Thread 2" [_thread_blocked, id=12984, stack(0x0000006cfd500000,0x0000006cfd600000)]
  0x000001c064556800 JavaThread "Cache worker for file content cache (C:\Users\Acer\.gradle\caches\7.0.2\fileContent)" [_thread_blocked, id=1208, stack(0x0000006cfd600000,0x0000006cfd700000)]
  0x000001c064555000 JavaThread "jar transforms Thread 3" [_thread_blocked, id=11564, stack(0x0000006cfd300000,0x0000006cfd400000)]
  0x000001c06455c000 JavaThread "jar transforms Thread 4" [_thread_blocked, id=12912, stack(0x0000006cfe200000,0x0000006cfe300000)]
  0x000001c063712800 JavaThread "jar transforms Thread 5" [_thread_blocked, id=7256, stack(0x0000006cfe300000,0x0000006cfe400000)]
  0x000001c063712000 JavaThread "jar transforms Thread 6" [_thread_blocked, id=8464, stack(0x0000006cfe400000,0x0000006cfe500000)]
  0x000001c063710000 JavaThread "jar transforms Thread 7" [_thread_blocked, id=7284, stack(0x0000006cfe500000,0x0000006cfe600000)]
  0x000001c063713800 JavaThread "jar transforms Thread 8" [_thread_blocked, id=10564, stack(0x0000006cfe600000,0x0000006cfe700000)]
  0x000001c063714800 JavaThread "Memory manager" [_thread_blocked, id=3336, stack(0x0000006cfe700000,0x0000006cfe800000)]
  0x000001c06370f800 JavaThread "Daemon Thread 2" [_thread_blocked, id=7380, stack(0x0000006cfa100000,0x0000006cfa200000)]
  0x000001c063715000 JavaThread "Handler for socket connection from /127.0.0.1:58257 to /127.0.0.1:58521" [_thread_in_native, id=6076, stack(0x0000006cfa200000,0x0000006cfa300000)]
  0x000001c063716800 JavaThread "Cancel handler" [_thread_blocked, id=3204, stack(0x0000006cfa300000,0x0000006cfa400000)]
  0x000001c063716000 JavaThread "Daemon worker Thread 2" [_thread_blocked, id=13304, stack(0x0000006cfba00000,0x0000006cfbb00000)]
  0x000001c063711000 JavaThread "Asynchronous log dispatcher for DefaultDaemonConnection: socket connection from /127.0.0.1:58257 to /127.0.0.1:58521" [_thread_blocked, id=8004, stack(0x0000006cfbb00000,0x0000006cfbc00000)]
  0x000001c063719000 JavaThread "Stdin handler" [_thread_blocked, id=9988, stack(0x0000006cfbc00000,0x0000006cfbd00000)]
  0x000001c06371a000 JavaThread "Daemon client event forwarder" [_thread_blocked, id=6788, stack(0x0000006cfbd00000,0x0000006cfbe00000)]
  0x000001c06371c800 JavaThread "Cache worker for file hash cache (C:\Users\Acer\Documents\GitHub\MADGroupAssignment\.gradle\7.0.2\fileHashes)" [_thread_blocked, id=11884, stack(0x0000006cfbe00000,0x0000006cfbf00000)]
  0x000001c06371b000 JavaThread "Cache worker for checksums cache (C:\Users\Acer\Documents\GitHub\MADGroupAssignment\.gradle\checksums)" [_thread_blocked, id=12812, stack(0x0000006cfc000000,0x0000006cfc100000)]
  0x000001c063718800 JavaThread "Cache worker for cache directory md-supplier (C:\Users\Acer\.gradle\caches\7.0.2\md-supplier)" [_thread_blocked, id=9828, stack(0x0000006cfc100000,0x0000006cfc200000)]
  0x000001c06371b800 JavaThread "Cache worker for cache directory md-rule (C:\Users\Acer\.gradle\caches\7.0.2\md-rule)" [_thread_blocked, id=3448, stack(0x0000006cfcc00000,0x0000006cfcd00000)]
  0x000001c063717800 JavaThread "Cache worker for dependencies-accessors (C:\Users\Acer\Documents\GitHub\MADGroupAssignment\.gradle\7.0.2\dependencies-accessors)" [_thread_blocked, id=5912, stack(0x0000006cfcf00000,0x0000006cfd000000)]
  0x000001c06454f000 JavaThread "Cache worker for Build Output Cleanup Cache (C:\Users\Acer\Documents\GitHub\MADGroupAssignment\.gradle\buildOutputCleanup)" [_thread_blocked, id=13152, stack(0x0000006cfd000000,0x0000006cfd100000)]
  0x000001c064555800 JavaThread "Build operations" [_thread_blocked, id=7364, stack(0x0000006cfd100000,0x0000006cfd200000)]
  0x000001c064557800 JavaThread "Build operations Thread 2" [_thread_blocked, id=11052, stack(0x0000006cfd700000,0x0000006cfd800000)]
  0x000001c064551800 JavaThread "Build operations Thread 3" [_thread_blocked, id=9672, stack(0x0000006cfd800000,0x0000006cfd900000)]
  0x000001c064558000 JavaThread "Build operations Thread 4" [_thread_blocked, id=12356, stack(0x0000006cfd900000,0x0000006cfda00000)]
  0x000001c064552800 JavaThread "Build operations Thread 5" [_thread_blocked, id=2384, stack(0x0000006cfda00000,0x0000006cfdb00000)]
  0x000001c064559000 JavaThread "Build operations Thread 6" [_thread_blocked, id=3476, stack(0x0000006cfdb00000,0x0000006cfdc00000)]
  0x000001c06455d000 JavaThread "Build operations Thread 7" [_thread_blocked, id=10684, stack(0x0000006cfdc00000,0x0000006cfdd00000)]
  0x000001c064559800 JavaThread "Build operations Thread 8" [_thread_blocked, id=7308, stack(0x0000006cfdd00000,0x0000006cfde00000)]
  0x000001c06455a800 JavaThread "build event listener" [_thread_blocked, id=8888, stack(0x0000006cfdf00000,0x0000006cfe000000)]
  0x000001c06455b800 JavaThread "Execution worker for ':'" [_thread_blocked, id=12608, stack(0x0000006cfe000000,0x0000006cfe100000)]
  0x000001c06501d000 JavaThread "Execution worker for ':' Thread 2" [_thread_blocked, id=7976, stack(0x0000006cfe100000,0x0000006cfe200000)]
  0x000001c06501f000 JavaThread "Execution worker for ':' Thread 3" [_thread_blocked, id=2604, stack(0x0000006cfe800000,0x0000006cfe900000)]
  0x000001c06501f800 JavaThread "Execution worker for ':' Thread 4" [_thread_blocked, id=2032, stack(0x0000006cfe900000,0x0000006cfea00000)]
  0x000001c065021800 JavaThread "Execution worker for ':' Thread 5" [_thread_blocked, id=12660, stack(0x0000006cfea00000,0x0000006cfeb00000)]
  0x000001c069646000 JavaThread "Execution worker for ':' Thread 6" [_thread_blocked, id=12484, stack(0x0000006cfeb00000,0x0000006cfec00000)]
  0x000001c069648800 JavaThread "Execution worker for ':' Thread 7" [_thread_blocked, id=3412, stack(0x0000006cfec00000,0x0000006cfed00000)]
  0x000001c069649000 JavaThread "Cache worker for execution history cache (C:\Users\Acer\Documents\GitHub\MADGroupAssignment\.gradle\7.0.2\executionHistory)" [_thread_blocked, id=12380, stack(0x0000006cfed00000,0x0000006cfee00000)]
  0x000001c069643800 JavaThread "Cache worker for Java compile cache (C:\Users\Acer\.gradle\caches\7.0.2\javaCompile)" [_thread_blocked, id=3040, stack(0x0000006cfee00000,0x0000006cfef00000)]
  0x000001c069646800 JavaThread "Cache worker for Java compile cache (C:\Users\Acer\Documents\GitHub\MADGroupAssignment\.gradle\7.0.2\javaCompile)" [_thread_blocked, id=10400, stack(0x0000006cfef00000,0x0000006cff000000)]
  0x000001c069647800 JavaThread "WorkerExecutor Queue" [_thread_blocked, id=11656, stack(0x0000006cfde00000,0x0000006cfdf00000)]
  0x000001c069645000 JavaThread "WorkerExecutor Queue Thread 2" [_thread_blocked, id=12200, stack(0x0000006cff000000,0x0000006cff100000)]
  0x000001c069644000 JavaThread "WorkerExecutor Queue Thread 3" [_thread_blocked, id=5096, stack(0x0000006cff100000,0x0000006cff200000)]
  0x000001c06964e000 JavaThread "WorkerExecutor Queue Thread 4" [_thread_blocked, id=7644, stack(0x0000006cff200000,0x0000006cff300000)]
  0x000001c06964f000 JavaThread "WorkerExecutor Queue Thread 5" [_thread_blocked, id=9540, stack(0x0000006cff300000,0x0000006cff400000)]
  0x000001c06964f800 JavaThread "WorkerExecutor Queue Thread 6" [_thread_blocked, id=5992, stack(0x0000006cff400000,0x0000006cff500000)]
  0x000001c06964c800 JavaThread "WorkerExecutor Queue Thread 7" [_thread_blocked, id=7276, stack(0x0000006cff500000,0x0000006cff600000)]
  0x000001c06964d000 JavaThread "WorkerExecutor Queue Thread 8" [_thread_blocked, id=5772, stack(0x0000006cff600000,0x0000006cff700000)]
  0x000001c06964a800 JavaThread "WorkerExecutor Queue Thread 9" [_thread_blocked, id=3960, stack(0x0000006cff700000,0x0000006cff800000)]
  0x000001c06aa58000 JavaThread "C2 CompilerThread1" daemon [_thread_blocked, id=7360, stack(0x0000006cfbf00000,0x0000006cfc000000)]

Other Threads:
=>0x000001c06286e800 VMThread "VM Thread" [stack: 0x0000006cfaa00000,0x0000006cfab00000] [id=824]
  0x000001c063382000 WatcherThread [stack: 0x0000006cfb400000,0x0000006cfb500000] [id=2852]
  0x000001c047cd6800 GCTaskThread "GC Thread#0" [stack: 0x0000006cfa500000,0x0000006cfa600000] [id=10088]
  0x000001c06368a000 GCTaskThread "GC Thread#1" [stack: 0x0000006cfb600000,0x0000006cfb700000] [id=940]
  0x000001c063fb2000 GCTaskThread "GC Thread#2" [stack: 0x0000006cfb700000,0x0000006cfb800000] [id=6536]
  0x000001c065e50000 GCTaskThread "GC Thread#3" [stack: 0x0000006cfc200000,0x0000006cfc300000] [id=12612]
  0x000001c065e50800 GCTaskThread "GC Thread#4" [stack: 0x0000006cfc300000,0x0000006cfc400000] [id=8420]
  0x000001c0647f7000 GCTaskThread "GC Thread#5" [stack: 0x0000006cfc400000,0x0000006cfc500000] [id=12268]
  0x000001c0647f8000 GCTaskThread "GC Thread#6" [stack: 0x0000006cfc500000,0x0000006cfc600000] [id=12076]
  0x000001c0647f8800 GCTaskThread "GC Thread#7" [stack: 0x0000006cfc600000,0x0000006cfc700000] [id=12588]
  0x000001c047d07800 ConcurrentGCThread "G1 Main Marker" [stack: 0x0000006cfa600000,0x0000006cfa700000] [id=8424]
  0x000001c047d0a800 ConcurrentGCThread "G1 Conc#0" [stack: 0x0000006cfa700000,0x0000006cfa800000] [id=8220]
  0x000001c064636000 ConcurrentGCThread "G1 Conc#1" [stack: 0x0000006cfca00000,0x0000006cfcb00000] [id=11676]
  0x000001c0626c0800 ConcurrentGCThread "G1 Refine#0" [stack: 0x0000006cfa800000,0x0000006cfa900000] [id=9256]
  0x000001c0641a5800 ConcurrentGCThread "G1 Refine#1" [stack: 0x0000006cfc700000,0x0000006cfc800000] [id=3156]
  0x000001c0626c1800 ConcurrentGCThread "G1 Young RemSet Sampling" [stack: 0x0000006cfa900000,0x0000006cfaa00000] [id=7124]

Threads with active compile tasks:
C2 CompilerThread1 439743 12630       4       jdk.internal.org.objectweb.asm.MethodWriter::visitInsn (114 bytes)

VM state:at safepoint (normal execution)

VM Mutex/Monitor currently owned by a thread:  ([mutex/lock_event])
[0x000001c047cb8be0] Threads_lock - owner thread: 0x000001c06286e800
[0x000001c047cb8ac0] Heap_lock - owner thread: 0x000001c06964e000

Heap address: 0x0000000080000000, size: 2048 MB, Compressed Oops mode: 32-bit
Narrow klass base: 0x0000000000000000, Narrow klass shift: 3
Compressed class space size: 1073741824 Address: 0x0000000100000000

Heap:
 garbage-first heap   total 155648K, used 83899K [0x0000000080000000, 0x0000000100000000)
  region size 1024K, 4 young (4096K), 4 survivors (4096K)
 Metaspace       used 99373K, capacity 102002K, committed 102092K, reserved 1146880K
  class space    used 12949K, capacity 13963K, committed 14028K, reserved 1048576K
Heap Regions: E=young(eden), S=young(survivor), O=old, HS=humongous(starts), HC=humongous(continues), CS=collection set, F=free, A=archive, TAMS=top-at-mark-start (previous, next)
|   0|0x0000000080000000, 0x0000000080100000, 0x0000000080100000|100%| O|  |TAMS 0x0000000080100000, 0x0000000080000000| Untracked 
|   1|0x0000000080100000, 0x0000000080200000, 0x0000000080200000|100%| O|  |TAMS 0x0000000080200000, 0x0000000080100000| Untracked 
|   2|0x0000000080200000, 0x0000000080300000, 0x0000000080300000|100%| O|  |TAMS 0x0000000080300000, 0x0000000080200000| Untracked 
|   3|0x0000000080300000, 0x0000000080400000, 0x0000000080400000|100%|HS|  |TAMS 0x0000000080400000, 0x0000000080300000| Complete 
|   4|0x0000000080400000, 0x0000000080500000, 0x0000000080500000|100%|HC|  |TAMS 0x0000000080500000, 0x0000000080400000| Complete 
|   5|0x0000000080500000, 0x0000000080600000, 0x0000000080600000|100%|HC|  |TAMS 0x0000000080600000, 0x0000000080500000| Complete 
|   6|0x0000000080600000, 0x0000000080700000, 0x0000000080700000|100%| O|  |TAMS 0x0000000080700000, 0x0000000080600000| Untracked 
|   7|0x0000000080700000, 0x0000000080800000, 0x0000000080800000|100%| O|  |TAMS 0x0000000080800000, 0x0000000080700000| Untracked 
|   8|0x0000000080800000, 0x0000000080900000, 0x0000000080900000|100%| O|  |TAMS 0x0000000080900000, 0x0000000080800000| Complete 
|   9|0x0000000080900000, 0x0000000080a00000, 0x0000000080a00000|100%| O|  |TAMS 0x0000000080a00000, 0x0000000080900000| Untracked 
|  10|0x0000000080a00000, 0x0000000080b00000, 0x0000000080b00000|100%| O|  |TAMS 0x0000000080b00000, 0x0000000080a00000| Untracked 
|  11|0x0000000080b00000, 0x0000000080c00000, 0x0000000080c00000|100%| O|  |TAMS 0x0000000080c00000, 0x0000000080b00000| Untracked 
|  12|0x0000000080c00000, 0x0000000080d00000, 0x0000000080d00000|100%| O|  |TAMS 0x0000000080d00000, 0x0000000080c00000| Complete 
|  13|0x0000000080d00000, 0x0000000080e00000, 0x0000000080e00000|100%| O|  |TAMS 0x0000000080e00000, 0x0000000080d00000| Untracked 
|  14|0x0000000080e00000, 0x0000000080f00000, 0x0000000080f00000|100%| O|  |TAMS 0x0000000080f00000, 0x0000000080e00000| Untracked 
|  15|0x0000000080f00000, 0x0000000081000000, 0x0000000081000000|100%| O|  |TAMS 0x0000000081000000, 0x0000000080f00000| Untracked 
|  16|0x0000000081000000, 0x0000000081100000, 0x0000000081100000|100%| O|  |TAMS 0x0000000081100000, 0x0000000081000000| Untracked 
|  17|0x0000000081100000, 0x0000000081200000, 0x0000000081200000|100%| O|  |TAMS 0x0000000081200000, 0x0000000081100000| Untracked 
|  18|0x0000000081200000, 0x0000000081300000, 0x0000000081300000|100%| O|  |TAMS 0x0000000081300000, 0x0000000081200000| Untracked 
|  19|0x0000000081300000, 0x0000000081400000, 0x0000000081400000|100%| O|  |TAMS 0x0000000081400000, 0x0000000081300000| Untracked 
|  20|0x0000000081400000, 0x0000000081500000, 0x0000000081500000|100%| O|  |TAMS 0x0000000081500000, 0x0000000081400000| Complete 
|  21|0x0000000081500000, 0x0000000081600000, 0x0000000081600000|100%| O|  |TAMS 0x0000000081600000, 0x0000000081500000| Complete 
|  22|0x0000000081600000, 0x0000000081700000, 0x0000000081700000|100%| O|  |TAMS 0x0000000081700000, 0x0000000081600000| Complete 
|  23|0x0000000081700000, 0x0000000081800000, 0x0000000081800000|100%| O|  |TAMS 0x0000000081800000, 0x0000000081700000| Untracked 
|  24|0x0000000081800000, 0x0000000081900000, 0x0000000081900000|100%| O|  |TAMS 0x0000000081900000, 0x0000000081800000| Untracked 
|  25|0x0000000081900000, 0x0000000081a00000, 0x0000000081a00000|100%| O|  |TAMS 0x0000000081a00000, 0x0000000081900000| Complete 
|  26|0x0000000081a00000, 0x0000000081b00000, 0x0000000081b00000|100%|HS|  |TAMS 0x0000000081b00000, 0x0000000081a00000| Complete 
|  27|0x0000000081b00000, 0x0000000081c00000, 0x0000000081c00000|100%|HS|  |TAMS 0x0000000081c00000, 0x0000000081b00000| Complete 
|  28|0x0000000081c00000, 0x0000000081d00000, 0x0000000081d00000|100%|HS|  |TAMS 0x0000000081d00000, 0x0000000081c00000| Complete 
|  29|0x0000000081d00000, 0x0000000081e00000, 0x0000000081e00000|100%|HC|  |TAMS 0x0000000081e00000, 0x0000000081d00000| Complete 
|  30|0x0000000081e00000, 0x0000000081f00000, 0x0000000081f00000|100%| O|  |TAMS 0x0000000081f00000, 0x0000000081e00000| Untracked 
|  31|0x0000000081f00000, 0x0000000082000000, 0x0000000082000000|100%| O|  |TAMS 0x0000000082000000, 0x0000000081f00000| Complete 
|  32|0x0000000082000000, 0x0000000082100000, 0x0000000082100000|100%| O|  |TAMS 0x0000000082100000, 0x0000000082000000| Complete 
|  33|0x0000000082100000, 0x0000000082200000, 0x0000000082200000|100%| O|  |TAMS 0x0000000082200000, 0x0000000082100000| Complete 
|  34|0x0000000082200000, 0x0000000082300000, 0x0000000082300000|100%| O|  |TAMS 0x0000000082300000, 0x0000000082200000| Complete 
|  35|0x0000000082300000, 0x0000000082400000, 0x0000000082400000|100%| O|  |TAMS 0x0000000082400000, 0x0000000082300000| Untracked 
|  36|0x0000000082400000, 0x0000000082500000, 0x0000000082500000|100%| O|  |TAMS 0x0000000082500000, 0x0000000082400000| Untracked 
|  37|0x0000000082500000, 0x0000000082600000, 0x0000000082600000|100%| O|  |TAMS 0x0000000082600000, 0x0000000082500000| Untracked 
|  38|0x0000000082600000, 0x0000000082700000, 0x0000000082700000|100%| O|  |TAMS 0x0000000082700000, 0x0000000082600000| Untracked 
|  39|0x0000000082700000, 0x0000000082800000, 0x0000000082800000|100%| O|  |TAMS 0x0000000082800000, 0x0000000082700000| Untracked 
|  40|0x0000000082800000, 0x0000000082900000, 0x0000000082900000|100%| O|  |TAMS 0x0000000082900000, 0x0000000082800000| Complete 
|  41|0x0000000082900000, 0x0000000082a00000, 0x0000000082a00000|100%| O|  |TAMS 0x0000000082a00000, 0x0000000082900000| Complete 
|  42|0x0000000082a00000, 0x0000000082b00000, 0x0000000082b00000|100%| O|  |TAMS 0x0000000082b00000, 0x0000000082a00000| Complete 
|  43|0x0000000082b00000, 0x0000000082c00000, 0x0000000082c00000|100%| O|  |TAMS 0x0000000082c00000, 0x0000000082b00000| Complete 
|  44|0x0000000082c00000, 0x0000000082d00000, 0x0000000082d00000|100%| O|  |TAMS 0x0000000082d00000, 0x0000000082c00000| Complete 
|  45|0x0000000082d00000, 0x0000000082e00000, 0x0000000082e00000|100%| O|  |TAMS 0x0000000082e00000, 0x0000000082d00000| Untracked 
|  46|0x0000000082e00000, 0x0000000082f00000, 0x0000000082f00000|100%| O|  |TAMS 0x0000000082f00000, 0x0000000082e00000| Untracked 
|  47|0x0000000082f00000, 0x0000000083000000, 0x0000000083000000|100%| O|  |TAMS 0x0000000083000000, 0x0000000082f00000| Untracked 
|  48|0x0000000083000000, 0x0000000083100000, 0x0000000083100000|100%| O|  |TAMS 0x0000000083100000, 0x0000000083000000| Complete 
|  49|0x0000000083100000, 0x0000000083200000, 0x0000000083200000|100%| O|  |TAMS 0x0000000083200000, 0x0000000083100000| Untracked 
|  50|0x0000000083200000, 0x0000000083300000, 0x0000000083300000|100%| O|  |TAMS 0x0000000083300000, 0x0000000083200000| Complete 
|  51|0x0000000083300000, 0x0000000083400000, 0x0000000083400000|100%| O|  |TAMS 0x0000000083400000, 0x0000000083300000| Untracked 
|  52|0x0000000083400000, 0x0000000083500000, 0x0000000083500000|100%| O|  |TAMS 0x0000000083500000, 0x0000000083400000| Complete 
|  53|0x0000000083500000, 0x0000000083600000, 0x0000000083600000|100%| O|  |TAMS 0x0000000083600000, 0x0000000083500000| Complete 
|  54|0x0000000083600000, 0x0000000083700000, 0x0000000083700000|100%| O|  |TAMS 0x0000000083700000, 0x0000000083600000| Complete 
|  55|0x0000000083700000, 0x0000000083800000, 0x0000000083800000|100%| O|  |TAMS 0x0000000083800000, 0x0000000083700000| Complete 
|  56|0x0000000083800000, 0x0000000083900000, 0x0000000083900000|100%| O|  |TAMS 0x0000000083900000, 0x0000000083800000| Complete 
|  57|0x0000000083900000, 0x0000000083a00000, 0x0000000083a00000|100%| O|  |TAMS 0x0000000083a00000, 0x0000000083900000| Complete 
|  58|0x0000000083a00000, 0x0000000083b00000, 0x0000000083b00000|100%| O|  |TAMS 0x0000000083b00000, 0x0000000083a00000| Complete 
|  59|0x0000000083b00000, 0x0000000083c00000, 0x0000000083c00000|100%| O|  |TAMS 0x0000000083c00000, 0x0000000083b00000| Complete 
|  60|0x0000000083c00000, 0x0000000083d00000, 0x0000000083d00000|100%| O|  |TAMS 0x0000000083d00000, 0x0000000083c00000| Untracked 
|  61|0x0000000083d00000, 0x0000000083e00000, 0x0000000083e00000|100%| O|  |TAMS 0x0000000083e00000, 0x0000000083d00000| Untracked 
|  62|0x0000000083e00000, 0x0000000083f00000, 0x0000000083f00000|100%| O|  |TAMS 0x0000000083f00000, 0x0000000083e00000| Complete 
|  63|0x0000000083f00000, 0x0000000084000000, 0x0000000084000000|100%|HS|  |TAMS 0x0000000084000000, 0x0000000083f00000| Complete 
|  64|0x0000000084000000, 0x0000000084100000, 0x0000000084100000|100%|HC|  |TAMS 0x0000000084100000, 0x0000000084000000| Complete 
|  65|0x0000000084100000, 0x0000000084200000, 0x0000000084200000|100%| O|  |TAMS 0x0000000084200000, 0x0000000084100000| Untracked 
|  66|0x0000000084200000, 0x0000000084300000, 0x0000000084300000|100%| O|  |TAMS 0x0000000084300000, 0x0000000084200000| Untracked 
|  67|0x0000000084300000, 0x0000000084400000, 0x0000000084400000|100%| O|  |TAMS 0x0000000084400000, 0x0000000084300000| Untracked 
|  68|0x0000000084400000, 0x0000000084500000, 0x0000000084500000|100%| O|  |TAMS 0x0000000084500000, 0x0000000084400000| Untracked 
|  69|0x0000000084500000, 0x0000000084600000, 0x0000000084600000|100%| O|  |TAMS 0x0000000084600000, 0x0000000084500000| Untracked 
|  70|0x0000000084600000, 0x0000000084700000, 0x0000000084700000|100%| O|  |TAMS 0x0000000084700000, 0x0000000084600000| Untracked 
|  71|0x0000000084700000, 0x0000000084800000, 0x0000000084800000|100%| O|  |TAMS 0x0000000084800000, 0x0000000084700000| Untracked 
|  72|0x0000000084800000, 0x0000000084900000, 0x0000000084900000|100%| O|  |TAMS 0x0000000084900000, 0x0000000084800000| Complete 
|  73|0x0000000084900000, 0x0000000084a00000, 0x0000000084a00000|100%| O|  |TAMS 0x0000000084a00000, 0x0000000084900000| Untracked 
|  74|0x0000000084a00000, 0x0000000084b00000, 0x0000000084b00000|100%| O|  |TAMS 0x0000000084b00000, 0x0000000084a00000| Untracked 
|  75|0x0000000084b00000, 0x0000000084c00000, 0x0000000084c00000|100%| O|  |TAMS 0x0000000084c00000, 0x0000000084b00000| Untracked 
|  76|0x0000000084c00000, 0x0000000084d00000, 0x0000000084d00000|100%| O|  |TAMS 0x0000000084d00000, 0x0000000084c00000| Untracked 
|  77|0x0000000084d00000, 0x0000000084e00000, 0x0000000084e00000|100%| O|  |TAMS 0x0000000084e00000, 0x0000000084d00000| Complete 
|  78|0x0000000084e00000, 0x0000000084e53400, 0x0000000084f00000| 32%| O|  |TAMS 0x0000000084e53400, 0x0000000084e00000| Untracked 
|  79|0x0000000084f00000, 0x0000000084f00000, 0x0000000085000000|  0%| F|  |TAMS 0x0000000084f00000, 0x0000000084f00000| Untracked 
|  80|0x0000000085000000, 0x0000000085000000, 0x0000000085100000|  0%| F|  |TAMS 0x0000000085000000, 0x0000000085000000| Untracked 
|  81|0x0000000085100000, 0x0000000085100000, 0x0000000085200000|  0%| F|  |TAMS 0x0000000085100000, 0x0000000085100000| Untracked 
|  82|0x0000000085200000, 0x0000000085200000, 0x0000000085300000|  0%| F|  |TAMS 0x0000000085200000, 0x0000000085200000| Untracked 
|  83|0x0000000085300000, 0x0000000085300000, 0x0000000085400000|  0%| F|  |TAMS 0x0000000085300000, 0x0000000085300000| Untracked 
|  84|0x0000000085400000, 0x0000000085400000, 0x0000000085500000|  0%| F|  |TAMS 0x0000000085400000, 0x0000000085400000| Untracked 
|  85|0x0000000085500000, 0x0000000085500000, 0x0000000085600000|  0%| F|  |TAMS 0x0000000085500000, 0x0000000085500000| Untracked 
|  86|0x0000000085600000, 0x0000000085600000, 0x0000000085700000|  0%| F|  |TAMS 0x0000000085600000, 0x0000000085600000| Untracked 
|  87|0x0000000085700000, 0x0000000085700000, 0x0000000085800000|  0%| F|  |TAMS 0x0000000085700000, 0x0000000085700000| Untracked 
|  88|0x0000000085800000, 0x0000000085800000, 0x0000000085900000|  0%| F|  |TAMS 0x0000000085800000, 0x0000000085800000| Untracked 
|  89|0x0000000085900000, 0x0000000085900000, 0x0000000085a00000|  0%| F|  |TAMS 0x0000000085900000, 0x0000000085900000| Untracked 
|  90|0x0000000085a00000, 0x0000000085a00000, 0x0000000085b00000|  0%| F|  |TAMS 0x0000000085a00000, 0x0000000085a00000| Untracked 
|  91|0x0000000085b00000, 0x0000000085b00000, 0x0000000085c00000|  0%| F|  |TAMS 0x0000000085b00000, 0x0000000085b00000| Untracked 
|  92|0x0000000085c00000, 0x0000000085c00000, 0x0000000085d00000|  0%| F|  |TAMS 0x0000000085c00000, 0x0000000085c00000| Untracked 
|  93|0x0000000085d00000, 0x0000000085d00000, 0x0000000085e00000|  0%| F|  |TAMS 0x0000000085d00000, 0x0000000085d00000| Untracked 
|  94|0x0000000085e00000, 0x0000000085e00000, 0x0000000085f00000|  0%| F|  |TAMS 0x0000000085e00000, 0x0000000085e00000| Untracked 
|  95|0x0000000085f00000, 0x0000000085f00000, 0x0000000086000000|  0%| F|  |TAMS 0x0000000085f00000, 0x0000000085f00000| Untracked 
|  96|0x0000000086000000, 0x0000000086000000, 0x0000000086100000|  0%| F|  |TAMS 0x0000000086000000, 0x0000000086000000| Untracked 
|  97|0x0000000086100000, 0x0000000086100000, 0x0000000086200000|  0%| F|  |TAMS 0x0000000086100000, 0x0000000086100000| Untracked 
|  98|0x0000000086200000, 0x0000000086200000, 0x0000000086300000|  0%| F|  |TAMS 0x0000000086200000, 0x0000000086200000| Untracked 
|  99|0x0000000086300000, 0x0000000086300000, 0x0000000086400000|  0%| F|  |TAMS 0x0000000086300000, 0x0000000086300000| Untracked 
| 100|0x0000000086400000, 0x0000000086400000, 0x0000000086500000|  0%| F|  |TAMS 0x0000000086400000, 0x0000000086400000| Untracked 
| 101|0x0000000086500000, 0x0000000086500000, 0x0000000086600000|  0%| F|  |TAMS 0x0000000086500000, 0x0000000086500000| Untracked 
| 102|0x0000000086600000, 0x0000000086600000, 0x0000000086700000|  0%| F|  |TAMS 0x0000000086600000, 0x0000000086600000| Untracked 
| 103|0x0000000086700000, 0x0000000086700000, 0x0000000086800000|  0%| F|  |TAMS 0x0000000086700000, 0x0000000086700000| Untracked 
| 104|0x0000000086800000, 0x0000000086800000, 0x0000000086900000|  0%| F|  |TAMS 0x0000000086800000, 0x0000000086800000| Untracked 
| 105|0x0000000086900000, 0x0000000086900000, 0x0000000086a00000|  0%| F|  |TAMS 0x0000000086900000, 0x0000000086900000| Untracked 
| 106|0x0000000086a00000, 0x0000000086a00000, 0x0000000086b00000|  0%| F|  |TAMS 0x0000000086a00000, 0x0000000086a00000| Untracked 
| 107|0x0000000086b00000, 0x0000000086b00000, 0x0000000086c00000|  0%| F|  |TAMS 0x0000000086b00000, 0x0000000086b00000| Untracked 
| 108|0x0000000086c00000, 0x0000000086c00000, 0x0000000086d00000|  0%| F|  |TAMS 0x0000000086c00000, 0x0000000086c00000| Untracked 
| 109|0x0000000086d00000, 0x0000000086d00000, 0x0000000086e00000|  0%| F|  |TAMS 0x0000000086d00000, 0x0000000086d00000| Untracked 
| 110|0x0000000086e00000, 0x0000000086e00000, 0x0000000086f00000|  0%| F|  |TAMS 0x0000000086e00000, 0x0000000086e00000| Untracked 
| 111|0x0000000086f00000, 0x0000000086f00000, 0x0000000087000000|  0%| F|  |TAMS 0x0000000086f00000, 0x0000000086f00000| Untracked 
| 112|0x0000000087000000, 0x0000000087000000, 0x0000000087100000|  0%| F|  |TAMS 0x0000000087000000, 0x0000000087000000| Untracked 
| 113|0x0000000087100000, 0x0000000087100000, 0x0000000087200000|  0%| F|  |TAMS 0x0000000087100000, 0x0000000087100000| Untracked 
| 114|0x0000000087200000, 0x0000000087200000, 0x0000000087300000|  0%| F|  |TAMS 0x0000000087200000, 0x0000000087200000| Untracked 
| 115|0x0000000087300000, 0x0000000087300000, 0x0000000087400000|  0%| F|  |TAMS 0x0000000087300000, 0x0000000087300000| Untracked 
| 116|0x0000000087400000, 0x0000000087400000, 0x0000000087500000|  0%| F|  |TAMS 0x0000000087400000, 0x0000000087400000| Untracked 
| 117|0x0000000087500000, 0x0000000087500000, 0x0000000087600000|  0%| F|  |TAMS 0x0000000087500000, 0x0000000087500000| Untracked 
| 118|0x0000000087600000, 0x0000000087600000, 0x0000000087700000|  0%| F|  |TAMS 0x0000000087600000, 0x0000000087600000| Untracked 
| 119|0x0000000087700000, 0x0000000087700000, 0x0000000087800000|  0%| F|  |TAMS 0x0000000087700000, 0x0000000087700000| Untracked 
| 120|0x0000000087800000, 0x0000000087800000, 0x0000000087900000|  0%| F|  |TAMS 0x0000000087800000, 0x0000000087800000| Untracked 
| 121|0x0000000087900000, 0x0000000087900000, 0x0000000087a00000|  0%| F|  |TAMS 0x0000000087900000, 0x0000000087900000| Untracked 
| 122|0x0000000087a00000, 0x0000000087a00000, 0x0000000087b00000|  0%| F|  |TAMS 0x0000000087a00000, 0x0000000087a00000| Untracked 
| 123|0x0000000087b00000, 0x0000000087b00000, 0x0000000087c00000|  0%| F|  |TAMS 0x0000000087b00000, 0x0000000087b00000| Untracked 
| 124|0x0000000087c00000, 0x0000000087c00000, 0x0000000087d00000|  0%| F|  |TAMS 0x0000000087c00000, 0x0000000087c00000| Untracked 
| 125|0x0000000087d00000, 0x0000000087d00000, 0x0000000087e00000|  0%| F|  |TAMS 0x0000000087d00000, 0x0000000087d00000| Untracked 
| 126|0x0000000087e00000, 0x0000000087e00000, 0x0000000087f00000|  0%| F|  |TAMS 0x0000000087e00000, 0x0000000087e00000| Untracked 
| 127|0x0000000087f00000, 0x0000000087f00000, 0x0000000088000000|  0%| F|  |TAMS 0x0000000087f00000, 0x0000000087f00000| Untracked 
| 128|0x0000000088000000, 0x000000008809ba58, 0x0000000088100000| 60%| S|CS|TAMS 0x0000000088000000, 0x0000000088000000| Complete 
| 129|0x0000000088100000, 0x0000000088200000, 0x0000000088200000|100%| S|CS|TAMS 0x0000000088100000, 0x0000000088100000| Complete 
| 130|0x0000000088200000, 0x0000000088300000, 0x0000000088300000|100%| S|CS|TAMS 0x0000000088200000, 0x0000000088200000| Complete 
| 131|0x0000000088300000, 0x0000000088400000, 0x0000000088400000|100%| S|CS|TAMS 0x0000000088300000, 0x0000000088300000| Complete 
| 132|0x0000000088400000, 0x0000000088400000, 0x0000000088500000|  0%| F|  |TAMS 0x0000000088400000, 0x0000000088400000| Untracked 
| 133|0x0000000088500000, 0x0000000088500000, 0x0000000088600000|  0%| F|  |TAMS 0x0000000088500000, 0x0000000088500000| Untracked 
| 134|0x0000000088600000, 0x0000000088600000, 0x0000000088700000|  0%| F|  |TAMS 0x0000000088600000, 0x0000000088600000| Untracked 
| 135|0x0000000088700000, 0x0000000088700000, 0x0000000088800000|  0%| F|  |TAMS 0x0000000088700000, 0x0000000088700000| Untracked 
| 136|0x0000000088800000, 0x0000000088800000, 0x0000000088900000|  0%| F|  |TAMS 0x0000000088800000, 0x0000000088800000| Untracked 
| 137|0x0000000088900000, 0x0000000088900000, 0x0000000088a00000|  0%| F|  |TAMS 0x0000000088900000, 0x0000000088900000| Untracked 
| 138|0x0000000088a00000, 0x0000000088a00000, 0x0000000088b00000|  0%| F|  |TAMS 0x0000000088a00000, 0x0000000088a00000| Untracked 
| 139|0x0000000088b00000, 0x0000000088b00000, 0x0000000088c00000|  0%| F|  |TAMS 0x0000000088b00000, 0x0000000088b00000| Untracked 
| 140|0x0000000088c00000, 0x0000000088c00000, 0x0000000088d00000|  0%| F|  |TAMS 0x0000000088c00000, 0x0000000088c00000| Untracked 
| 141|0x0000000088d00000, 0x0000000088d00000, 0x0000000088e00000|  0%| F|  |TAMS 0x0000000088d00000, 0x0000000088d00000| Untracked 
| 142|0x0000000088e00000, 0x0000000088e00000, 0x0000000088f00000|  0%| F|  |TAMS 0x0000000088e00000, 0x0000000088e00000| Untracked 
| 143|0x0000000088f00000, 0x0000000088f00000, 0x0000000089000000|  0%| F|  |TAMS 0x0000000088f00000, 0x0000000088f00000| Untracked 
| 144|0x0000000089000000, 0x0000000089000000, 0x0000000089100000|  0%| F|  |TAMS 0x0000000089000000, 0x0000000089000000| Untracked 
| 145|0x0000000089100000, 0x0000000089100000, 0x0000000089200000|  0%| F|  |TAMS 0x0000000089100000, 0x0000000089100000| Untracked 
| 146|0x0000000089200000, 0x0000000089200000, 0x0000000089300000|  0%| F|  |TAMS 0x0000000089200000, 0x0000000089200000| Untracked 
| 147|0x0000000089300000, 0x0000000089300000, 0x0000000089400000|  0%| F|  |TAMS 0x0000000089300000, 0x0000000089300000| Untracked 
| 148|0x0000000089400000, 0x0000000089400000, 0x0000000089500000|  0%| F|  |TAMS 0x0000000089400000, 0x0000000089400000| Untracked 
| 149|0x0000000089500000, 0x0000000089500000, 0x0000000089600000|  0%| F|  |TAMS 0x0000000089500000, 0x0000000089500000| Untracked 
| 150|0x0000000089600000, 0x0000000089600000, 0x0000000089700000|  0%| F|  |TAMS 0x0000000089600000, 0x0000000089600000| Untracked 
| 151|0x0000000089700000, 0x0000000089700000, 0x0000000089800000|  0%| F|  |TAMS 0x0000000089700000, 0x0000000089700000| Untracked 

Card table byte_map: [0x000001c05b610000,0x000001c05ba10000] _byte_map_base: 0x000001c05b210000

Marking Bits (Prev, Next): (CMBitMap*) 0x000001c047cfe940, (CMBitMap*) 0x000001c047cfe908
 Prev Bits: [0x000001c05de10000, 0x000001c05fe10000)
 Next Bits: [0x000001c05be10000, 0x000001c05de10000)

Polling page: 0x000001c046420000

Metaspace:

Usage:
  Non-class:     85.98 MB capacity,    84.40 MB ( 98%) used,     1.27 MB (  1%) free+waste,   310.38 KB ( <1%) overhead. 
      Class:     13.64 MB capacity,    12.65 MB ( 93%) used,   871.08 KB (  6%) free+waste,   142.44 KB (  1%) overhead. 
       Both:     99.61 MB capacity,    97.04 MB ( 97%) used,     2.12 MB (  2%) free+waste,   452.81 KB ( <1%) overhead. 

Virtual space:
  Non-class space:       96.00 MB reserved,      86.00 MB ( 90%) committed 
      Class space:        1.00 GB reserved,      13.70 MB (  1%) committed 
             Both:        1.09 GB reserved,      99.70 MB (  9%) committed 

Chunk freelists:
   Non-Class:  25.00 KB
       Class:  21.00 KB
        Both:  46.00 KB

MaxMetaspaceSize: 17179869184.00 GB
CompressedClassSpaceSize: 1.00 GB

CodeHeap 'non-profiled nmethods': size=120000Kb used=7957Kb max_used=7957Kb free=112042Kb
 bounds [0x000001c053280000, 0x000001c053a50000, 0x000001c05a7b0000]
CodeHeap 'profiled nmethods': size=120000Kb used=27059Kb max_used=27059Kb free=92940Kb
 bounds [0x000001c04bd50000, 0x000001c04d7c0000, 0x000001c053280000]
CodeHeap 'non-nmethods': size=5760Kb used=2317Kb max_used=2380Kb free=3442Kb
 bounds [0x000001c04b7b0000, 0x000001c04ba20000, 0x000001c04bd50000]
 total_blobs=13506 nmethods=12590 adapters=826
 compilation: enabled
              stopped_count=0, restarted_count=0
 full_count=0

Compilation events (20 events):
Event: 439.697 Thread 0x000001c06289a800 nmethod 12626 0x000001c04d7b8810 code [0x000001c04d7b89e0, 0x000001c04d7b8c68]
Event: 439.697 Thread 0x000001c06289a800 12627       3       com.android.tools.r8.internal.Be::a (16 bytes)
Event: 439.698 Thread 0x000001c06289a800 nmethod 12627 0x000001c04d7b8d10 code [0x000001c04d7b8ee0, 0x000001c04d7b91c8]
Event: 439.698 Thread 0x000001c06289a800 12629       3       com.android.tools.r8.internal.H3::equals (59 bytes)
Event: 439.698 Thread 0x000001c06289a800 nmethod 12629 0x000001c04d7b9310 code [0x000001c04d7b9500, 0x000001c04d7b9a98]
Event: 439.698 Thread 0x000001c062891000 nmethod 12615 0x000001c053a43f10 code [0x000001c053a440a0, 0x000001c053a44138]
Event: 439.698 Thread 0x000001c06289a800 12624       3       com.android.tools.r8.internal.Ah$b::next (16 bytes)
Event: 439.698 Thread 0x000001c062891000 12621       4       com.android.tools.r8.internal.n2::next (5 bytes)
Event: 439.698 Thread 0x000001c06289a800 nmethod 12624 0x000001c04d7b9c10 code [0x000001c04d7b9e00, 0x000001c04d7ba288]
Event: 439.698 Thread 0x000001c06289a800 12625       3       com.android.tools.r8.internal.i2$$Lambda$1426/0x0000000100d5a840::apply (17 bytes)
Event: 439.698 Thread 0x000001c06289a800 nmethod 12625 0x000001c04d7ba490 code [0x000001c04d7ba660, 0x000001c04d7ba928]
Event: 439.698 Thread 0x000001c06289a800 12623       3       com.android.tools.r8.internal.Ah::keySet (27 bytes)
Event: 439.699 Thread 0x000001c06289a800 nmethod 12623 0x000001c04d7baa10 code [0x000001c04d7bac00, 0x000001c04d7bb098]
Event: 439.699 Thread 0x000001c06289a800 12628       3       com.android.tools.r8.internal.H3::<init> (79 bytes)
Event: 439.699 Thread 0x000001c06289a800 nmethod 12628 0x000001c04d7bb290 code [0x000001c04d7bb460, 0x000001c04d7bb718]
Event: 439.704 Thread 0x000001c06aa58000 nmethod 12605 0x000001c053a44210 code [0x000001c053a44400, 0x000001c053a44918]
Event: 439.704 Thread 0x000001c06aa58000 12630       4       jdk.internal.org.objectweb.asm.MethodWriter::visitInsn (114 bytes)
Event: 439.704 Thread 0x000001c062891000 nmethod 12621 0x000001c053a44f90 code [0x000001c053a45140, 0x000001c053a454d8]
Event: 439.708 Thread 0x000001c06289a800 12631       3       com.android.tools.r8.internal.Fq::a (123 bytes)
Event: 439.709 Thread 0x000001c06289a800 nmethod 12631 0x000001c04d7bb810 code [0x000001c04d7bbb20, 0x000001c04d7bc888]

GC Heap History (20 events):
Event: 16.008 GC heap before
{Heap before GC invocations=14 (full 0):
 garbage-first heap   total 129024K, used 91134K [0x0000000080000000, 0x0000000100000000)
  region size 1024K, 47 young (48128K), 3 survivors (3072K)
 Metaspace       used 62576K, capacity 64073K, committed 64460K, reserved 1105920K
  class space    used 7948K, capacity 8520K, committed 8652K, reserved 1048576K
}
Event: 16.022 GC heap after
{Heap after GC invocations=15 (full 0):
 garbage-first heap   total 155648K, used 50405K [0x0000000080000000, 0x0000000100000000)
  region size 1024K, 6 young (6144K), 6 survivors (6144K)
 Metaspace       used 62576K, capacity 64073K, committed 64460K, reserved 1105920K
  class space    used 7948K, capacity 8520K, committed 8652K, reserved 1048576K
}
Event: 17.448 GC heap before
{Heap before GC invocations=16 (full 0):
 garbage-first heap   total 155648K, used 105701K [0x0000000080000000, 0x0000000100000000)
  region size 1024K, 60 young (61440K), 6 survivors (6144K)
 Metaspace       used 66965K, capacity 68581K, committed 68684K, reserved 1107968K
  class space    used 8677K, capacity 9252K, committed 9292K, reserved 1048576K
}
Event: 17.458 GC heap after
{Heap after GC invocations=17 (full 0):
 garbage-first heap   total 155648K, used 54362K [0x0000000080000000, 0x0000000100000000)
  region size 1024K, 5 young (5120K), 5 survivors (5120K)
 Metaspace       used 66965K, capacity 68581K, committed 68684K, reserved 1107968K
  class space    used 8677K, capacity 9252K, committed 9292K, reserved 1048576K
}
Event: 19.511 GC heap before
{Heap before GC invocations=17 (full 0):
 garbage-first heap   total 155648K, used 109658K [0x0000000080000000, 0x0000000100000000)
  region size 1024K, 59 young (60416K), 5 survivors (5120K)
 Metaspace       used 71868K, capacity 73559K, committed 73804K, reserved 1114112K
  class space    used 9354K, capacity 9953K, committed 10060K, reserved 1048576K
}
Event: 19.521 GC heap after
{Heap after GC invocations=18 (full 0):
 garbage-first heap   total 155648K, used 57961K [0x0000000080000000, 0x0000000100000000)
  region size 1024K, 4 young (4096K), 4 survivors (4096K)
 Metaspace       used 71868K, capacity 73559K, committed 73804K, reserved 1114112K
  class space    used 9354K, capacity 9953K, committed 10060K, reserved 1048576K
}
Event: 22.200 GC heap before
{Heap before GC invocations=18 (full 0):
 garbage-first heap   total 155648K, used 113257K [0x0000000080000000, 0x0000000100000000)
  region size 1024K, 58 young (59392K), 4 survivors (4096K)
 Metaspace       used 77909K, capacity 79968K, committed 80204K, reserved 1118208K
  class space    used 10248K, capacity 11018K, committed 11084K, reserved 1048576K
}
Event: 22.211 GC heap after
{Heap after GC invocations=19 (full 0):
 garbage-first heap   total 155648K, used 61406K [0x0000000080000000, 0x0000000100000000)
  region size 1024K, 8 young (8192K), 8 survivors (8192K)
 Metaspace       used 77909K, capacity 79968K, committed 80204K, reserved 1118208K
  class space    used 10248K, capacity 11018K, committed 11084K, reserved 1048576K
}
Event: 23.400 GC heap before
{Heap before GC invocations=19 (full 0):
 garbage-first heap   total 155648K, used 115678K [0x0000000080000000, 0x0000000100000000)
  region size 1024K, 62 young (63488K), 8 survivors (8192K)
 Metaspace       used 78901K, capacity 80974K, committed 81100K, reserved 1120256K
  class space    used 10321K, capacity 11092K, committed 11212K, reserved 1048576K
}
Event: 23.416 GC heap after
{Heap after GC invocations=20 (full 0):
 garbage-first heap   total 155648K, used 64584K [0x0000000080000000, 0x0000000100000000)
  region size 1024K, 7 young (7168K), 7 survivors (7168K)
 Metaspace       used 78901K, capacity 80974K, committed 81100K, reserved 1120256K
  class space    used 10321K, capacity 11092K, committed 11212K, reserved 1048576K
}
Event: 310.928 GC heap before
{Heap before GC invocations=20 (full 0):
 garbage-first heap   total 155648K, used 118856K [0x0000000080000000, 0x0000000100000000)
  region size 1024K, 61 young (62464K), 7 survivors (7168K)
 Metaspace       used 80304K, capacity 82473K, committed 82636K, reserved 1120256K
  class space    used 10449K, capacity 11209K, committed 11212K, reserved 1048576K
}
Event: 310.937 GC heap after
{Heap after GC invocations=21 (full 0):
 garbage-first heap   total 155648K, used 66948K [0x0000000080000000, 0x0000000100000000)
  region size 1024K, 6 young (6144K), 6 survivors (6144K)
 Metaspace       used 80304K, capacity 82473K, committed 82636K, reserved 1120256K
  class space    used 10449K, capacity 11209K, committed 11212K, reserved 1048576K
}
Event: 434.979 GC heap before
{Heap before GC invocations=21 (full 0):
 garbage-first heap   total 155648K, used 121220K [0x0000000080000000, 0x0000000100000000)
  region size 1024K, 60 young (61440K), 6 survivors (6144K)
 Metaspace       used 82551K, capacity 84837K, committed 85068K, reserved 1122304K
  class space    used 10631K, capacity 11461K, committed 11596K, reserved 1048576K
}
Event: 434.993 GC heap after
{Heap after GC invocations=22 (full 0):
 garbage-first heap   total 155648K, used 72704K [0x0000000080000000, 0x0000000100000000)
  region size 1024K, 8 young (8192K), 8 survivors (8192K)
 Metaspace       used 82551K, capacity 84837K, committed 85068K, reserved 1122304K
  class space    used 10631K, capacity 11461K, committed 11596K, reserved 1048576K
}
Event: 436.896 GC heap before
{Heap before GC invocations=22 (full 0):
 garbage-first heap   total 155648K, used 124928K [0x0000000080000000, 0x0000000100000000)
  region size 1024K, 58 young (59392K), 8 survivors (8192K)
 Metaspace       used 89286K, capacity 91568K, committed 91724K, reserved 1128448K
  class space    used 11461K, capacity 12337K, committed 12364K, reserved 1048576K
}
Event: 436.916 GC heap after
{Heap after GC invocations=23 (full 0):
 garbage-first heap   total 155648K, used 83025K [0x0000000080000000, 0x0000000100000000)
  region size 1024K, 8 young (8192K), 8 survivors (8192K)
 Metaspace       used 89286K, capacity 91568K, committed 91724K, reserved 1128448K
  class space    used 11461K, capacity 12337K, committed 12364K, reserved 1048576K
}
Event: 439.098 GC heap before
{Heap before GC invocations=23 (full 0):
 garbage-first heap   total 155648K, used 122961K [0x0000000080000000, 0x0000000100000000)
  region size 1024K, 48 young (49152K), 8 survivors (8192K)
 Metaspace       used 96275K, capacity 98814K, committed 99020K, reserved 1134592K
  class space    used 12453K, capacity 13395K, committed 13516K, reserved 1048576K
}
Event: 439.116 GC heap after
{Heap after GC invocations=24 (full 0):
 garbage-first heap   total 155648K, used 83825K [0x0000000080000000, 0x0000000100000000)
  region size 1024K, 4 young (4096K), 4 survivors (4096K)
 Metaspace       used 96275K, capacity 98814K, committed 99020K, reserved 1134592K
  class space    used 12453K, capacity 13395K, committed 13516K, reserved 1048576K
}
Event: 439.713 GC heap before
{Heap before GC invocations=25 (full 0):
 garbage-first heap   total 155648K, used 103281K [0x0000000080000000, 0x0000000100000000)
  region size 1024K, 24 young (24576K), 4 survivors (4096K)
 Metaspace       used 99373K, capacity 102002K, committed 102092K, reserved 1144832K
  class space    used 12949K, capacity 13963K, committed 14028K, reserved 1048576K
}
Event: 439.721 GC heap after
{Heap after GC invocations=26 (full 0):
 garbage-first heap   total 155648K, used 83899K [0x0000000080000000, 0x0000000100000000)
  region size 1024K, 4 young (4096K), 4 survivors (4096K)
 Metaspace       used 99373K, capacity 102002K, committed 102092K, reserved 1144832K
  class space    used 12949K, capacity 13963K, committed 14028K, reserved 1048576K
}

Deoptimization events (20 events):
Event: 438.373 Thread 0x000001c06964e000 Uncommon trap: trap_request=0xffffff4d fr.pc=0x000001c053946278 relative=0x00000000000001d8
Event: 438.373 Thread 0x000001c06964e000 Uncommon trap: reason=unstable_if action=reinterpret pc=0x000001c053946278 method=jdk.internal.util.ArraysSupport.mismatch([B[BI)I @ 60 c2
Event: 438.373 Thread 0x000001c06964e000 DEOPT PACKING pc=0x000001c053946278 sp=0x0000006cff2fd4e0
Event: 438.373 Thread 0x000001c06964e000 DEOPT UNPACKING pc=0x000001c04b7b83af sp=0x0000006cff2fd428 mode 2
Event: 438.373 Thread 0x000001c06964e000 Uncommon trap: trap_request=0xffffff4d fr.pc=0x000001c0539467d0 relative=0x00000000000001b0
Event: 438.373 Thread 0x000001c06964e000 Uncommon trap: reason=unstable_if action=reinterpret pc=0x000001c0539467d0 method=jdk.internal.util.ArraysSupport.mismatch([B[BI)I @ 60 c2
Event: 438.373 Thread 0x000001c06964e000 DEOPT PACKING pc=0x000001c0539467d0 sp=0x0000006cff2fd470
Event: 438.373 Thread 0x000001c06964e000 DEOPT UNPACKING pc=0x000001c04b7b83af sp=0x0000006cff2fd430 mode 2
Event: 439.551 Thread 0x000001c06964e000 Uncommon trap: trap_request=0xffffff4d fr.pc=0x000001c0534d408c relative=0x0000000000000c6c
Event: 439.551 Thread 0x000001c06964e000 Uncommon trap: reason=unstable_if action=reinterpret pc=0x000001c0534d408c method=java.util.HashMap.computeIfAbsent(Ljava/lang/Object;Ljava/util/function/Function;)Ljava/lang/Object; @ 145 c2
Event: 439.551 Thread 0x000001c06964e000 DEOPT PACKING pc=0x000001c0534d408c sp=0x0000006cff2fc710
Event: 439.551 Thread 0x000001c06964e000 DEOPT UNPACKING pc=0x000001c04b7b83af sp=0x0000006cff2fc6e0 mode 2
Event: 439.653 Thread 0x000001c06964e000 Uncommon trap: trap_request=0xffffff4d fr.pc=0x000001c053615b34 relative=0x0000000000001794
Event: 439.653 Thread 0x000001c06964e000 Uncommon trap: reason=unstable_if action=reinterpret pc=0x000001c053615b34 method=java.util.TreeMap.put(Ljava/lang/Object;Ljava/lang/Object;)Ljava/lang/Object; @ 163 c2
Event: 439.653 Thread 0x000001c06964e000 DEOPT PACKING pc=0x000001c053615b34 sp=0x0000006cff2fc690
Event: 439.653 Thread 0x000001c06964e000 DEOPT UNPACKING pc=0x000001c04b7b83af sp=0x0000006cff2fc660 mode 2
Event: 439.687 Thread 0x000001c06964e000 Uncommon trap: trap_request=0xffffff4d fr.pc=0x000001c053412168 relative=0x0000000000000228
Event: 439.687 Thread 0x000001c06964e000 Uncommon trap: reason=unstable_if action=reinterpret pc=0x000001c053412168 method=java.util.HashMap.getNode(ILjava/lang/Object;)Ljava/util/HashMap$Node; @ 84 c2
Event: 439.687 Thread 0x000001c06964e000 DEOPT PACKING pc=0x000001c053412168 sp=0x0000006cff2fc7c0
Event: 439.687 Thread 0x000001c06964e000 DEOPT UNPACKING pc=0x000001c04b7b83af sp=0x0000006cff2fc6d8 mode 2

Classes redefined (0 events):
No events

Internal exceptions (20 events):
Event: 437.444 Thread 0x000001c06501f800 Exception <a 'java/lang/NoSuchMethodError'{0x0000000088e909c8}: 'void java.lang.invoke.DirectMethodHandle$Holder.invokeStatic(java.lang.Object, java.lang.Object, java.lang.Object, java.lang.Object, java.lang.Object, java.lang.Object, java.lang.Object)'> (0x0000000088e909c8) thrown at [./src/hotspot/share/interpreter/linkResolver.cpp, line 773]
Event: 437.475 Thread 0x000001c06371a000 Exception <a 'java/lang/NoSuchMethodError'{0x0000000088d39f00}: <clinit>> (0x0000000088d39f00) thrown at [./src/hotspot/share/prims/jni.cpp, line 1362]
Event: 437.482 Thread 0x000001c06371a000 Exception <a 'java/lang/NoSuchMethodError'{0x0000000088c02470}: <clinit>> (0x0000000088c02470) thrown at [./src/hotspot/share/prims/jni.cpp, line 1362]
Event: 437.926 Thread 0x000001c06501f800 Exception <a 'java/lang/NoSuchMethodError'{0x00000000886cc808}: <clinit>> (0x00000000886cc808) thrown at [./src/hotspot/share/prims/jni.cpp, line 1362]
Event: 438.176 Thread 0x000001c06964e000 Exception <a 'sun/nio/fs/WindowsException'{0x0000000088086340}> (0x0000000088086340) thrown at [./src/hotspot/share/prims/jni.cpp, line 615]
Event: 438.514 Thread 0x000001c06964e000 Exception <a 'java/lang/NoSuchMethodError'{0x0000000087b69050}: 'java.lang.Object java.lang.invoke.DirectMethodHandle$Holder.invokeStatic(java.lang.Object, java.lang.Object, java.lang.Object, java.lang.Object, java.lang.Object, java.lang.Object, java.lang.Object, java.lang.Object, java.lang.Object, java.lang.Object, java.lang.Object, java.lang.Object, java.lang.Object, java.lang.Object, java.lang.Object, java.lang.Object, java.lang.Object, java.lang.Object, int, java.lang.Object)'> (0x0000000087b69050) thr
Event: 438.514 Thread 0x000001c06964e000 Exception <a 'java/lang/NoSuchMethodError'{0x0000000087b6eb88}: 'java.lang.Object java.lang.invoke.DirectMethodHandle$Holder.invokeStaticInit(java.lang.Object, java.lang.Object, java.lang.Object, java.lang.Object, java.lang.Object, java.lang.Object, java.lang.Object, java.lang.Object, java.lang.Object, java.lang.Object, java.lang.Object, java.lang.Object, java.lang.Object, java.lang.Object, java.lang.Object, java.lang.Object, java.lang.Object, java.lang.Object, int, java.lang.Object)'> (0x0000000087b6eb88)
Event: 438.607 Thread 0x000001c06964e000 Exception <a 'java/lang/IncompatibleClassChangeError'{0x0000000087a50ad8}: Found class java.lang.Object, but interface was expected> (0x0000000087a50ad8) thrown at [./src/hotspot/share/interpreter/linkResolver.cpp, line 839]
Event: 438.686 Thread 0x000001c06964e000 Exception <a 'java/lang/NoSuchMethodError'{0x00000000879e6ae8}: 'java.lang.Object java.lang.invoke.DirectMethodHandle$Holder.invokeStatic(java.lang.Object, long)'> (0x00000000879e6ae8) thrown at [./src/hotspot/share/interpreter/linkResolver.cpp, line 773]
Event: 438.688 Thread 0x000001c06964e000 Exception <a 'java/lang/NoSuchMethodError'{0x00000000879ece68}: 'java.lang.Object java.lang.invoke.Invokers$Holder.linkToTargetMethod(long, java.lang.Object)'> (0x00000000879ece68) thrown at [./src/hotspot/share/interpreter/linkResolver.cpp, line 773]
Event: 438.903 Thread 0x000001c06964e000 Exception <a 'java/lang/NoSuchMethodError'{0x0000000087678380}: 'void java.lang.invoke.DirectMethodHandle$Holder.invokeStatic(java.lang.Object, java.lang.Object, java.lang.Object, int)'> (0x0000000087678380) thrown at [./src/hotspot/share/interpreter/linkResolver.cpp, line 773]
Event: 438.904 Thread 0x000001c06964e000 Exception <a 'java/lang/IncompatibleClassChangeError'{0x0000000087680400}: Found class java.lang.Object, but interface was expected> (0x0000000087680400) thrown at [./src/hotspot/share/interpreter/linkResolver.cpp, line 839]
Event: 439.026 Thread 0x000001c06964e000 Exception <a 'java/lang/NoSuchMethodError'{0x000000008728bf80}: 'java.lang.Object java.lang.invoke.DirectMethodHandle$Holder.invokeStatic(java.lang.Object, int, java.lang.Object, java.lang.Object)'> (0x000000008728bf80) thrown at [./src/hotspot/share/interpreter/linkResolver.cpp, line 773]
Event: 439.123 Thread 0x000001c06964e000 Exception <a 'java/lang/NoSuchMethodError'{0x00000000897bc528}: 'java.lang.Object java.lang.invoke.Invokers$Holder.linkToTargetMethod(java.lang.Object, java.lang.Object, java.lang.Object, java.lang.Object, java.lang.Object, java.lang.Object, java.lang.Object)'> (0x00000000897bc528) thrown at [./src/hotspot/share/interpreter/linkResolver.cpp, line 773]
Event: 439.204 Thread 0x000001c06964e000 Exception <a 'java/lang/NoSuchMethodError'{0x000000008940d580}: 'java.lang.Object java.lang.invoke.DirectMethodHandle$Holder.invokeVirtual(java.lang.Object, java.lang.Object, int, java.lang.Object)'> (0x000000008940d580) thrown at [./src/hotspot/share/interpreter/linkResolver.cpp, line 773]
Event: 439.232 Thread 0x000001c06964e000 Exception <a 'java/lang/IncompatibleClassChangeError'{0x00000000894813c8}: Found class java.lang.Object, but interface was expected> (0x00000000894813c8) thrown at [./src/hotspot/share/interpreter/linkResolver.cpp, line 839]
Event: 439.233 Thread 0x000001c06964e000 Exception <a 'java/lang/IncompatibleClassChangeError'{0x000000008948a260}: Found class java.lang.Object, but interface was expected> (0x000000008948a260) thrown at [./src/hotspot/share/interpreter/linkResolver.cpp, line 839]
Event: 439.265 Thread 0x000001c06964e000 Exception <a 'java/lang/NoSuchMethodError'{0x0000000089357810}: 'void java.lang.invoke.DirectMethodHandle$Holder.invokeVirtual(java.lang.Object, java.lang.Object, int, java.lang.Object)'> (0x0000000089357810) thrown at [./src/hotspot/share/interpreter/linkResolver.cpp, line 773]
Event: 439.413 Thread 0x000001c06964e000 Exception <a 'java/lang/NoSuchMethodError'{0x00000000891a45e8}: 'java.lang.Object java.lang.invoke.DirectMethodHandle$Holder.newInvokeSpecial(java.lang.Object, int)'> (0x00000000891a45e8) thrown at [./src/hotspot/share/interpreter/linkResolver.cpp, line 773]
Event: 439.443 Thread 0x000001c06964e000 Exception <a 'java/lang/NoSuchMethodError'{0x00000000890a1150}: 'java.lang.Object java.lang.invoke.DirectMethodHandle$Holder.invokeInterface(java.lang.Object, java.lang.Object, int)'> (0x00000000890a1150) thrown at [./src/hotspot/share/interpreter/linkResolver.cpp, line 773]

Events (20 events):
Event: 439.707 loading class com/android/tools/r8/internal/kp done
Event: 439.707 loading class com/android/tools/r8/internal/op
Event: 439.707 loading class com/android/tools/r8/internal/op done
Event: 439.708 loading class com/android/tools/r8/internal/Go
Event: 439.708 loading class com/android/tools/r8/internal/Go done
Event: 439.709 loading class com/android/tools/r8/internal/mp$a
Event: 439.709 loading class com/android/tools/r8/internal/mp$a done
Event: 439.709 loading class com/android/tools/r8/internal/lp
Event: 439.709 loading class com/android/tools/r8/internal/lp done
Event: 439.709 loading class com/android/tools/r8/internal/mp$c
Event: 439.709 loading class com/android/tools/r8/internal/mp$c done
Event: 439.710 loading class com/android/tools/r8/naming/K$b
Event: 439.710 loading class com/android/tools/r8/naming/K$b done
Event: 439.710 loading class com/android/tools/r8/internal/ee
Event: 439.710 loading class com/android/tools/r8/internal/ee done
Event: 439.710 loading class com/android/tools/r8/internal/Ln
Event: 439.710 loading class com/android/tools/r8/internal/Ln done
Event: 439.711 loading class com/android/tools/r8/synthesis/p
Event: 439.711 loading class com/android/tools/r8/synthesis/p done
Event: 439.712 Executing VM operation: CollectForMetadataAllocation


Dynamic libraries:
0x00007ff629fd0000 - 0x00007ff629fda000 	C:\Program Files\Android\Android Studio\jre\bin\java.exe
0x00007ffb91af0000 - 0x00007ffb91ce8000 	C:\Windows\SYSTEM32\ntdll.dll
0x00007ffb91890000 - 0x00007ffb9194f000 	C:\Windows\System32\KERNEL32.DLL
0x00007ffb8f520000 - 0x00007ffb8f816000 	C:\Windows\System32\KERNELBASE.dll
0x00007ffb8f880000 - 0x00007ffb8f980000 	C:\Windows\System32\ucrtbase.dll
0x00007ffb6a9e0000 - 0x00007ffb6a9f9000 	C:\Program Files\Android\Android Studio\jre\bin\jli.dll
0x00007ffb6a5a0000 - 0x00007ffb6a5b7000 	C:\Program Files\Android\Android Studio\jre\bin\VCRUNTIME140.dll
0x00007ffb90ed0000 - 0x00007ffb9106d000 	C:\Windows\System32\USER32.dll
0x00007ffb8f850000 - 0x00007ffb8f872000 	C:\Windows\System32\win32u.dll
0x00007ffb799f0000 - 0x00007ffb79c8a000 	C:\Windows\WinSxS\amd64_microsoft.windows.common-controls_6595b64144ccf1df_6.0.19041.1110_none_60b5254171f9507e\COMCTL32.dll
0x00007ffb90b20000 - 0x00007ffb90b4c000 	C:\Windows\System32\GDI32.dll
0x00007ffb8f220000 - 0x00007ffb8f335000 	C:\Windows\System32\gdi32full.dll
0x00007ffb91950000 - 0x00007ffb919ee000 	C:\Windows\System32\msvcrt.dll
0x00007ffb8f3f0000 - 0x00007ffb8f48d000 	C:\Windows\System32\msvcp_win.dll
0x00007ffb91150000 - 0x00007ffb91180000 	C:\Windows\System32\IMM32.DLL
0x00007ffb4a000000 - 0x00007ffb4a09d000 	C:\Program Files\Android\Android Studio\jre\bin\msvcp140.dll
0x00007ffb53130000 - 0x00007ffb53bff000 	C:\Program Files\Android\Android Studio\jre\bin\server\jvm.dll
0x00007ffb90750000 - 0x00007ffb907ff000 	C:\Windows\System32\ADVAPI32.dll
0x00007ffb90800000 - 0x00007ffb9089c000 	C:\Windows\System32\sechost.dll
0x00007ffb90c80000 - 0x00007ffb90da6000 	C:\Windows\System32\RPCRT4.dll
0x00007ffb8fbb0000 - 0x00007ffb8fbb8000 	C:\Windows\System32\PSAPI.DLL
0x00007ffb8a6c0000 - 0x00007ffb8a6c9000 	C:\Windows\SYSTEM32\WSOCK32.dll
0x00007ffb90e60000 - 0x00007ffb90ecb000 	C:\Windows\System32\WS2_32.dll
0x00007ffb5f170000 - 0x00007ffb5f197000 	C:\Windows\SYSTEM32\WINMM.dll
0x00007ffb85d20000 - 0x00007ffb85d2a000 	C:\Windows\SYSTEM32\VERSION.dll
0x00007ffb8da00000 - 0x00007ffb8da12000 	C:\Windows\SYSTEM32\kernel.appcore.dll
0x00007ffb8a680000 - 0x00007ffb8a691000 	C:\Program Files\Android\Android Studio\jre\bin\verify.dll
0x00007ffb8cf30000 - 0x00007ffb8d114000 	C:\Windows\SYSTEM32\DBGHELP.DLL
0x00007ffb703e0000 - 0x00007ffb70414000 	C:\Windows\SYSTEM32\dbgcore.DLL
0x00007ffb8f490000 - 0x00007ffb8f512000 	C:\Windows\System32\bcryptPrimitives.dll
0x00007ffb8a440000 - 0x00007ffb8a469000 	C:\Program Files\Android\Android Studio\jre\bin\java.dll
0x00007ffb8a430000 - 0x00007ffb8a43b000 	C:\Program Files\Android\Android Studio\jre\bin\jimage.dll
0x00007ffb8a410000 - 0x00007ffb8a428000 	C:\Program Files\Android\Android Studio\jre\bin\zip.dll
0x00007ffb8fca0000 - 0x00007ffb903e4000 	C:\Windows\System32\SHELL32.dll
0x00007ffb8d250000 - 0x00007ffb8d9e3000 	C:\Windows\SYSTEM32\windows.storage.dll
0x00007ffb903f0000 - 0x00007ffb90744000 	C:\Windows\System32\combase.dll
0x00007ffb8eba0000 - 0x00007ffb8ebce000 	C:\Windows\SYSTEM32\Wldp.dll
0x00007ffb90db0000 - 0x00007ffb90e5d000 	C:\Windows\System32\SHCORE.dll
0x00007ffb91a50000 - 0x00007ffb91aa5000 	C:\Windows\System32\shlwapi.dll
0x00007ffb8f100000 - 0x00007ffb8f125000 	C:\Windows\SYSTEM32\profapi.dll
0x00007ffb88560000 - 0x00007ffb8857a000 	C:\Program Files\Android\Android Studio\jre\bin\net.dll
0x00007ffb89470000 - 0x00007ffb8957a000 	C:\Windows\SYSTEM32\WINHTTP.dll
0x00007ffb8e8f0000 - 0x00007ffb8e95a000 	C:\Windows\system32\mswsock.dll
0x00007ffb884e0000 - 0x00007ffb884f4000 	C:\Program Files\Android\Android Studio\jre\bin\nio.dll
0x00007ffb772b0000 - 0x00007ffb772d7000 	C:\Users\Acer\.gradle\native\8bec1ad78214c89d9ad589b4d07fe93259594b29d510b10fafb7a158f7737e5d\windows-amd64\native-platform.dll
0x00007ffb6d9b0000 - 0x00007ffb6daed000 	C:\Users\Acer\.gradle\native\53dbd7edfb1c66fb8903c78663c9afc45aea4f116125fa6feffd364cf09443e8\windows-amd64\native-platform-file-events.dll
0x00007ffb8a3c0000 - 0x00007ffb8a3ca000 	C:\Program Files\Android\Android Studio\jre\bin\management.dll
0x00007ffb88550000 - 0x00007ffb8855c000 	C:\Program Files\Android\Android Studio\jre\bin\management_ext.dll
0x00007ffb8eae0000 - 0x00007ffb8eaf8000 	C:\Windows\SYSTEM32\CRYPTSP.dll
0x00007ffb8e1b0000 - 0x00007ffb8e1e4000 	C:\Windows\system32\rsaenh.dll
0x00007ffb8f820000 - 0x00007ffb8f847000 	C:\Windows\System32\bcrypt.dll
0x00007ffb8f0c0000 - 0x00007ffb8f0ee000 	C:\Windows\SYSTEM32\USERENV.dll
0x00007ffb8eb90000 - 0x00007ffb8eb9c000 	C:\Windows\SYSTEM32\CRYPTBASE.dll
0x00007ffb8e590000 - 0x00007ffb8e5cb000 	C:\Windows\SYSTEM32\IPHLPAPI.DLL
0x00007ffb8fbc0000 - 0x00007ffb8fbc8000 	C:\Windows\System32\NSI.dll
0x00007ffb835d0000 - 0x00007ffb835e7000 	C:\Windows\SYSTEM32\dhcpcsvc6.DLL
0x00007ffb85ad0000 - 0x00007ffb85aed000 	C:\Windows\SYSTEM32\dhcpcsvc.DLL
0x00007ffb8e5d0000 - 0x00007ffb8e69a000 	C:\Windows\SYSTEM32\DNSAPI.dll

dbghelp: loaded successfully - version: 4.0.5 - missing functions: none
symbol engine: initialized successfully - sym options: 0x614 - pdb path: .;C:\Program Files\Android\Android Studio\jre\bin;C:\Windows\SYSTEM32;C:\Windows\WinSxS\amd64_microsoft.windows.common-controls_6595b64144ccf1df_6.0.19041.1110_none_60b5254171f9507e;C:\Program Files\Android\Android Studio\jre\bin\server;C:\Users\Acer\.gradle\native\8bec1ad78214c89d9ad589b4d07fe93259594b29d510b10fafb7a158f7737e5d\windows-amd64;C:\Users\Acer\.gradle\native\53dbd7edfb1c66fb8903c78663c9afc45aea4f116125fa6feffd364cf09443e8\windows-amd64

VM Arguments:
jvm_args: --add-opens=java.base/java.util=ALL-UNNAMED --add-opens=java.base/java.lang=ALL-UNNAMED --add-opens=java.base/java.lang.invoke=ALL-UNNAMED --add-opens=java.base/java.util=ALL-UNNAMED --add-opens=java.prefs/java.util.prefs=ALL-UNNAMED --add-opens=java.prefs/java.util.prefs=ALL-UNNAMED --add-opens=java.base/java.nio.charset=ALL-UNNAMED --add-opens=java.base/java.net=ALL-UNNAMED --add-opens=java.base/java.util.concurrent.atomic=ALL-UNNAMED -Xmx2048m -Dfile.encoding=UTF-8 -Duser.country=US -Duser.language=en -Duser.variant 
java_command: org.gradle.launcher.daemon.bootstrap.GradleDaemon 7.0.2
java_class_path (initial): C:\Users\Acer\.gradle\wrapper\dists\gradle-7.0.2-bin\857tjihv64xamwrf0h14cai3r\gradle-7.0.2\lib\gradle-launcher-7.0.2.jar
Launcher Type: SUN_STANDARD

[Global flags]
     intx CICompilerCount                          = 4                                         {product} {ergonomic}
     uint ConcGCThreads                            = 2                                         {product} {ergonomic}
     uint G1ConcRefinementThreads                  = 8                                         {product} {ergonomic}
   size_t G1HeapRegionSize                         = 1048576                                   {product} {ergonomic}
    uintx GCDrainStackTargetSize                   = 64                                        {product} {ergonomic}
   size_t InitialHeapSize                          = 132120576                                 {product} {ergonomic}
   size_t MarkStackSize                            = 4194304                                   {product} {ergonomic}
   size_t MaxHeapSize                              = 2147483648                                {product} {command line}
   size_t MaxNewSize                               = 1287651328                                {product} {ergonomic}
   size_t MinHeapDeltaBytes                        = 1048576                                   {product} {ergonomic}
    uintx NonNMethodCodeHeapSize                   = 5836300                                {pd product} {ergonomic}
    uintx NonProfiledCodeHeapSize                  = 122910970                              {pd product} {ergonomic}
    uintx ProfiledCodeHeapSize                     = 122910970                              {pd product} {ergonomic}
    uintx ReservedCodeCacheSize                    = 251658240                              {pd product} {ergonomic}
     bool SegmentedCodeCache                       = true                                      {product} {ergonomic}
     bool UseCompressedClassPointers               = true                                 {lp64_product} {ergonomic}
     bool UseCompressedOops                        = true                                 {lp64_product} {ergonomic}
     bool UseG1GC                                  = true                                      {product} {ergonomic}
     bool UseLargePagesIndividualAllocation        = false                                  {pd product} {ergonomic}

Logging:
Log output configuration:
 #0: stdout all=warning uptime,level,tags
 #1: stderr all=off uptime,level,tags

Environment Variables:
PATH=C:\Program Files (x86)\Common Files\Oracle\Java\javapath;C:\Windows\system32;C:\Windows;C:\Windows\System32\Wbem;C:\Windows\System32\WindowsPowerShell\v1.0\;C:\Windows\System32\OpenSSH\;C:\Program Files\Git\cmd;C:\Users\Acer\AppData\Local\Programs\Python\Python311\Scripts;C:\Users\Acer\AppData\Local\Programs\Microsoft VS Code\bin;C:\Users\Acer\AppData\Local\GitHubDesktop\bin
USERNAME=Acer
OS=Windows_NT
PROCESSOR_IDENTIFIER=Intel64 Family 6 Model 126 Stepping 5, GenuineIntel



---------------  S Y S T E M  ---------------

OS: Windows 10 , 64 bit Build 19041 (10.0.19041.3155)
OS uptime: 0 days 4:55 hours

CPU:total 8 (initial active 8) (4 cores per cpu, 2 threads per core) family 6 model 126 stepping 5 microcode 0x96, cmov, cx8, fxsr, mmx, sse, sse2, sse3, ssse3, sse4.1, sse4.2, popcnt, avx, avx2, aes, clmul, erms, 3dnowpref, lzcnt, ht, tsc, tscinvbit, bmi1, bmi2, adx, evex, sha, fma

Memory: 4k page, system-wide physical 7963M (529M free)
TotalPageFile size 9963M (AvailPageFile size 0M)
current process WorkingSet (physical memory assigned to process): 385M, peak: 399M
current process commit charge ("private bytes"): 477M, peak: 478M

vm_info: OpenJDK 64-Bit Server VM (11.0.10+0-b96-7249189) for windows-amd64 JRE (11.0.10+0-b96-7249189), built on Mar 31 2021 21:44:00 by "builder" with MS VC++ 14.0 (VS2015)

END.
