#
# There is insufficient memory for the Java Runtime Environment to continue.
# Native memory allocation (malloc) failed to allocate 1411056 bytes for Chunk::new
# Possible reasons:
#   The system is out of physical RAM or swap space
#   The process is running with CompressedOops enabled, and the Java Heap may be blocking the growth of the native heap
# Possible solutions:
#   Reduce memory load on the system
#   Increase physical memory or swap space
#   Check if swap backing store is full
#   Decrease Java heap size (-Xmx/-Xms)
#   Decrease number of Java threads
#   Decrease Java thread stack sizes (-Xss)
#   Set larger code cache with -XX:ReservedCodeCacheSize=
#   JVM is running with Unscaled Compressed Oops mode in which the Java heap is
#     placed in the first 4GB address space. The Java Heap base address is the
#     maximum limit for the native heap growth. Please use -XX:HeapBaseMinAddress
#     to set the Java Heap base and to place the Java Heap above 4GB virtual address.
# This output file may be truncated or incomplete.
#
#  Out of Memory Error (./src/hotspot/share/memory/arena.cpp:197), pid=8700, tid=8932
#
# JRE version: OpenJDK Runtime Environment (11.0.10) (build 11.0.10+0-b96-7249189)
# Java VM: OpenJDK 64-Bit Server VM (11.0.10+0-b96-7249189, mixed mode, tiered, compressed oops, g1 gc, windows-amd64)
# No core dump will be written. Minidumps are not enabled by default on client versions of Windows
#

---------------  S U M M A R Y ------------

Command Line: --add-opens=java.base/java.util=ALL-UNNAMED --add-opens=java.base/java.lang=ALL-UNNAMED --add-opens=java.base/java.lang.invoke=ALL-UNNAMED --add-opens=java.base/java.util=ALL-UNNAMED --add-opens=java.prefs/java.util.prefs=ALL-UNNAMED --add-opens=java.prefs/java.util.prefs=ALL-UNNAMED --add-opens=java.base/java.nio.charset=ALL-UNNAMED --add-opens=java.base/java.net=ALL-UNNAMED --add-opens=java.base/java.util.concurrent.atomic=ALL-UNNAMED -Xmx2048m -Dfile.encoding=UTF-8 -Duser.country=US -Duser.language=en -Duser.variant org.gradle.launcher.daemon.bootstrap.GradleDaemon 7.0.2

Host: Intel(R) Core(TM) i5-1035G1 CPU @ 1.00GHz, 8 cores, 7G,  Windows 10 , 64 bit Build 19041 (10.0.19041.3155)
Time: Sat Sep  2 16:31:32 2023 Malay Peninsula Standard Time elapsed time: 60.401377 seconds (0d 0h 1m 0s)

---------------  T H R E A D  ---------------

Current thread (0x000001e9bc593000):  JavaThread "C2 CompilerThread0" daemon [_thread_in_native, id=8932, stack(0x000000700d100000,0x000000700d200000)]


Current CompileTask:
C2:  60401 12285       4       org.gradle.internal.service.DefaultServiceRegistry$OwnServices$ProviderAnalyser::analyseType (114 bytes)

Stack: [0x000000700d100000,0x000000700d200000]
Native frames: (J=compiled Java code, j=interpreted, Vv=VM code, C=native code)
V  [jvm.dll+0x5ecfaa]
V  [jvm.dll+0x722bd5]
V  [jvm.dll+0x72412d]
V  [jvm.dll+0x7247e3]
V  [jvm.dll+0x242928]
V  [jvm.dll+0xbc4fc]
V  [jvm.dll+0xbca0c]
V  [jvm.dll+0x352d3b]
V  [jvm.dll+0x197e0c]
V  [jvm.dll+0x1fb70e]
V  [jvm.dll+0x1fa7f4]
V  [jvm.dll+0x18354c]
V  [jvm.dll+0x208ee7]
V  [jvm.dll+0x207731]
V  [jvm.dll+0x6eb1cf]
V  [jvm.dll+0x6e3d45]
V  [jvm.dll+0x5ebe96]
C  [ucrtbase.dll+0x21bb2]
C  [KERNEL32.DLL+0x17614]
C  [ntdll.dll+0x526b1]


---------------  P R O C E S S  ---------------

Threads class SMR info:
_java_thread_list=0x000001e9c08e3b80, length=59, elements={
0x000001e9a1948800, 0x000001e9bc572000, 0x000001e9bc57d000, 0x000001e9bc58c800,
0x000001e9bc58f800, 0x000001e9bc591800, 0x000001e9bc593000, 0x000001e9bc594000,
0x000001e9bc595800, 0x000001e9bd077000, 0x000001e9be39c800, 0x000001e9c04d4800,
0x000001e9bf770800, 0x000001e9bf4a1800, 0x000001e9bed88800, 0x000001e9bee4c800,
0x000001e9bee4b000, 0x000001e9bee4b800, 0x000001e9bf406800, 0x000001e9bf406000,
0x000001e9bf402800, 0x000001e9bf409000, 0x000001e9bf40a000, 0x000001e9bf404800,
0x000001e9bf40f800, 0x000001e9c29b2800, 0x000001e9c29b6800, 0x000001e9c29b7800,
0x000001e9c29b8800, 0x000001e9c29b9000, 0x000001e9c48f1800, 0x000001e9c48ff800,
0x000001e9c7d29000, 0x000001e9c7d25800, 0x000001e9c7d23800, 0x000001e9c7d2f800,
0x000001e9c7d2e800, 0x000001e9c7d2d000, 0x000001e9c7d2e000, 0x000001e9c7d26800,
0x000001e9c7d27800, 0x000001e9c7d28000, 0x000001e9c7d22800, 0x000001e9c7d25000,
0x000001e9c7d2a000, 0x000001e9c7d24000, 0x000001e9c7d2a800, 0x000001e9c7d2b800,
0x000001e9c7d31000, 0x000001e9bd34e000, 0x000001e9c7d30800, 0x000001e9c7d2c000,
0x000001e9c48f8000, 0x000001e9c48f6800, 0x000001e9c48f7000, 0x000001e9c48f4800,
0x000001e9c48f5800, 0x000001e9c48f8800, 0x000001e9c48f3000
}

Java Threads: ( => current thread )
  0x000001e9a1948800 JavaThread "main" [_thread_blocked, id=4396, stack(0x000000700c500000,0x000000700c600000)]
  0x000001e9bc572000 JavaThread "Reference Handler" daemon [_thread_blocked, id=9680, stack(0x000000700cc00000,0x000000700cd00000)]
  0x000001e9bc57d000 JavaThread "Finalizer" daemon [_thread_blocked, id=9800, stack(0x000000700cd00000,0x000000700ce00000)]
  0x000001e9bc58c800 JavaThread "Signal Dispatcher" daemon [_thread_blocked, id=11492, stack(0x000000700ce00000,0x000000700cf00000)]
  0x000001e9bc58f800 JavaThread "Attach Listener" daemon [_thread_blocked, id=8080, stack(0x000000700cf00000,0x000000700d000000)]
  0x000001e9bc591800 JavaThread "Service Thread" daemon [_thread_blocked, id=1996, stack(0x000000700d000000,0x000000700d100000)]
=>0x000001e9bc593000 JavaThread "C2 CompilerThread0" daemon [_thread_in_native, id=8932, stack(0x000000700d100000,0x000000700d200000)]
  0x000001e9bc594000 JavaThread "C1 CompilerThread0" daemon [_thread_in_native, id=4200, stack(0x000000700d200000,0x000000700d300000)]
  0x000001e9bc595800 JavaThread "Sweeper thread" daemon [_thread_blocked, id=3284, stack(0x000000700d300000,0x000000700d400000)]
  0x000001e9bd077000 JavaThread "Common-Cleaner" daemon [_thread_blocked, id=6324, stack(0x000000700d400000,0x000000700d500000)]
  0x000001e9be39c800 JavaThread "Daemon health stats" [_thread_blocked, id=4920, stack(0x000000700d900000,0x000000700da00000)]
  0x000001e9c04d4800 JavaThread "Incoming local TCP Connector on port 57963" [_thread_in_native, id=5360, stack(0x000000700da00000,0x000000700db00000)]
  0x000001e9bf770800 JavaThread "Daemon periodic checks" [_thread_blocked, id=8348, stack(0x000000700db00000,0x000000700dc00000)]
  0x000001e9bf4a1800 JavaThread "Daemon" [_thread_blocked, id=3264, stack(0x000000700dc00000,0x000000700dd00000)]
  0x000001e9bed88800 JavaThread "Daemon worker" [_thread_in_Java, id=9364, stack(0x000000700df00000,0x000000700e000000)]
  0x000001e9bee4c800 JavaThread "Cache worker for file hash cache (C:\Users\Acer\.gradle\caches\7.0.2\fileHashes)" [_thread_blocked, id=11752, stack(0x000000700e900000,0x000000700ea00000)]
  0x000001e9bee4b000 JavaThread "File lock request listener" [_thread_in_native, id=1248, stack(0x000000700ea00000,0x000000700eb00000)]
  0x000001e9bee4b800 JavaThread "Cache worker for journal cache (C:\Users\Acer\.gradle\caches\journal-1)" [_thread_blocked, id=9488, stack(0x000000700ec00000,0x000000700ed00000)]
  0x000001e9bf406800 JavaThread "File watcher server" daemon [_thread_in_native, id=11584, stack(0x000000700ee00000,0x000000700ef00000)]
  0x000001e9bf406000 JavaThread "File watcher consumer" daemon [_thread_blocked, id=9704, stack(0x000000700ef00000,0x000000700f000000)]
  0x000001e9bf402800 JavaThread "Cache worker for execution history cache (C:\Users\Acer\.gradle\caches\7.0.2\executionHistory)" [_thread_blocked, id=10236, stack(0x000000700f300000,0x000000700f400000)]
  0x000001e9bf409000 JavaThread "jar transforms" [_thread_blocked, id=644, stack(0x000000700f500000,0x000000700f600000)]
  0x000001e9bf40a000 JavaThread "jar transforms Thread 2" [_thread_blocked, id=13260, stack(0x000000700f600000,0x000000700f700000)]
  0x000001e9bf404800 JavaThread "Cache worker for file content cache (C:\Users\Acer\.gradle\caches\7.0.2\fileContent)" [_thread_blocked, id=8620, stack(0x000000700f700000,0x000000700f800000)]
  0x000001e9bf40f800 JavaThread "jar transforms Thread 3" [_thread_blocked, id=11376, stack(0x000000700f900000,0x000000700fa00000)]
  0x000001e9c29b2800 JavaThread "jar transforms Thread 4" [_thread_blocked, id=13136, stack(0x0000007010300000,0x0000007010400000)]
  0x000001e9c29b6800 JavaThread "jar transforms Thread 5" [_thread_blocked, id=10184, stack(0x0000007010400000,0x0000007010500000)]
  0x000001e9c29b7800 JavaThread "jar transforms Thread 6" [_thread_blocked, id=608, stack(0x0000007010500000,0x0000007010600000)]
  0x000001e9c29b8800 JavaThread "jar transforms Thread 7" [_thread_blocked, id=13180, stack(0x0000007010600000,0x0000007010700000)]
  0x000001e9c29b9000 JavaThread "jar transforms Thread 8" [_thread_blocked, id=11576, stack(0x0000007010700000,0x0000007010800000)]
  0x000001e9c48f1800 JavaThread "Memory manager" [_thread_blocked, id=5804, stack(0x0000007010800000,0x0000007010900000)]
  0x000001e9c48ff800 JavaThread "Cache worker for Java compile cache (C:\Users\Acer\.gradle\caches\7.0.2\javaCompile)" [_thread_blocked, id=3588, stack(0x0000007011200000,0x0000007011300000)]
  0x000001e9c7d29000 JavaThread "ForkJoinPool.commonPool-worker-3" daemon [_thread_blocked, id=13100, stack(0x0000007011d00000,0x0000007011e00000)]
  0x000001e9c7d25800 JavaThread "ForkJoinPool.commonPool-worker-5" daemon [_thread_blocked, id=9012, stack(0x0000007011e00000,0x0000007011f00000)]
  0x000001e9c7d23800 JavaThread "ForkJoinPool.commonPool-worker-7" daemon [_thread_blocked, id=2548, stack(0x0000007011f00000,0x0000007012000000)]
  0x000001e9c7d2f800 JavaThread "ForkJoinPool.commonPool-worker-9" daemon [_thread_blocked, id=12748, stack(0x0000007012000000,0x0000007012100000)]
  0x000001e9c7d2e800 JavaThread "ForkJoinPool.commonPool-worker-11" daemon [_thread_blocked, id=10356, stack(0x0000007012100000,0x0000007012200000)]
  0x000001e9c7d2d000 JavaThread "ForkJoinPool.commonPool-worker-13" daemon [_thread_blocked, id=11340, stack(0x0000007012200000,0x0000007012300000)]
  0x000001e9c7d2e000 JavaThread "ForkJoinPool.commonPool-worker-15" daemon [_thread_blocked, id=12016, stack(0x0000007012300000,0x0000007012400000)]
  0x000001e9c7d26800 JavaThread "Handler for socket connection from /127.0.0.1:57963 to /127.0.0.1:58194" [_thread_in_native, id=2616, stack(0x000000700c200000,0x000000700c300000)]
  0x000001e9c7d27800 JavaThread "Cancel handler" [_thread_blocked, id=13080, stack(0x000000700c300000,0x000000700c400000)]
  0x000001e9c7d28000 JavaThread "Asynchronous log dispatcher for DefaultDaemonConnection: socket connection from /127.0.0.1:57963 to /127.0.0.1:58194" [_thread_blocked, id=11796, stack(0x000000700dd00000,0x000000700de00000)]
  0x000001e9c7d22800 JavaThread "Stdin handler" [_thread_blocked, id=10120, stack(0x000000700de00000,0x000000700df00000)]
  0x000001e9c7d25000 JavaThread "Daemon client event forwarder" [_thread_blocked, id=11604, stack(0x000000700e000000,0x000000700e100000)]
  0x000001e9c7d2a000 JavaThread "Cache worker for file hash cache (C:\Users\Acer\Documents\GitHub\MADGroupAssignment\.gradle\7.0.2\fileHashes)" [_thread_blocked, id=4592, stack(0x000000700e100000,0x000000700e200000)]
  0x000001e9c7d24000 JavaThread "Cache worker for checksums cache (C:\Users\Acer\Documents\GitHub\MADGroupAssignment\.gradle\checksums)" [_thread_blocked, id=6052, stack(0x000000700e200000,0x000000700e300000)]
  0x000001e9c7d2a800 JavaThread "Cache worker for cache directory md-supplier (C:\Users\Acer\.gradle\caches\7.0.2\md-supplier)" [_thread_blocked, id=12796, stack(0x000000700ed00000,0x000000700ee00000)]
  0x000001e9c7d2b800 JavaThread "Cache worker for cache directory md-rule (C:\Users\Acer\.gradle\caches\7.0.2\md-rule)" [_thread_blocked, id=7596, stack(0x000000700f000000,0x000000700f100000)]
  0x000001e9c7d31000 JavaThread "Cache worker for dependencies-accessors (C:\Users\Acer\Documents\GitHub\MADGroupAssignment\.gradle\7.0.2\dependencies-accessors)" [_thread_blocked, id=4984, stack(0x000000700f100000,0x000000700f200000)]
  0x000001e9bd34e000 JavaThread "C2 CompilerThread1" daemon [_thread_in_native, id=7320, stack(0x000000700f200000,0x000000700f300000)]
  0x000001e9c7d30800 JavaThread "Cache worker for Build Output Cleanup Cache (C:\Users\Acer\Documents\GitHub\MADGroupAssignment\.gradle\buildOutputCleanup)" [_thread_blocked, id=8836, stack(0x000000700f400000,0x000000700f500000)]
  0x000001e9c7d2c000 JavaThread "Build operations" [_thread_blocked, id=7832, stack(0x000000700f800000,0x000000700f900000)]
  0x000001e9c48f8000 JavaThread "Build operations Thread 2" [_thread_blocked, id=11572, stack(0x000000700fa00000,0x000000700fb00000)]
  0x000001e9c48f6800 JavaThread "Build operations Thread 3" [_thread_blocked, id=11980, stack(0x000000700fb00000,0x000000700fc00000)]
  0x000001e9c48f7000 JavaThread "Build operations Thread 4" [_thread_blocked, id=7140, stack(0x000000700fc00000,0x000000700fd00000)]
  0x000001e9c48f4800 JavaThread "Build operations Thread 5" [_thread_blocked, id=11860, stack(0x000000700fd00000,0x000000700fe00000)]
  0x000001e9c48f5800 JavaThread "Build operations Thread 6" [_thread_blocked, id=3344, stack(0x000000700fe00000,0x000000700ff00000)]
  0x000001e9c48f8800 JavaThread "Build operations Thread 7" [_thread_blocked, id=3320, stack(0x000000700ff00000,0x0000007010000000)]
  0x000001e9c48f3000 JavaThread "Build operations Thread 8" [_thread_blocked, id=12556, stack(0x0000007010000000,0x0000007010100000)]

Other Threads:
  0x000001e9bc56e000 VMThread "VM Thread" [stack: 0x000000700cb00000,0x000000700cc00000] [id=7960]
  0x000001e9bd07c000 WatcherThread [stack: 0x000000700d500000,0x000000700d600000] [id=4188]
  0x000001e9a1964800 GCTaskThread "GC Thread#0" [stack: 0x000000700c600000,0x000000700c700000] [id=8636]
  0x000001e9bd75c800 GCTaskThread "GC Thread#1" [stack: 0x000000700d700000,0x000000700d800000] [id=10176]
  0x000001e9bdfb9800 GCTaskThread "GC Thread#2" [stack: 0x000000700d800000,0x000000700d900000] [id=3708]
  0x000001e9be8ec000 GCTaskThread "GC Thread#3" [stack: 0x000000700e300000,0x000000700e400000] [id=10076]
  0x000001e9be69f800 GCTaskThread "GC Thread#4" [stack: 0x000000700e400000,0x000000700e500000] [id=9812]
  0x000001e9bef42800 GCTaskThread "GC Thread#5" [stack: 0x000000700e500000,0x000000700e600000] [id=10000]
  0x000001e9bf4c7000 GCTaskThread "GC Thread#6" [stack: 0x000000700e600000,0x000000700e700000] [id=10808]
  0x000001e9c0529800 GCTaskThread "GC Thread#7" [stack: 0x000000700e700000,0x000000700e800000] [id=10784]
  0x000001e9a1994800 ConcurrentGCThread "G1 Main Marker" [stack: 0x000000700c700000,0x000000700c800000] [id=8032]
  0x000001e9a1997000 ConcurrentGCThread "G1 Conc#0" [stack: 0x000000700c800000,0x000000700c900000] [id=5060]
  0x000001e9befad000 ConcurrentGCThread "G1 Conc#1" [stack: 0x000000700eb00000,0x000000700ec00000] [id=8280]
  0x000001e9bc3c0800 ConcurrentGCThread "G1 Refine#0" [stack: 0x000000700c900000,0x000000700ca00000] [id=11400]
  0x000001e9bf4e0800 ConcurrentGCThread "G1 Refine#1" [stack: 0x000000700e800000,0x000000700e900000] [id=5472]
  0x000001e9bc3c1800 ConcurrentGCThread "G1 Young RemSet Sampling" [stack: 0x000000700ca00000,0x000000700cb00000] [id=5240]

Threads with active compile tasks:
C2 CompilerThread0  60425 12285       4       org.gradle.internal.service.DefaultServiceRegistry$OwnServices$ProviderAnalyser::analyseType (114 bytes)
C2 CompilerThread1  60425 12613       4       org.gradle.internal.service.DefaultServiceRegistry::isSatisfiedBy (44 bytes)

VM state:not at safepoint (normal execution)

VM Mutex/Monitor currently owned by a thread: None

Heap address: 0x0000000080000000, size: 2048 MB, Compressed Oops mode: 32-bit
Narrow klass base: 0x0000000000000000, Narrow klass shift: 3
Compressed class space size: 1073741824 Address: 0x0000000100000000

Heap:
 garbage-first heap   total 187392K, used 136391K [0x0000000080000000, 0x0000000100000000)
  region size 1024K, 55 young (56320K), 2 survivors (2048K)
 Metaspace       used 106170K, capacity 109064K, committed 109100K, reserved 1142784K
  class space    used 14038K, capacity 15160K, committed 15180K, reserved 1048576K
Heap Regions: E=young(eden), S=young(survivor), O=old, HS=humongous(starts), HC=humongous(continues), CS=collection set, F=free, A=archive, TAMS=top-at-mark-start (previous, next)
|   0|0x0000000080000000, 0x0000000080100000, 0x0000000080100000|100%| O|  |TAMS 0x0000000080100000, 0x0000000080000000| Untracked 
|   1|0x0000000080100000, 0x0000000080200000, 0x0000000080200000|100%| O|  |TAMS 0x0000000080200000, 0x0000000080100000| Untracked 
|   2|0x0000000080200000, 0x0000000080300000, 0x0000000080300000|100%| O|  |TAMS 0x0000000080300000, 0x0000000080200000| Untracked 
|   3|0x0000000080300000, 0x0000000080400000, 0x0000000080400000|100%|HS|  |TAMS 0x0000000080400000, 0x0000000080300000| Complete 
|   4|0x0000000080400000, 0x0000000080500000, 0x0000000080500000|100%|HC|  |TAMS 0x0000000080500000, 0x0000000080400000| Complete 
|   5|0x0000000080500000, 0x0000000080600000, 0x0000000080600000|100%|HC|  |TAMS 0x0000000080600000, 0x0000000080500000| Complete 
|   6|0x0000000080600000, 0x0000000080700000, 0x0000000080700000|100%| O|  |TAMS 0x0000000080700000, 0x0000000080600000| Untracked 
|   7|0x0000000080700000, 0x0000000080800000, 0x0000000080800000|100%| O|  |TAMS 0x0000000080800000, 0x0000000080700000| Untracked 
|   8|0x0000000080800000, 0x0000000080900000, 0x0000000080900000|100%| O|  |TAMS 0x0000000080900000, 0x0000000080800000| Untracked 
|   9|0x0000000080900000, 0x0000000080a00000, 0x0000000080a00000|100%| O|  |TAMS 0x0000000080a00000, 0x0000000080900000| Untracked 
|  10|0x0000000080a00000, 0x0000000080b00000, 0x0000000080b00000|100%| O|  |TAMS 0x0000000080b00000, 0x0000000080a00000| Untracked 
|  11|0x0000000080b00000, 0x0000000080c00000, 0x0000000080c00000|100%| O|  |TAMS 0x0000000080c00000, 0x0000000080b00000| Untracked 
|  12|0x0000000080c00000, 0x0000000080d00000, 0x0000000080d00000|100%| O|  |TAMS 0x0000000080d00000, 0x0000000080c00000| Untracked 
|  13|0x0000000080d00000, 0x0000000080e00000, 0x0000000080e00000|100%| O|  |TAMS 0x0000000080e00000, 0x0000000080d00000| Untracked 
|  14|0x0000000080e00000, 0x0000000080f00000, 0x0000000080f00000|100%| O|  |TAMS 0x0000000080f00000, 0x0000000080e00000| Untracked 
|  15|0x0000000080f00000, 0x0000000081000000, 0x0000000081000000|100%| O|  |TAMS 0x0000000081000000, 0x0000000080f00000| Untracked 
|  16|0x0000000081000000, 0x0000000081100000, 0x0000000081100000|100%| O|  |TAMS 0x0000000081100000, 0x0000000081000000| Untracked 
|  17|0x0000000081100000, 0x0000000081200000, 0x0000000081200000|100%| O|  |TAMS 0x0000000081200000, 0x0000000081100000| Untracked 
|  18|0x0000000081200000, 0x0000000081300000, 0x0000000081300000|100%|HS|  |TAMS 0x0000000081300000, 0x0000000081200000| Complete 
|  19|0x0000000081300000, 0x0000000081400000, 0x0000000081400000|100%| O|  |TAMS 0x0000000081400000, 0x0000000081300000| Untracked 
|  20|0x0000000081400000, 0x0000000081500000, 0x0000000081500000|100%| O|  |TAMS 0x0000000081500000, 0x0000000081400000| Untracked 
|  21|0x0000000081500000, 0x0000000081600000, 0x0000000081600000|100%| O|  |TAMS 0x0000000081600000, 0x0000000081500000| Untracked 
|  22|0x0000000081600000, 0x0000000081700000, 0x0000000081700000|100%| O|  |TAMS 0x0000000081700000, 0x0000000081600000| Untracked 
|  23|0x0000000081700000, 0x0000000081800000, 0x0000000081800000|100%|HS|  |TAMS 0x0000000081800000, 0x0000000081700000| Complete 
|  24|0x0000000081800000, 0x0000000081900000, 0x0000000081900000|100%|HS|  |TAMS 0x0000000081900000, 0x0000000081800000| Complete 
|  25|0x0000000081900000, 0x0000000081a00000, 0x0000000081a00000|100%|HC|  |TAMS 0x0000000081a00000, 0x0000000081900000| Complete 
|  26|0x0000000081a00000, 0x0000000081b00000, 0x0000000081b00000|100%| O|  |TAMS 0x0000000081b00000, 0x0000000081a00000| Untracked 
|  27|0x0000000081b00000, 0x0000000081c00000, 0x0000000081c00000|100%| O|  |TAMS 0x0000000081c00000, 0x0000000081b00000| Untracked 
|  28|0x0000000081c00000, 0x0000000081d00000, 0x0000000081d00000|100%| O|  |TAMS 0x0000000081d00000, 0x0000000081c00000| Untracked 
|  29|0x0000000081d00000, 0x0000000081e00000, 0x0000000081e00000|100%| O|  |TAMS 0x0000000081e00000, 0x0000000081d00000| Untracked 
|  30|0x0000000081e00000, 0x0000000081f00000, 0x0000000081f00000|100%| O|  |TAMS 0x0000000081f00000, 0x0000000081e00000| Untracked 
|  31|0x0000000081f00000, 0x0000000082000000, 0x0000000082000000|100%| O|  |TAMS 0x0000000082000000, 0x0000000081f00000| Untracked 
|  32|0x0000000082000000, 0x0000000082100000, 0x0000000082100000|100%| O|  |TAMS 0x0000000082100000, 0x0000000082000000| Untracked 
|  33|0x0000000082100000, 0x0000000082200000, 0x0000000082200000|100%| O|  |TAMS 0x0000000082200000, 0x0000000082100000| Untracked 
|  34|0x0000000082200000, 0x0000000082300000, 0x0000000082300000|100%| O|  |TAMS 0x0000000082300000, 0x0000000082200000| Untracked 
|  35|0x0000000082300000, 0x0000000082400000, 0x0000000082400000|100%| O|  |TAMS 0x0000000082400000, 0x0000000082300000| Untracked 
|  36|0x0000000082400000, 0x0000000082500000, 0x0000000082500000|100%| O|  |TAMS 0x0000000082500000, 0x0000000082400000| Untracked 
|  37|0x0000000082500000, 0x0000000082600000, 0x0000000082600000|100%| O|  |TAMS 0x0000000082600000, 0x0000000082500000| Untracked 
|  38|0x0000000082600000, 0x0000000082700000, 0x0000000082700000|100%| O|  |TAMS 0x0000000082700000, 0x0000000082600000| Untracked 
|  39|0x0000000082700000, 0x0000000082800000, 0x0000000082800000|100%| O|  |TAMS 0x0000000082800000, 0x0000000082700000| Untracked 
|  40|0x0000000082800000, 0x0000000082900000, 0x0000000082900000|100%| O|  |TAMS 0x0000000082900000, 0x0000000082800000| Untracked 
|  41|0x0000000082900000, 0x0000000082a00000, 0x0000000082a00000|100%| O|  |TAMS 0x0000000082a00000, 0x0000000082900000| Untracked 
|  42|0x0000000082a00000, 0x0000000082b00000, 0x0000000082b00000|100%| O|  |TAMS 0x0000000082b00000, 0x0000000082a00000| Untracked 
|  43|0x0000000082b00000, 0x0000000082c00000, 0x0000000082c00000|100%| O|  |TAMS 0x0000000082c00000, 0x0000000082b00000| Untracked 
|  44|0x0000000082c00000, 0x0000000082d00000, 0x0000000082d00000|100%| O|  |TAMS 0x0000000082d00000, 0x0000000082c00000| Untracked 
|  45|0x0000000082d00000, 0x0000000082e00000, 0x0000000082e00000|100%| O|  |TAMS 0x0000000082e00000, 0x0000000082d00000| Untracked 
|  46|0x0000000082e00000, 0x0000000082f00000, 0x0000000082f00000|100%| O|  |TAMS 0x0000000082f00000, 0x0000000082e00000| Untracked 
|  47|0x0000000082f00000, 0x0000000083000000, 0x0000000083000000|100%| O|  |TAMS 0x0000000083000000, 0x0000000082f00000| Untracked 
|  48|0x0000000083000000, 0x0000000083100000, 0x0000000083100000|100%| O|  |TAMS 0x0000000083100000, 0x0000000083000000| Untracked 
|  49|0x0000000083100000, 0x0000000083200000, 0x0000000083200000|100%| O|  |TAMS 0x0000000083200000, 0x0000000083100000| Untracked 
|  50|0x0000000083200000, 0x0000000083300000, 0x0000000083300000|100%| O|  |TAMS 0x0000000083300000, 0x0000000083200000| Untracked 
|  51|0x0000000083300000, 0x0000000083400000, 0x0000000083400000|100%| O|  |TAMS 0x0000000083400000, 0x0000000083300000| Untracked 
|  52|0x0000000083400000, 0x0000000083500000, 0x0000000083500000|100%| O|  |TAMS 0x0000000083500000, 0x0000000083400000| Untracked 
|  53|0x0000000083500000, 0x0000000083600000, 0x0000000083600000|100%| O|  |TAMS 0x0000000083600000, 0x0000000083500000| Untracked 
|  54|0x0000000083600000, 0x0000000083700000, 0x0000000083700000|100%| O|  |TAMS 0x0000000083700000, 0x0000000083600000| Untracked 
|  55|0x0000000083700000, 0x0000000083800000, 0x0000000083800000|100%| O|  |TAMS 0x0000000083800000, 0x0000000083700000| Untracked 
|  56|0x0000000083800000, 0x0000000083900000, 0x0000000083900000|100%| O|  |TAMS 0x0000000083900000, 0x0000000083800000| Untracked 
|  57|0x0000000083900000, 0x0000000083a00000, 0x0000000083a00000|100%|HS|  |TAMS 0x0000000083a00000, 0x0000000083900000| Complete 
|  58|0x0000000083a00000, 0x0000000083b00000, 0x0000000083b00000|100%|HC|  |TAMS 0x0000000083b00000, 0x0000000083a00000| Complete 
|  59|0x0000000083b00000, 0x0000000083c00000, 0x0000000083c00000|100%| O|  |TAMS 0x0000000083c00000, 0x0000000083b00000| Untracked 
|  60|0x0000000083c00000, 0x0000000083d00000, 0x0000000083d00000|100%| O|  |TAMS 0x0000000083d00000, 0x0000000083c00000| Untracked 
|  61|0x0000000083d00000, 0x0000000083e00000, 0x0000000083e00000|100%| O|  |TAMS 0x0000000083e00000, 0x0000000083d00000| Untracked 
|  62|0x0000000083e00000, 0x0000000083f00000, 0x0000000083f00000|100%| O|  |TAMS 0x0000000083f00000, 0x0000000083e00000| Untracked 
|  63|0x0000000083f00000, 0x0000000084000000, 0x0000000084000000|100%|HS|  |TAMS 0x0000000083f00000, 0x0000000083f00000| Complete 
|  64|0x0000000084000000, 0x0000000084100000, 0x0000000084100000|100%|HC|  |TAMS 0x0000000084000000, 0x0000000084000000| Complete 
|  65|0x0000000084100000, 0x0000000084200000, 0x0000000084200000|100%| O|  |TAMS 0x0000000084200000, 0x0000000084100000| Untracked 
|  66|0x0000000084200000, 0x0000000084300000, 0x0000000084300000|100%| O|  |TAMS 0x0000000084300000, 0x0000000084200000| Untracked 
|  67|0x0000000084300000, 0x0000000084400000, 0x0000000084400000|100%| O|  |TAMS 0x0000000084400000, 0x0000000084300000| Untracked 
|  68|0x0000000084400000, 0x0000000084500000, 0x0000000084500000|100%| O|  |TAMS 0x0000000084500000, 0x0000000084400000| Untracked 
|  69|0x0000000084500000, 0x0000000084600000, 0x0000000084600000|100%| O|  |TAMS 0x0000000084600000, 0x0000000084500000| Untracked 
|  70|0x0000000084600000, 0x0000000084700000, 0x0000000084700000|100%| O|  |TAMS 0x0000000084700000, 0x0000000084600000| Untracked 
|  71|0x0000000084700000, 0x0000000084800000, 0x0000000084800000|100%| O|  |TAMS 0x0000000084800000, 0x0000000084700000| Untracked 
|  72|0x0000000084800000, 0x0000000084900000, 0x0000000084900000|100%| O|  |TAMS 0x0000000084900000, 0x0000000084800000| Untracked 
|  73|0x0000000084900000, 0x0000000084a00000, 0x0000000084a00000|100%| O|  |TAMS 0x0000000084a00000, 0x0000000084900000| Untracked 
|  74|0x0000000084a00000, 0x0000000084b00000, 0x0000000084b00000|100%| O|  |TAMS 0x0000000084b00000, 0x0000000084a00000| Untracked 
|  75|0x0000000084b00000, 0x0000000084c00000, 0x0000000084c00000|100%| O|  |TAMS 0x0000000084c00000, 0x0000000084b00000| Untracked 
|  76|0x0000000084c00000, 0x0000000084d00000, 0x0000000084d00000|100%| O|  |TAMS 0x0000000084d00000, 0x0000000084c00000| Untracked 
|  77|0x0000000084d00000, 0x0000000084e00000, 0x0000000084e00000|100%| O|  |TAMS 0x0000000084d56200, 0x0000000084d00000| Untracked 
|  78|0x0000000084e00000, 0x0000000084f00000, 0x0000000084f00000|100%| O|  |TAMS 0x0000000084e00000, 0x0000000084e00000| Untracked 
|  79|0x0000000084f00000, 0x0000000084fde800, 0x0000000085000000| 86%| O|  |TAMS 0x0000000084f00000, 0x0000000084f00000| Untracked 
|  80|0x0000000085000000, 0x0000000085100000, 0x0000000085100000|100%|HS|  |TAMS 0x0000000085000000, 0x0000000085000000| Complete 
|  81|0x0000000085100000, 0x0000000085100000, 0x0000000085200000|  0%| F|  |TAMS 0x0000000085100000, 0x0000000085100000| Untracked 
|  82|0x0000000085200000, 0x0000000085200000, 0x0000000085300000|  0%| F|  |TAMS 0x0000000085200000, 0x0000000085200000| Untracked 
|  83|0x0000000085300000, 0x0000000085300000, 0x0000000085400000|  0%| F|  |TAMS 0x0000000085300000, 0x0000000085300000| Untracked 
|  84|0x0000000085400000, 0x0000000085400000, 0x0000000085500000|  0%| F|  |TAMS 0x0000000085400000, 0x0000000085400000| Untracked 
|  85|0x0000000085500000, 0x0000000085500000, 0x0000000085600000|  0%| F|  |TAMS 0x0000000085500000, 0x0000000085500000| Untracked 
|  86|0x0000000085600000, 0x0000000085600000, 0x0000000085700000|  0%| F|  |TAMS 0x0000000085600000, 0x0000000085600000| Untracked 
|  87|0x0000000085700000, 0x0000000085700000, 0x0000000085800000|  0%| F|  |TAMS 0x0000000085700000, 0x0000000085700000| Untracked 
|  88|0x0000000085800000, 0x0000000085800000, 0x0000000085900000|  0%| F|  |TAMS 0x0000000085800000, 0x0000000085800000| Untracked 
|  89|0x0000000085900000, 0x0000000085900000, 0x0000000085a00000|  0%| F|  |TAMS 0x0000000085900000, 0x0000000085900000| Untracked 
|  90|0x0000000085a00000, 0x0000000085a00000, 0x0000000085b00000|  0%| F|  |TAMS 0x0000000085a00000, 0x0000000085a00000| Untracked 
|  91|0x0000000085b00000, 0x0000000085b00000, 0x0000000085c00000|  0%| F|  |TAMS 0x0000000085b00000, 0x0000000085b00000| Untracked 
|  92|0x0000000085c00000, 0x0000000085c00000, 0x0000000085d00000|  0%| F|  |TAMS 0x0000000085c00000, 0x0000000085c00000| Untracked 
|  93|0x0000000085d00000, 0x0000000085d00000, 0x0000000085e00000|  0%| F|  |TAMS 0x0000000085d00000, 0x0000000085d00000| Untracked 
|  94|0x0000000085e00000, 0x0000000085e00000, 0x0000000085f00000|  0%| F|  |TAMS 0x0000000085e00000, 0x0000000085e00000| Untracked 
|  95|0x0000000085f00000, 0x0000000085f00000, 0x0000000086000000|  0%| F|  |TAMS 0x0000000085f00000, 0x0000000085f00000| Untracked 
|  96|0x0000000086000000, 0x0000000086000000, 0x0000000086100000|  0%| F|  |TAMS 0x0000000086000000, 0x0000000086000000| Untracked 
|  97|0x0000000086100000, 0x0000000086100000, 0x0000000086200000|  0%| F|  |TAMS 0x0000000086100000, 0x0000000086100000| Untracked 
|  98|0x0000000086200000, 0x0000000086200000, 0x0000000086300000|  0%| F|  |TAMS 0x0000000086200000, 0x0000000086200000| Untracked 
|  99|0x0000000086300000, 0x0000000086300000, 0x0000000086400000|  0%| F|  |TAMS 0x0000000086300000, 0x0000000086300000| Untracked 
| 100|0x0000000086400000, 0x0000000086400000, 0x0000000086500000|  0%| F|  |TAMS 0x0000000086400000, 0x0000000086400000| Untracked 
| 101|0x0000000086500000, 0x0000000086500000, 0x0000000086600000|  0%| F|  |TAMS 0x0000000086500000, 0x0000000086500000| Untracked 
| 102|0x0000000086600000, 0x0000000086600000, 0x0000000086700000|  0%| F|  |TAMS 0x0000000086600000, 0x0000000086600000| Untracked 
| 103|0x0000000086700000, 0x0000000086700000, 0x0000000086800000|  0%| F|  |TAMS 0x0000000086700000, 0x0000000086700000| Untracked 
| 104|0x0000000086800000, 0x0000000086800000, 0x0000000086900000|  0%| F|  |TAMS 0x0000000086800000, 0x0000000086800000| Untracked 
| 105|0x0000000086900000, 0x0000000086900000, 0x0000000086a00000|  0%| F|  |TAMS 0x0000000086900000, 0x0000000086900000| Untracked 
| 106|0x0000000086a00000, 0x0000000086a00000, 0x0000000086b00000|  0%| F|  |TAMS 0x0000000086a00000, 0x0000000086a00000| Untracked 
| 107|0x0000000086b00000, 0x0000000086b00000, 0x0000000086c00000|  0%| F|  |TAMS 0x0000000086b00000, 0x0000000086b00000| Untracked 
| 108|0x0000000086c00000, 0x0000000086c00000, 0x0000000086d00000|  0%| F|  |TAMS 0x0000000086c00000, 0x0000000086c00000| Untracked 
| 109|0x0000000086d00000, 0x0000000086d00000, 0x0000000086e00000|  0%| F|  |TAMS 0x0000000086d00000, 0x0000000086d00000| Untracked 
| 110|0x0000000086e00000, 0x0000000086e00000, 0x0000000086f00000|  0%| F|  |TAMS 0x0000000086e00000, 0x0000000086e00000| Untracked 
| 111|0x0000000086f00000, 0x0000000086f00000, 0x0000000087000000|  0%| F|  |TAMS 0x0000000086f00000, 0x0000000086f00000| Untracked 
| 112|0x0000000087000000, 0x0000000087000000, 0x0000000087100000|  0%| F|  |TAMS 0x0000000087000000, 0x0000000087000000| Untracked 
| 113|0x0000000087100000, 0x0000000087100000, 0x0000000087200000|  0%| F|  |TAMS 0x0000000087100000, 0x0000000087100000| Untracked 
| 114|0x0000000087200000, 0x0000000087200000, 0x0000000087300000|  0%| F|  |TAMS 0x0000000087200000, 0x0000000087200000| Untracked 
| 115|0x0000000087300000, 0x0000000087300000, 0x0000000087400000|  0%| F|  |TAMS 0x0000000087300000, 0x0000000087300000| Untracked 
| 116|0x0000000087400000, 0x0000000087400000, 0x0000000087500000|  0%| F|  |TAMS 0x0000000087400000, 0x0000000087400000| Untracked 
| 117|0x0000000087500000, 0x0000000087500000, 0x0000000087600000|  0%| F|  |TAMS 0x0000000087500000, 0x0000000087500000| Untracked 
| 118|0x0000000087600000, 0x0000000087600000, 0x0000000087700000|  0%| F|  |TAMS 0x0000000087600000, 0x0000000087600000| Untracked 
| 119|0x0000000087700000, 0x0000000087700000, 0x0000000087800000|  0%| F|  |TAMS 0x0000000087700000, 0x0000000087700000| Untracked 
| 120|0x0000000087800000, 0x0000000087800000, 0x0000000087900000|  0%| F|  |TAMS 0x0000000087800000, 0x0000000087800000| Untracked 
| 121|0x0000000087900000, 0x0000000087900000, 0x0000000087a00000|  0%| F|  |TAMS 0x0000000087900000, 0x0000000087900000| Untracked 
| 122|0x0000000087a00000, 0x0000000087a00000, 0x0000000087b00000|  0%| F|  |TAMS 0x0000000087a00000, 0x0000000087a00000| Untracked 
| 123|0x0000000087b00000, 0x0000000087b00000, 0x0000000087c00000|  0%| F|  |TAMS 0x0000000087b00000, 0x0000000087b00000| Untracked 
| 124|0x0000000087c00000, 0x0000000087c00000, 0x0000000087d00000|  0%| F|  |TAMS 0x0000000087c00000, 0x0000000087c00000| Untracked 
| 125|0x0000000087d00000, 0x0000000087d00000, 0x0000000087e00000|  0%| F|  |TAMS 0x0000000087d00000, 0x0000000087d00000| Untracked 
| 126|0x0000000087e00000, 0x0000000087e00000, 0x0000000087f00000|  0%| F|  |TAMS 0x0000000087e00000, 0x0000000087e00000| Untracked 
| 127|0x0000000087f00000, 0x0000000087f00000, 0x0000000088000000|  0%| F|  |TAMS 0x0000000087f00000, 0x0000000087f00000| Untracked 
| 128|0x0000000088000000, 0x000000008804f248, 0x0000000088100000| 30%| E|  |TAMS 0x0000000088000000, 0x0000000088000000| Complete 
| 129|0x0000000088100000, 0x0000000088200000, 0x0000000088200000|100%| E|CS|TAMS 0x0000000088100000, 0x0000000088100000| Complete 
| 130|0x0000000088200000, 0x0000000088300000, 0x0000000088300000|100%| E|CS|TAMS 0x0000000088200000, 0x0000000088200000| Complete 
| 131|0x0000000088300000, 0x0000000088400000, 0x0000000088400000|100%| E|CS|TAMS 0x0000000088300000, 0x0000000088300000| Complete 
| 132|0x0000000088400000, 0x0000000088500000, 0x0000000088500000|100%| E|CS|TAMS 0x0000000088400000, 0x0000000088400000| Complete 
| 133|0x0000000088500000, 0x0000000088600000, 0x0000000088600000|100%| E|CS|TAMS 0x0000000088500000, 0x0000000088500000| Complete 
| 134|0x0000000088600000, 0x0000000088700000, 0x0000000088700000|100%| E|CS|TAMS 0x0000000088600000, 0x0000000088600000| Complete 
| 135|0x0000000088700000, 0x0000000088800000, 0x0000000088800000|100%| E|CS|TAMS 0x0000000088700000, 0x0000000088700000| Complete 
| 136|0x0000000088800000, 0x0000000088900000, 0x0000000088900000|100%| E|CS|TAMS 0x0000000088800000, 0x0000000088800000| Complete 
| 137|0x0000000088900000, 0x0000000088a00000, 0x0000000088a00000|100%| E|CS|TAMS 0x0000000088900000, 0x0000000088900000| Complete 
| 138|0x0000000088a00000, 0x0000000088b00000, 0x0000000088b00000|100%| E|CS|TAMS 0x0000000088a00000, 0x0000000088a00000| Complete 
| 139|0x0000000088b00000, 0x0000000088c00000, 0x0000000088c00000|100%| E|CS|TAMS 0x0000000088b00000, 0x0000000088b00000| Complete 
| 140|0x0000000088c00000, 0x0000000088d00000, 0x0000000088d00000|100%| E|CS|TAMS 0x0000000088c00000, 0x0000000088c00000| Complete 
| 141|0x0000000088d00000, 0x0000000088e00000, 0x0000000088e00000|100%| E|CS|TAMS 0x0000000088d00000, 0x0000000088d00000| Complete 
| 142|0x0000000088e00000, 0x0000000088f00000, 0x0000000088f00000|100%| E|CS|TAMS 0x0000000088e00000, 0x0000000088e00000| Complete 
| 143|0x0000000088f00000, 0x0000000089000000, 0x0000000089000000|100%| E|CS|TAMS 0x0000000088f00000, 0x0000000088f00000| Complete 
| 144|0x0000000089000000, 0x0000000089100000, 0x0000000089100000|100%| E|CS|TAMS 0x0000000089000000, 0x0000000089000000| Complete 
| 145|0x0000000089100000, 0x0000000089200000, 0x0000000089200000|100%| E|CS|TAMS 0x0000000089100000, 0x0000000089100000| Complete 
| 146|0x0000000089200000, 0x0000000089300000, 0x0000000089300000|100%| E|CS|TAMS 0x0000000089200000, 0x0000000089200000| Complete 
| 147|0x0000000089300000, 0x0000000089400000, 0x0000000089400000|100%| E|CS|TAMS 0x0000000089300000, 0x0000000089300000| Complete 
| 148|0x0000000089400000, 0x0000000089500000, 0x0000000089500000|100%| E|CS|TAMS 0x0000000089400000, 0x0000000089400000| Complete 
| 149|0x0000000089500000, 0x0000000089600000, 0x0000000089600000|100%| E|CS|TAMS 0x0000000089500000, 0x0000000089500000| Complete 
| 150|0x0000000089600000, 0x0000000089700000, 0x0000000089700000|100%| E|CS|TAMS 0x0000000089600000, 0x0000000089600000| Complete 
| 151|0x0000000089700000, 0x0000000089800000, 0x0000000089800000|100%| E|CS|TAMS 0x0000000089700000, 0x0000000089700000| Complete 
| 152|0x0000000089800000, 0x0000000089900000, 0x0000000089900000|100%| E|CS|TAMS 0x0000000089800000, 0x0000000089800000| Complete 
| 153|0x0000000089900000, 0x0000000089a00000, 0x0000000089a00000|100%| E|CS|TAMS 0x0000000089900000, 0x0000000089900000| Complete 
| 154|0x0000000089a00000, 0x0000000089b00000, 0x0000000089b00000|100%| E|CS|TAMS 0x0000000089a00000, 0x0000000089a00000| Complete 
| 155|0x0000000089b00000, 0x0000000089c00000, 0x0000000089c00000|100%| E|  |TAMS 0x0000000089b00000, 0x0000000089b00000| Complete 
| 156|0x0000000089c00000, 0x0000000089d00000, 0x0000000089d00000|100%| E|CS|TAMS 0x0000000089c00000, 0x0000000089c00000| Complete 
| 157|0x0000000089d00000, 0x0000000089e00000, 0x0000000089e00000|100%| E|CS|TAMS 0x0000000089d00000, 0x0000000089d00000| Complete 
| 158|0x0000000089e00000, 0x0000000089f00000, 0x0000000089f00000|100%| E|CS|TAMS 0x0000000089e00000, 0x0000000089e00000| Complete 
| 159|0x0000000089f00000, 0x000000008a000000, 0x000000008a000000|100%| E|CS|TAMS 0x0000000089f00000, 0x0000000089f00000| Complete 
| 160|0x000000008a000000, 0x000000008a100000, 0x000000008a100000|100%| E|CS|TAMS 0x000000008a000000, 0x000000008a000000| Complete 
| 161|0x000000008a100000, 0x000000008a200000, 0x000000008a200000|100%| E|CS|TAMS 0x000000008a100000, 0x000000008a100000| Complete 
| 162|0x000000008a200000, 0x000000008a300000, 0x000000008a300000|100%| E|CS|TAMS 0x000000008a200000, 0x000000008a200000| Complete 
| 163|0x000000008a300000, 0x000000008a400000, 0x000000008a400000|100%| E|CS|TAMS 0x000000008a300000, 0x000000008a300000| Complete 
| 164|0x000000008a400000, 0x000000008a500000, 0x000000008a500000|100%| E|CS|TAMS 0x000000008a400000, 0x000000008a400000| Complete 
| 165|0x000000008a500000, 0x000000008a600000, 0x000000008a600000|100%| E|CS|TAMS 0x000000008a500000, 0x000000008a500000| Complete 
| 166|0x000000008a600000, 0x000000008a700000, 0x000000008a700000|100%| E|CS|TAMS 0x000000008a600000, 0x000000008a600000| Complete 
| 167|0x000000008a700000, 0x000000008a800000, 0x000000008a800000|100%| E|CS|TAMS 0x000000008a700000, 0x000000008a700000| Complete 
| 168|0x000000008a800000, 0x000000008a900000, 0x000000008a900000|100%| E|CS|TAMS 0x000000008a800000, 0x000000008a800000| Complete 
| 169|0x000000008a900000, 0x000000008aa00000, 0x000000008aa00000|100%| E|CS|TAMS 0x000000008a900000, 0x000000008a900000| Complete 
| 170|0x000000008aa00000, 0x000000008ab00000, 0x000000008ab00000|100%| E|CS|TAMS 0x000000008aa00000, 0x000000008aa00000| Complete 
| 171|0x000000008ab00000, 0x000000008ac00000, 0x000000008ac00000|100%| E|CS|TAMS 0x000000008ab00000, 0x000000008ab00000| Complete 
| 172|0x000000008ac00000, 0x000000008ad00000, 0x000000008ad00000|100%| E|CS|TAMS 0x000000008ac00000, 0x000000008ac00000| Complete 
| 173|0x000000008ad00000, 0x000000008ae00000, 0x000000008ae00000|100%| E|CS|TAMS 0x000000008ad00000, 0x000000008ad00000| Complete 
| 174|0x000000008ae00000, 0x000000008af00000, 0x000000008af00000|100%| E|CS|TAMS 0x000000008ae00000, 0x000000008ae00000| Complete 
| 175|0x000000008af00000, 0x000000008af536a0, 0x000000008b000000| 32%| S|CS|TAMS 0x000000008af00000, 0x000000008af00000| Complete 
| 176|0x000000008b000000, 0x000000008b100000, 0x000000008b100000|100%| S|CS|TAMS 0x000000008b000000, 0x000000008b000000| Complete 
| 177|0x000000008b100000, 0x000000008b200000, 0x000000008b200000|100%| E|CS|TAMS 0x000000008b100000, 0x000000008b100000| Complete 
| 178|0x000000008b200000, 0x000000008b300000, 0x000000008b300000|100%| E|CS|TAMS 0x000000008b200000, 0x000000008b200000| Complete 
| 179|0x000000008b300000, 0x000000008b400000, 0x000000008b400000|100%| E|CS|TAMS 0x000000008b300000, 0x000000008b300000| Complete 
| 180|0x000000008b400000, 0x000000008b500000, 0x000000008b500000|100%| E|CS|TAMS 0x000000008b400000, 0x000000008b400000| Complete 
| 181|0x000000008b500000, 0x000000008b600000, 0x000000008b600000|100%| E|CS|TAMS 0x000000008b500000, 0x000000008b500000| Complete 
| 182|0x000000008b600000, 0x000000008b700000, 0x000000008b700000|100%| E|CS|TAMS 0x000000008b600000, 0x000000008b600000| Complete 

Card table byte_map: [0x000001e9b52a0000,0x000001e9b56a0000] _byte_map_base: 0x000001e9b4ea0000

Marking Bits (Prev, Next): (CMBitMap*) 0x000001e9a198ba08, (CMBitMap*) 0x000001e9a198ba40
 Prev Bits: [0x000001e9b5aa0000, 0x000001e9b7aa0000)
 Next Bits: [0x000001e9b7aa0000, 0x000001e9b9aa0000)

Polling page: 0x000001e9a0050000

Metaspace:

Usage:
  Non-class:     91.77 MB capacity,    89.98 MB ( 98%) used,     1.46 MB (  2%) free+waste,   339.50 KB ( <1%) overhead. 
      Class:     14.80 MB capacity,    13.71 MB ( 93%) used,   964.81 KB (  6%) free+waste,   157.19 KB (  1%) overhead. 
       Both:    106.57 MB capacity,   103.69 MB ( 97%) used,     2.40 MB (  2%) free+waste,   496.69 KB ( <1%) overhead. 

Virtual space:
  Non-class space:       92.00 MB reserved,      91.97 MB (>99%) committed 
      Class space:        1.00 GB reserved,      14.82 MB (  1%) committed 
             Both:        1.09 GB reserved,     106.79 MB ( 10%) committed 

Chunk freelists:
   Non-Class:  16.00 KB
       Class:  8.00 KB
        Both:  24.00 KB

MaxMetaspaceSize: 17179869184.00 GB
CompressedClassSpaceSize: 1.00 GB

CodeHeap 'non-profiled nmethods': size=120000Kb used=7765Kb max_used=7765Kb free=112235Kb
 bounds [0x000001e9acf10000, 0x000001e9ad6b0000, 0x000001e9b4440000]
CodeHeap 'profiled nmethods': size=120000Kb used=27014Kb max_used=27014Kb free=92985Kb
 bounds [0x000001e9a59e0000, 0x000001e9a7450000, 0x000001e9acf10000]
CodeHeap 'non-nmethods': size=5760Kb used=2341Kb max_used=2397Kb free=3418Kb
 bounds [0x000001e9a5440000, 0x000001e9a56b0000, 0x000001e9a59e0000]
 total_blobs=13557 nmethods=12612 adapters=856
 compilation: enabled
              stopped_count=0, restarted_count=0
 full_count=0

Compilation events (20 events):
Event: 60.391 Thread 0x000001e9bc594000 nmethod 12593 0x000001e9a741a390 code [0x000001e9a741a560, 0x000001e9a741a848]
Event: 60.391 Thread 0x000001e9bc594000 12594       3       org.gradle.internal.service.DefaultServiceRegistry::findProviderMethods (203 bytes)
Event: 60.394 Thread 0x000001e9bc594000 nmethod 12594 0x000001e9a741a990 code [0x000001e9a741af80, 0x000001e9a741e4f8]
Event: 60.394 Thread 0x000001e9bc594000 12595   !   3       jdk.internal.reflect.GeneratedConstructorAccessor13::newInstance (53 bytes)
Event: 60.394 Thread 0x000001e9bc594000 nmethod 12595 0x000001e9a741f690 code [0x000001e9a741f900, 0x000001e9a7420308]
Event: 60.394 Thread 0x000001e9bc594000 12596       3       org.gradle.api.internal.provider.DefaultValueSourceProviderFactory::access$400 (6 bytes)
Event: 60.395 Thread 0x000001e9bc594000 nmethod 12596 0x000001e9a7420710 code [0x000001e9a7420920, 0x000001e9a7420f08]
Event: 60.395 Thread 0x000001e9bc594000 12597       3       org.gradle.api.internal.provider.sources.AbstractPropertyValueSource$Parameters_Decorated::<init> (9 bytes)
Event: 60.396 Thread 0x000001e9bc594000 nmethod 12597 0x000001e9a7421190 code [0x000001e9a74213e0, 0x000001e9a7421f48]
Event: 60.396 Thread 0x000001e9bc594000 12598       3       org.gradle.api.internal.provider.sources.AbstractPropertyValueSource$Parameters_Decorated::$gradleInit (22 bytes)
Event: 60.397 Thread 0x000001e9bc594000 nmethod 12598 0x000001e9a7422210 code [0x000001e9a7422460, 0x000001e9a7422f08]
Event: 60.397 Thread 0x000001e9bc594000 12599       3       org.gradle.api.internal.DefaultNamedDomainObjectCollection$ObjectBackedElementInfo::<init> (15 bytes)
Event: 60.397 Thread 0x000001e9bc594000 nmethod 12599 0x000001e9a7423190 code [0x000001e9a7423340, 0x000001e9a7423558]
Event: 60.397 Thread 0x000001e9bc594000 12600       3       java.util.HashMap$HashIterator::<init> (79 bytes)
Event: 60.397 Thread 0x000001e9bc594000 nmethod 12600 0x000001e9a7423610 code [0x000001e9a74237e0, 0x000001e9a7423bf8]
Event: 60.397 Thread 0x000001e9bd34e000 nmethod 12573 0x000001e9ad6a0290 code [0x000001e9ad6a04c0, 0x000001e9ad6a10e0]
Event: 60.397 Thread 0x000001e9bd34e000 12576       4       org.codehaus.groovy.util.ManagedReference::get (10 bytes)
Event: 60.398 Thread 0x000001e9bc594000 12601       1       org.gradle.internal.event.DefaultListenerManager::access$600 (5 bytes)
Event: 60.398 Thread 0x000001e9bc594000 nmethod 12601 0x000001e9ad6a1990 code [0x000001e9ad6a1b40, 0x000001e9ad6a1bd8]
Event: 60.398 Thread 0x000001e9bc594000 12602       3       org.gradle.api.internal.DefaultNamedDomainObjectCollection::doAdd (63 bytes)

GC Heap History (20 events):
Event: 9.595 GC heap before
{Heap before GC invocations=14 (full 0):
 garbage-first heap   total 155648K, used 104583K [0x0000000080000000, 0x0000000100000000)
  region size 1024K, 61 young (62464K), 4 survivors (4096K)
 Metaspace       used 63149K, capacity 64630K, committed 64716K, reserved 1105920K
  class space    used 8034K, capacity 8597K, committed 8652K, reserved 1048576K
}
Event: 9.603 GC heap after
{Heap after GC invocations=15 (full 0):
 garbage-first heap   total 155648K, used 50487K [0x0000000080000000, 0x0000000100000000)
  region size 1024K, 8 young (8192K), 8 survivors (8192K)
 Metaspace       used 63149K, capacity 64630K, committed 64716K, reserved 1105920K
  class space    used 8034K, capacity 8597K, committed 8652K, reserved 1048576K
}
Event: 10.702 GC heap before
{Heap before GC invocations=15 (full 0):
 garbage-first heap   total 155648K, used 108855K [0x0000000080000000, 0x0000000100000000)
  region size 1024K, 65 young (66560K), 8 survivors (8192K)
 Metaspace       used 68410K, capacity 70060K, committed 70220K, reserved 1110016K
  class space    used 8858K, capacity 9462K, committed 9548K, reserved 1048576K
}
Event: 10.711 GC heap after
{Heap after GC invocations=16 (full 0):
 garbage-first heap   total 155648K, used 54649K [0x0000000080000000, 0x0000000100000000)
  region size 1024K, 5 young (5120K), 5 survivors (5120K)
 Metaspace       used 68410K, capacity 70060K, committed 70220K, reserved 1110016K
  class space    used 8858K, capacity 9462K, committed 9548K, reserved 1048576K
}
Event: 11.787 GC heap before
{Heap before GC invocations=16 (full 0):
 garbage-first heap   total 155648K, used 111993K [0x0000000080000000, 0x0000000100000000)
  region size 1024K, 61 young (62464K), 5 survivors (5120K)
 Metaspace       used 73694K, capacity 75424K, committed 75596K, reserved 1114112K
  class space    used 9644K, capacity 10290K, committed 10316K, reserved 1048576K
}
Event: 11.793 GC heap after
{Heap after GC invocations=17 (full 0):
 garbage-first heap   total 155648K, used 57970K [0x0000000080000000, 0x0000000100000000)
  region size 1024K, 8 young (8192K), 8 survivors (8192K)
 Metaspace       used 73694K, capacity 75424K, committed 75596K, reserved 1114112K
  class space    used 9644K, capacity 10290K, committed 10316K, reserved 1048576K
}
Event: 13.037 GC heap before
{Heap before GC invocations=17 (full 0):
 garbage-first heap   total 155648K, used 115314K [0x0000000080000000, 0x0000000100000000)
  region size 1024K, 65 young (66560K), 8 survivors (8192K)
 Metaspace       used 78162K, capacity 80357K, committed 80460K, reserved 1118208K
  class space    used 10276K, capacity 11064K, committed 11084K, reserved 1048576K
}
Event: 13.052 GC heap after
{Heap after GC invocations=18 (full 0):
 garbage-first heap   total 155648K, used 62585K [0x0000000080000000, 0x0000000100000000)
  region size 1024K, 9 young (9216K), 9 survivors (9216K)
 Metaspace       used 78162K, capacity 80357K, committed 80460K, reserved 1118208K
  class space    used 10276K, capacity 11064K, committed 11084K, reserved 1048576K
}
Event: 14.305 GC heap before
{Heap before GC invocations=18 (full 0):
 garbage-first heap   total 155648K, used 118905K [0x0000000080000000, 0x0000000100000000)
  region size 1024K, 65 young (66560K), 9 survivors (9216K)
 Metaspace       used 81766K, capacity 83908K, committed 84044K, reserved 1122304K
  class space    used 10694K, capacity 11517K, committed 11596K, reserved 1048576K
}
Event: 14.315 GC heap after
{Heap after GC invocations=19 (full 0):
 garbage-first heap   total 155648K, used 65649K [0x0000000080000000, 0x0000000100000000)
  region size 1024K, 8 young (8192K), 8 survivors (8192K)
 Metaspace       used 81766K, capacity 83908K, committed 84044K, reserved 1122304K
  class space    used 10694K, capacity 11517K, committed 11596K, reserved 1048576K
}
Event: 15.981 GC heap before
{Heap before GC invocations=19 (full 0):
 garbage-first heap   total 155648K, used 122993K [0x0000000080000000, 0x0000000100000000)
  region size 1024K, 63 young (64512K), 8 survivors (8192K)
 Metaspace       used 87926K, capacity 90229K, committed 90444K, reserved 1128448K
  class space    used 11417K, capacity 12277K, committed 12364K, reserved 1048576K
}
Event: 15.998 GC heap after
{Heap after GC invocations=20 (full 0):
 garbage-first heap   total 155648K, used 75939K [0x0000000080000000, 0x0000000100000000)
  region size 1024K, 8 young (8192K), 8 survivors (8192K)
 Metaspace       used 87926K, capacity 90229K, committed 90444K, reserved 1128448K
  class space    used 11417K, capacity 12277K, committed 12364K, reserved 1048576K
}
Event: 17.269 GC heap before
{Heap before GC invocations=20 (full 0):
 garbage-first heap   total 155648K, used 120995K [0x0000000080000000, 0x0000000100000000)
  region size 1024K, 53 young (54272K), 8 survivors (8192K)
 Metaspace       used 89825K, capacity 92244K, committed 92492K, reserved 1128448K
  class space    used 11658K, capacity 12534K, committed 12620K, reserved 1048576K
}
Event: 17.284 GC heap after
{Heap after GC invocations=21 (full 0):
 garbage-first heap   total 155648K, used 79596K [0x0000000080000000, 0x0000000100000000)
  region size 1024K, 4 young (4096K), 4 survivors (4096K)
 Metaspace       used 89825K, capacity 92244K, committed 92492K, reserved 1128448K
  class space    used 11658K, capacity 12534K, committed 12620K, reserved 1048576K
}
Event: 18.939 GC heap before
{Heap before GC invocations=21 (full 0):
 garbage-first heap   total 155648K, used 117484K [0x0000000080000000, 0x0000000100000000)
  region size 1024K, 43 young (44032K), 4 survivors (4096K)
 Metaspace       used 98232K, capacity 100964K, committed 101036K, reserved 1136640K
  class space    used 12920K, capacity 13994K, committed 14028K, reserved 1048576K
}
Event: 18.954 GC heap after
{Heap after GC invocations=22 (full 0):
 garbage-first heap   total 187392K, used 80873K [0x0000000080000000, 0x0000000100000000)
  region size 1024K, 2 young (2048K), 2 survivors (2048K)
 Metaspace       used 98232K, capacity 100964K, committed 101036K, reserved 1136640K
  class space    used 12920K, capacity 13994K, committed 14028K, reserved 1048576K
}
Event: 20.410 GC heap before
{Heap before GC invocations=23 (full 0):
 garbage-first heap   total 187392K, used 138217K [0x0000000080000000, 0x0000000100000000)
  region size 1024K, 59 young (60416K), 2 survivors (2048K)
 Metaspace       used 103032K, capacity 105828K, committed 106156K, reserved 1140736K
  class space    used 13682K, capacity 14730K, committed 14796K, reserved 1048576K
}
Event: 20.415 GC heap after
{Heap after GC invocations=24 (full 0):
 garbage-first heap   total 187392K, used 82063K [0x0000000080000000, 0x0000000100000000)
  region size 1024K, 3 young (3072K), 3 survivors (3072K)
 Metaspace       used 103032K, capacity 105828K, committed 106156K, reserved 1140736K
  class space    used 13682K, capacity 14730K, committed 14796K, reserved 1048576K
}
Event: 20.541 GC heap before
{Heap before GC invocations=24 (full 0):
 garbage-first heap   total 187392K, used 88207K [0x0000000080000000, 0x0000000100000000)
  region size 1024K, 9 young (9216K), 3 survivors (3072K)
 Metaspace       used 103323K, capacity 106116K, committed 106412K, reserved 1140736K
  class space    used 13699K, capacity 14762K, committed 14796K, reserved 1048576K
}
Event: 20.548 GC heap after
{Heap after GC invocations=25 (full 0):
 garbage-first heap   total 187392K, used 81095K [0x0000000080000000, 0x0000000100000000)
  region size 1024K, 2 young (2048K), 2 survivors (2048K)
 Metaspace       used 103323K, capacity 106116K, committed 106412K, reserved 1140736K
  class space    used 13699K, capacity 14762K, committed 14796K, reserved 1048576K
}

Deoptimization events (20 events):
Event: 60.143 Thread 0x000001e9bed88800 Uncommon trap: trap_request=0xffffffde fr.pc=0x000001e9ad53df04 relative=0x0000000000000144
Event: 60.143 Thread 0x000001e9bed88800 Uncommon trap: reason=class_check action=maybe_recompile pc=0x000001e9ad53df04 method=com.google.common.collect.ImmutableSet.copyOf(Ljava/util/Collection;)Lcom/google/common/collect/ImmutableSet; @ 29 c2
Event: 60.143 Thread 0x000001e9bed88800 DEOPT PACKING pc=0x000001e9ad53df04 sp=0x000000700dffbee0
Event: 60.143 Thread 0x000001e9bed88800 DEOPT UNPACKING pc=0x000001e9a54483af sp=0x000000700dffbe78 mode 2
Event: 60.301 Thread 0x000001e9bed88800 Uncommon trap: trap_request=0xffffffde fr.pc=0x000001e9ad53df04 relative=0x0000000000000144
Event: 60.301 Thread 0x000001e9bed88800 Uncommon trap: reason=class_check action=maybe_recompile pc=0x000001e9ad53df04 method=com.google.common.collect.ImmutableSet.copyOf(Ljava/util/Collection;)Lcom/google/common/collect/ImmutableSet; @ 29 c2
Event: 60.301 Thread 0x000001e9bed88800 DEOPT PACKING pc=0x000001e9ad53df04 sp=0x000000700dff8a20
Event: 60.301 Thread 0x000001e9bed88800 DEOPT UNPACKING pc=0x000001e9a54483af sp=0x000000700dff89b8 mode 2
Event: 60.312 Thread 0x000001e9bed88800 Uncommon trap: trap_request=0xffffffde fr.pc=0x000001e9ad53df04 relative=0x0000000000000144
Event: 60.312 Thread 0x000001e9bed88800 Uncommon trap: reason=class_check action=maybe_recompile pc=0x000001e9ad53df04 method=com.google.common.collect.ImmutableSet.copyOf(Ljava/util/Collection;)Lcom/google/common/collect/ImmutableSet; @ 29 c2
Event: 60.312 Thread 0x000001e9bed88800 DEOPT PACKING pc=0x000001e9ad53df04 sp=0x000000700dff8840
Event: 60.312 Thread 0x000001e9bed88800 DEOPT UNPACKING pc=0x000001e9a54483af sp=0x000000700dff87d8 mode 2
Event: 60.375 Thread 0x000001e9c7d25000 Uncommon trap: trap_request=0xffffff4d fr.pc=0x000001e9ad6815b8 relative=0x0000000000006e98
Event: 60.375 Thread 0x000001e9c7d25000 Uncommon trap: reason=unstable_if action=reinterpret pc=0x000001e9ad6815b8 method=java.io.ObjectOutputStream.writeOrdinaryObject(Ljava/lang/Object;Ljava/io/ObjectStreamClass;Z)V @ 113 c2
Event: 60.375 Thread 0x000001e9c7d25000 DEOPT PACKING pc=0x000001e9ad6815b8 sp=0x000000700e0fd680
Event: 60.375 Thread 0x000001e9c7d25000 DEOPT UNPACKING pc=0x000001e9a54483af sp=0x000000700e0fd680 mode 2
Event: 60.380 Thread 0x000001e9bed88800 Uncommon trap: trap_request=0xffffffc6 fr.pc=0x000001e9ad01d878 relative=0x0000000000000218
Event: 60.380 Thread 0x000001e9bed88800 Uncommon trap: reason=bimorphic_or_optimized_type_check action=maybe_recompile pc=0x000001e9ad01d878 method=com.google.common.base.CharMatcher.indexIn(Ljava/lang/CharSequence;I)I @ 31 c2
Event: 60.380 Thread 0x000001e9bed88800 DEOPT PACKING pc=0x000001e9ad01d878 sp=0x000000700dff87e0
Event: 60.380 Thread 0x000001e9bed88800 DEOPT UNPACKING pc=0x000001e9a54483af sp=0x000000700dff8788 mode 2

Classes redefined (0 events):
No events

Internal exceptions (20 events):
Event: 18.874 Thread 0x000001e9c7d26800 Exception <a 'java/lang/NoSuchMethodError'{0x0000000087246368}: 'void java.lang.invoke.DirectMethodHandle$Holder.invokeStatic(java.lang.Object, java.lang.Object, java.lang.Object, java.lang.Object, java.lang.Object, java.lang.Object, java.lang.Object, java.lang.Object)'> (0x0000000087246368) thrown at [./src/hotspot/share/interpreter/linkResolver.cpp, line 773]
Event: 18.982 Thread 0x000001e9c7d26800 Exception <a 'java/lang/IncompatibleClassChangeError'{0x000000008b634908}: Found class java.lang.Object, but interface was expected> (0x000000008b634908) thrown at [./src/hotspot/share/interpreter/linkResolver.cpp, line 839]
Event: 19.065 Thread 0x000001e9c7d26800 Exception <a 'java/lang/NoSuchMethodError'{0x000000008b5fbfe0}: 'void java.lang.invoke.DirectMethodHandle$Holder.invokeVirtual(java.lang.Object, java.lang.Object, int)'> (0x000000008b5fbfe0) thrown at [./src/hotspot/share/interpreter/linkResolver.cpp, line 773]
Event: 19.126 Thread 0x000001e9c7d26800 Exception <a 'sun/nio/fs/WindowsException'{0x000000008b47b498}> (0x000000008b47b498) thrown at [./src/hotspot/share/prims/jni.cpp, line 615]
Event: 19.145 Thread 0x000001e9c7d26800 Exception <a 'sun/nio/fs/WindowsException'{0x000000008b4de5e8}> (0x000000008b4de5e8) thrown at [./src/hotspot/share/prims/jni.cpp, line 615]
Event: 19.270 Thread 0x000001e9c48f5800 Exception <a 'java/lang/NoSuchMethodError'{0x000000008b104440}: <clinit>> (0x000000008b104440) thrown at [./src/hotspot/share/prims/jni.cpp, line 1362]
Event: 19.415 Thread 0x000001e9c7d25000 Exception <a 'sun/nio/fs/WindowsException'{0x000000008aa6ba88}> (0x000000008aa6ba88) thrown at [./src/hotspot/share/prims/jni.cpp, line 615]
Event: 19.839 Thread 0x000001e9c7d25000 Exception <a 'sun/nio/fs/WindowsException'{0x000000008a58b020}> (0x000000008a58b020) thrown at [./src/hotspot/share/prims/jni.cpp, line 615]
Event: 20.664 Thread 0x000001e9c48f5800 Exception <a 'java/lang/NoSuchMethodError'{0x000000008b37ee28}: <clinit>> (0x000000008b37ee28) thrown at [./src/hotspot/share/prims/jni.cpp, line 1362]
Event: 20.666 Thread 0x000001e9c48f5800 Exception <a 'java/lang/NoSuchMethodError'{0x000000008b391ad8}: <clinit>> (0x000000008b391ad8) thrown at [./src/hotspot/share/prims/jni.cpp, line 1362]
Event: 20.797 Thread 0x000001e9c7d27800 Exception <a 'sun/nio/fs/WindowsException'{0x000000008ad4f270}> (0x000000008ad4f270) thrown at [./src/hotspot/share/prims/jni.cpp, line 615]
Event: 20.807 Thread 0x000001e9c7d27800 Implicit null exception at 0x000001e9ad041b84 to 0x000001e9ad045650
Event: 20.958 Thread 0x000001e9c7d27800 Exception <a 'java/lang/NoSuchMethodError'{0x000000008a96a408}: 'java.lang.Object java.lang.invoke.DirectMethodHandle$Holder.invokeStatic(java.lang.Object, java.lang.Object, java.lang.Object, java.lang.Object, java.lang.Object, int, java.lang.Object)'> (0x000000008a96a408) thrown at [./src/hotspot/share/interpreter/linkResolver.cpp, line 773]
Event: 21.008 Thread 0x000001e9c7d27800 Exception <a 'java/lang/NoSuchMethodError'{0x000000008a56ae00}: 'java.lang.Object java.lang.invoke.DirectMethodHandle$Holder.invokeStatic(java.lang.Object, java.lang.Object, java.lang.Object, java.lang.Object, java.lang.Object, java.lang.Object, java.lang.Object, int)'> (0x000000008a56ae00) thrown at [./src/hotspot/share/interpreter/linkResolver.cpp, line 773]
Event: 21.009 Thread 0x000001e9c7d27800 Exception <a 'java/lang/NoSuchMethodError'{0x000000008a56f238}: 'java.lang.Object java.lang.invoke.DirectMethodHandle$Holder.invokeSpecial(java.lang.Object, java.lang.Object, java.lang.Object, java.lang.Object, java.lang.Object, java.lang.Object, java.lang.Object, java.lang.Object, int)'> (0x000000008a56f238) thrown at [./src/hotspot/share/interpreter/linkResolver.cpp, line 773]
Event: 21.009 Thread 0x000001e9c7d27800 Exception <a 'java/lang/NoSuchMethodError'{0x000000008a573270}: 'java.lang.Object java.lang.invoke.Invokers$Holder.linkToTargetMethod(java.lang.Object, java.lang.Object, java.lang.Object, java.lang.Object, java.lang.Object, java.lang.Object, int, java.lang.Object)'> (0x000000008a573270) thrown at [./src/hotspot/share/interpreter/linkResolver.cpp, line 773]
Event: 21.428 Thread 0x000001e9c7d27800 Implicit null exception at 0x000001e9ad302aeb to 0x000001e9ad302b0c
Event: 21.582 Thread 0x000001e9bed88800 Exception <a 'java/lang/NoSuchMethodError'{0x000000008969b520}: 'java.lang.Object java.lang.invoke.DirectMethodHandle$Holder.invokeSpecial(java.lang.Object, java.lang.Object, java.lang.Object, java.lang.Object, int, java.lang.Object, java.lang.Object)'> (0x000000008969b520) thrown at [./src/hotspot/share/interpreter/linkResolver.cpp, line 773]
Event: 21.962 Thread 0x000001e9bf770800 Implicit null exception at 0x000001e9acf434f4 to 0x000001e9acf43a08
Event: 21.962 Thread 0x000001e9bf770800 Implicit null exception at 0x000001e9ad2b1a94 to 0x000001e9ad2b20d8

Events (20 events):
Event: 60.143 loading class org/gradle/internal/watch/vfs/impl/WatchingVirtualFileSystem
Event: 60.143 loading class org/gradle/internal/watch/vfs/impl/WatchingVirtualFileSystem done
Event: 60.143 Executing VM operation: RevokeBias
Event: 60.143 Executing VM operation: RevokeBias done
Event: 60.151 Thread 0x000001e9c7d24000 Thread added: 0x000001e9c7d24000
Event: 60.153 Thread 0x000001e9c7d2a800 Thread added: 0x000001e9c7d2a800
Event: 60.156 Thread 0x000001e9c7d2b800 Thread added: 0x000001e9c7d2b800
Event: 60.164 Thread 0x000001e9c7d31000 Thread added: 0x000001e9c7d31000
Event: 60.170 Thread 0x000001e9bd34e000 Thread added: 0x000001e9bd34e000
Event: 60.184 Thread 0x000001e9c7d30800 Thread added: 0x000001e9c7d30800
Event: 60.335 Thread 0x000001e9c7d2c000 Thread added: 0x000001e9c7d2c000
Event: 60.335 Thread 0x000001e9c48f8000 Thread added: 0x000001e9c48f8000
Event: 60.335 Executing VM operation: RevokeBias
Event: 60.336 Executing VM operation: RevokeBias done
Event: 60.336 Thread 0x000001e9c48f6800 Thread added: 0x000001e9c48f6800
Event: 60.336 Thread 0x000001e9c48f7000 Thread added: 0x000001e9c48f7000
Event: 60.337 Thread 0x000001e9c48f4800 Thread added: 0x000001e9c48f4800
Event: 60.337 Thread 0x000001e9c48f5800 Thread added: 0x000001e9c48f5800
Event: 60.337 Thread 0x000001e9c48f8800 Thread added: 0x000001e9c48f8800
Event: 60.337 Thread 0x000001e9c48f3000 Thread added: 0x000001e9c48f3000


Dynamic libraries:
0x00007ff629fd0000 - 0x00007ff629fda000 	C:\Program Files\Android\Android Studio\jre\bin\java.exe
0x00007ffb91af0000 - 0x00007ffb91ce8000 	C:\Windows\SYSTEM32\ntdll.dll
0x00007ffb91890000 - 0x00007ffb9194f000 	C:\Windows\System32\KERNEL32.DLL
0x00007ffb8f520000 - 0x00007ffb8f816000 	C:\Windows\System32\KERNELBASE.dll
0x00007ffb8f880000 - 0x00007ffb8f980000 	C:\Windows\System32\ucrtbase.dll
0x00007ffb6a590000 - 0x00007ffb6a5a9000 	C:\Program Files\Android\Android Studio\jre\bin\jli.dll
0x00007ffb6a530000 - 0x00007ffb6a547000 	C:\Program Files\Android\Android Studio\jre\bin\VCRUNTIME140.dll
0x00007ffb799f0000 - 0x00007ffb79c8a000 	C:\Windows\WinSxS\amd64_microsoft.windows.common-controls_6595b64144ccf1df_6.0.19041.1110_none_60b5254171f9507e\COMCTL32.dll
0x00007ffb90ed0000 - 0x00007ffb9106d000 	C:\Windows\System32\USER32.dll
0x00007ffb8f850000 - 0x00007ffb8f872000 	C:\Windows\System32\win32u.dll
0x00007ffb91950000 - 0x00007ffb919ee000 	C:\Windows\System32\msvcrt.dll
0x00007ffb90b20000 - 0x00007ffb90b4c000 	C:\Windows\System32\GDI32.dll
0x00007ffb8f220000 - 0x00007ffb8f335000 	C:\Windows\System32\gdi32full.dll
0x00007ffb8f3f0000 - 0x00007ffb8f48d000 	C:\Windows\System32\msvcp_win.dll
0x00007ffb91150000 - 0x00007ffb91180000 	C:\Windows\System32\IMM32.DLL
0x00007ffb55010000 - 0x00007ffb550ad000 	C:\Program Files\Android\Android Studio\jre\bin\msvcp140.dll
0x00007ffb4a210000 - 0x00007ffb4acdf000 	C:\Program Files\Android\Android Studio\jre\bin\server\jvm.dll
0x00007ffb90750000 - 0x00007ffb907ff000 	C:\Windows\System32\ADVAPI32.dll
0x00007ffb90800000 - 0x00007ffb9089c000 	C:\Windows\System32\sechost.dll
0x00007ffb90c80000 - 0x00007ffb90da6000 	C:\Windows\System32\RPCRT4.dll
0x00007ffb8fbb0000 - 0x00007ffb8fbb8000 	C:\Windows\System32\PSAPI.DLL
0x00007ffb8a680000 - 0x00007ffb8a689000 	C:\Windows\SYSTEM32\WSOCK32.dll
0x00007ffb5f170000 - 0x00007ffb5f197000 	C:\Windows\SYSTEM32\WINMM.dll
0x00007ffb85d20000 - 0x00007ffb85d2a000 	C:\Windows\SYSTEM32\VERSION.dll
0x00007ffb90e60000 - 0x00007ffb90ecb000 	C:\Windows\System32\ws2_32.DLL
0x00007ffb8da00000 - 0x00007ffb8da12000 	C:\Windows\SYSTEM32\kernel.appcore.dll
0x00007ffb884e0000 - 0x00007ffb884f1000 	C:\Program Files\Android\Android Studio\jre\bin\verify.dll
0x00007ffb8cf30000 - 0x00007ffb8d114000 	C:\Windows\SYSTEM32\DBGHELP.DLL
0x00007ffb703e0000 - 0x00007ffb70414000 	C:\Windows\SYSTEM32\dbgcore.DLL
0x00007ffb8f490000 - 0x00007ffb8f512000 	C:\Windows\System32\bcryptPrimitives.dll
0x00007ffb88360000 - 0x00007ffb88389000 	C:\Program Files\Android\Android Studio\jre\bin\java.dll
0x00007ffb8a460000 - 0x00007ffb8a46b000 	C:\Program Files\Android\Android Studio\jre\bin\jimage.dll
0x00007ffb881b0000 - 0x00007ffb881c8000 	C:\Program Files\Android\Android Studio\jre\bin\zip.dll
0x00007ffb8fca0000 - 0x00007ffb903e4000 	C:\Windows\System32\SHELL32.dll
0x00007ffb8d250000 - 0x00007ffb8d9e3000 	C:\Windows\SYSTEM32\windows.storage.dll
0x00007ffb903f0000 - 0x00007ffb90744000 	C:\Windows\System32\combase.dll
0x00007ffb8eba0000 - 0x00007ffb8ebce000 	C:\Windows\SYSTEM32\Wldp.dll
0x00007ffb90db0000 - 0x00007ffb90e5d000 	C:\Windows\System32\SHCORE.dll
0x00007ffb91a50000 - 0x00007ffb91aa5000 	C:\Windows\System32\shlwapi.dll
0x00007ffb8f100000 - 0x00007ffb8f125000 	C:\Windows\SYSTEM32\profapi.dll
0x00007ffb88190000 - 0x00007ffb881aa000 	C:\Program Files\Android\Android Studio\jre\bin\net.dll
0x00007ffb89470000 - 0x00007ffb8957a000 	C:\Windows\SYSTEM32\WINHTTP.dll
0x00007ffb8e8f0000 - 0x00007ffb8e95a000 	C:\Windows\system32\mswsock.dll
0x00007ffb88120000 - 0x00007ffb88134000 	C:\Program Files\Android\Android Studio\jre\bin\nio.dll
0x00007ffb69df0000 - 0x00007ffb69e17000 	C:\Users\Acer\.gradle\native\8bec1ad78214c89d9ad589b4d07fe93259594b29d510b10fafb7a158f7737e5d\windows-amd64\native-platform.dll
0x00007ffb428e0000 - 0x00007ffb42a1d000 	C:\Users\Acer\.gradle\native\53dbd7edfb1c66fb8903c78663c9afc45aea4f116125fa6feffd364cf09443e8\windows-amd64\native-platform-file-events.dll
0x00007ffb8a3c0000 - 0x00007ffb8a3ca000 	C:\Program Files\Android\Android Studio\jre\bin\management.dll
0x00007ffb88550000 - 0x00007ffb8855c000 	C:\Program Files\Android\Android Studio\jre\bin\management_ext.dll
0x00007ffb8eae0000 - 0x00007ffb8eaf8000 	C:\Windows\SYSTEM32\CRYPTSP.dll
0x00007ffb8e1b0000 - 0x00007ffb8e1e4000 	C:\Windows\system32\rsaenh.dll
0x00007ffb8f820000 - 0x00007ffb8f847000 	C:\Windows\System32\bcrypt.dll
0x00007ffb8f0c0000 - 0x00007ffb8f0ee000 	C:\Windows\SYSTEM32\USERENV.dll
0x00007ffb8eb90000 - 0x00007ffb8eb9c000 	C:\Windows\SYSTEM32\CRYPTBASE.dll
0x00007ffb8e590000 - 0x00007ffb8e5cb000 	C:\Windows\SYSTEM32\IPHLPAPI.DLL
0x00007ffb8fbc0000 - 0x00007ffb8fbc8000 	C:\Windows\System32\NSI.dll
0x00007ffb835d0000 - 0x00007ffb835e7000 	C:\Windows\SYSTEM32\dhcpcsvc6.DLL
0x00007ffb85ad0000 - 0x00007ffb85aed000 	C:\Windows\SYSTEM32\dhcpcsvc.DLL
0x00007ffb8e5d0000 - 0x00007ffb8e69a000 	C:\Windows\SYSTEM32\DNSAPI.dll
0x00007ffb78ef0000 - 0x00007ffb78f17000 	C:\Program Files\Android\Android Studio\jre\bin\sunec.dll

dbghelp: loaded successfully - version: 4.0.5 - missing functions: none
symbol engine: initialized successfully - sym options: 0x614 - pdb path: .;C:\Program Files\Android\Android Studio\jre\bin;C:\Windows\SYSTEM32;C:\Windows\WinSxS\amd64_microsoft.windows.common-controls_6595b64144ccf1df_6.0.19041.1110_none_60b5254171f9507e;C:\Program Files\Android\Android Studio\jre\bin\server;C:\Users\Acer\.gradle\native\8bec1ad78214c89d9ad589b4d07fe93259594b29d510b10fafb7a158f7737e5d\windows-amd64;C:\Users\Acer\.gradle\native\53dbd7edfb1c66fb8903c78663c9afc45aea4f116125fa6feffd364cf09443e8\windows-amd64

VM Arguments:
jvm_args: --add-opens=java.base/java.util=ALL-UNNAMED --add-opens=java.base/java.lang=ALL-UNNAMED --add-opens=java.base/java.lang.invoke=ALL-UNNAMED --add-opens=java.base/java.util=ALL-UNNAMED --add-opens=java.prefs/java.util.prefs=ALL-UNNAMED --add-opens=java.prefs/java.util.prefs=ALL-UNNAMED --add-opens=java.base/java.nio.charset=ALL-UNNAMED --add-opens=java.base/java.net=ALL-UNNAMED --add-opens=java.base/java.util.concurrent.atomic=ALL-UNNAMED -Xmx2048m -Dfile.encoding=UTF-8 -Duser.country=US -Duser.language=en -Duser.variant 
java_command: org.gradle.launcher.daemon.bootstrap.GradleDaemon 7.0.2
java_class_path (initial): C:\Users\Acer\.gradle\wrapper\dists\gradle-7.0.2-bin\857tjihv64xamwrf0h14cai3r\gradle-7.0.2\lib\gradle-launcher-7.0.2.jar
Launcher Type: SUN_STANDARD

[Global flags]
     intx CICompilerCount                          = 4                                         {product} {ergonomic}
     uint ConcGCThreads                            = 2                                         {product} {ergonomic}
     uint G1ConcRefinementThreads                  = 8                                         {product} {ergonomic}
   size_t G1HeapRegionSize                         = 1048576                                   {product} {ergonomic}
    uintx GCDrainStackTargetSize                   = 64                                        {product} {ergonomic}
   size_t InitialHeapSize                          = 132120576                                 {product} {ergonomic}
   size_t MarkStackSize                            = 4194304                                   {product} {ergonomic}
   size_t MaxHeapSize                              = 2147483648                                {product} {command line}
   size_t MaxNewSize                               = 1287651328                                {product} {ergonomic}
   size_t MinHeapDeltaBytes                        = 1048576                                   {product} {ergonomic}
    uintx NonNMethodCodeHeapSize                   = 5836300                                {pd product} {ergonomic}
    uintx NonProfiledCodeHeapSize                  = 122910970                              {pd product} {ergonomic}
    uintx ProfiledCodeHeapSize                     = 122910970                              {pd product} {ergonomic}
    uintx ReservedCodeCacheSize                    = 251658240                              {pd product} {ergonomic}
     bool SegmentedCodeCache                       = true                                      {product} {ergonomic}
     bool UseCompressedClassPointers               = true                                 {lp64_product} {ergonomic}
     bool UseCompressedOops                        = true                                 {lp64_product} {ergonomic}
     bool UseG1GC                                  = true                                      {product} {ergonomic}
     bool UseLargePagesIndividualAllocation        = false                                  {pd product} {ergonomic}

Logging:
Log output configuration:
 #0: stdout all=warning uptime,level,tags
 #1: stderr all=off uptime,level,tags

Environment Variables:
PATH=C:\Program Files (x86)\Common Files\Oracle\Java\javapath;C:\Windows\system32;C:\Windows;C:\Windows\System32\Wbem;C:\Windows\System32\WindowsPowerShell\v1.0\;C:\Windows\System32\OpenSSH\;C:\Program Files\Git\cmd;C:\Users\Acer\AppData\Local\Programs\Python\Python311\Scripts;C:\Users\Acer\AppData\Local\Programs\Microsoft VS Code\bin;C:\Users\Acer\AppData\Local\GitHubDesktop\bin
USERNAME=Acer
OS=Windows_NT
PROCESSOR_IDENTIFIER=Intel64 Family 6 Model 126 Stepping 5, GenuineIntel



---------------  S Y S T E M  ---------------

OS: Windows 10 , 64 bit Build 19041 (10.0.19041.3155)
OS uptime: 0 days 4:46 hours

CPU:total 8 (initial active 8) (4 cores per cpu, 2 threads per core) family 6 model 126 stepping 5 microcode 0x96, cmov, cx8, fxsr, mmx, sse, sse2, sse3, ssse3, sse4.1, sse4.2, popcnt, avx, avx2, aes, clmul, erms, 3dnowpref, lzcnt, ht, tsc, tscinvbit, bmi1, bmi2, adx, evex, sha, fma

Memory: 4k page, system-wide physical 7963M (538M free)
TotalPageFile size 9963M (AvailPageFile size 2M)
current process WorkingSet (physical memory assigned to process): 459M, peak: 478M
current process commit charge ("private bytes"): 501M, peak: 512M

vm_info: OpenJDK 64-Bit Server VM (11.0.10+0-b96-7249189) for windows-amd64 JRE (11.0.10+0-b96-7249189), built on Mar 31 2021 21:44:00 by "builder" with MS VC++ 14.0 (VS2015)

END.
